[INFO] Error stacktraces are turned on.
[INFO] Scanning for projects...
achou:/home/mopuser/workspace/loadLibrary.csv
Modifying surefire to add Siesta-MOP...
=====Version:: 3.2.2
=====Version:: [default-test]
[INFO] 
[INFO] -------------------< com.greplin.interval:interval >--------------------
[INFO] Building interval 1.0-SNAPSHOT
[INFO]   from pom.xml
[INFO] --------------------------------[ jar ]---------------------------------
[INFO] 
[INFO] --- resources:3.3.1:resources (default-resources) @ interval ---
[INFO] skip non existing resourceDirectory /home/mopuser/workspace/lucene-interval-fields/src/main/resources
[INFO] 
[INFO] --- compiler:2.0.2:compile (default-compile) @ interval ---
[INFO] Nothing to compile - all classes are up to date
[INFO] 
[INFO] --- resources:3.3.1:testResources (default-testResources) @ interval ---
[INFO] skip non existing resourceDirectory /home/mopuser/workspace/lucene-interval-fields/src/test/resources
[INFO] 
[INFO] --- compiler:2.0.2:testCompile (default-testCompile) @ interval ---
[INFO] Nothing to compile - all classes are up to date
[INFO] 
[INFO] --- surefire:3.2.2:test (default-test) @ interval ---
[INFO] Surefire report directory: /home/mopuser/workspace/lucene-interval-fields/target/surefire-reports
[INFO] Using auto detected provider org.apache.maven.surefire.junit4.JUnit4Provider
[INFO] 
[INFO] -------------------------------------------------------
[INFO]  T E S T S
[INFO] -------------------------------------------------------
[INFO] Running com.greplin.interval.NumericIntervalFieldTest
[INFO] Tests run: 1, Failures: 0, Errors: 0, Skipped: 0, Time elapsed: 0.302 s -- in com.greplin.interval.NumericIntervalFieldTest
[INFO] Running com.greplin.interval.InNumericIntervalQueryTest
[Siesta] Specification Collection_StandardConstructors has been violated on line [org.apache.lucene.util.MapBackedSet.<clinit>(MapBackedSet.java:1), org.apache.lucene.index.IndexWriter.<init>(IndexWriter.java:468), com.greplin.interval.BaseIntervalQueryTest.setUp(BaseIntervalQueryTest.java:51), sun.reflect.NativeMethodAccessorImpl.invoke0(Native Method), sun.reflect.NativeMethodAccessorImpl.invoke(NativeMethodAccessorImpl.java:62), sun.reflect.DelegatingMethodAccessorImpl.invoke(DelegatingMethodAccessorImpl.java:43), java.lang.reflect.Method.invoke(Method.java:498), org.junit.runners.model.FrameworkMethod$1.runReflectiveCall(FrameworkMethod.java:47), org.junit.internal.runners.model.ReflectiveCallable.run(ReflectiveCallable.java:12), org.junit.runners.model.FrameworkMethod.invokeExplosively(FrameworkMethod.java:44), org.junit.internal.runners.statements.RunBefores.evaluate(RunBefores.java:24), org.junit.runners.ParentRunner.runLeaf(ParentRunner.java:271), org.junit.runners.BlockJUnit4ClassRunner.runChild(BlockJUnit4ClassRunner.java:70), org.junit.runners.BlockJUnit4ClassRunner.runChild(BlockJUnit4ClassRunner.java:50), org.junit.runners.ParentRunner$3.run(ParentRunner.java:238), org.junit.runners.ParentRunner$1.schedule(ParentRunner.java:63), org.junit.runners.ParentRunner.runChildren(ParentRunner.java:236), org.junit.runners.ParentRunner.access$000(ParentRunner.java:53), org.junit.runners.ParentRunner$2.evaluate(ParentRunner.java:229), org.junit.runners.ParentRunner.run(ParentRunner.java:309), org.apache.maven.surefire.junit4.JUnit4Provider.execute(JUnit4Provider.java:316), org.apache.maven.surefire.junit4.JUnit4Provider.executeWithRerun(JUnit4Provider.java:240), org.apache.maven.surefire.junit4.JUnit4Provider.executeTestSet(JUnit4Provider.java:214), org.apache.maven.surefire.junit4.JUnit4Provider.invoke(JUnit4Provider.java:155), org.apache.maven.surefire.booter.ForkedBooter.runSuitesInProcess(ForkedBooter.java:385), org.apache.maven.surefire.booter.ForkedBooter.execute(ForkedBooter.java:162), org.apache.maven.surefire.booter.ForkedBooter.run(ForkedBooter.java:507), org.apache.maven.surefire.booter.ForkedBooter.main(ForkedBooter.java:495)]
org.apache.lucene.util.MapBackedSet does not define the 'standard' constructors.
[Siesta] Specification Collection_StandardConstructors has been violated on line [com.google.common.collect.ImmutableCollection.<clinit>(ImmutableCollection.java:45), com.greplin.interval.NumericIntervalField.<init>(NumericIntervalField.java:80), com.greplin.interval.NumericIntervalField.<init>(NumericIntervalField.java:55), com.greplin.interval.BaseIntervalQueryTest.addDocument(BaseIntervalQueryTest.java:61), com.greplin.interval.BaseIntervalQueryTest.addDocument(BaseIntervalQueryTest.java:55), com.greplin.interval.InNumericIntervalQueryTest.testEdge(InNumericIntervalQueryTest.java:54), sun.reflect.NativeMethodAccessorImpl.invoke0(Native Method), sun.reflect.NativeMethodAccessorImpl.invoke(NativeMethodAccessorImpl.java:62), sun.reflect.DelegatingMethodAccessorImpl.invoke(DelegatingMethodAccessorImpl.java:43), java.lang.reflect.Method.invoke(Method.java:498), org.junit.runners.model.FrameworkMethod$1.runReflectiveCall(FrameworkMethod.java:47), org.junit.internal.runners.model.ReflectiveCallable.run(ReflectiveCallable.java:12), org.junit.runners.model.FrameworkMethod.invokeExplosively(FrameworkMethod.java:44), org.junit.internal.runners.statements.InvokeMethod.evaluate(InvokeMethod.java:17), org.junit.internal.runners.statements.RunBefores.evaluate(RunBefores.java:26), org.junit.runners.ParentRunner.runLeaf(ParentRunner.java:271), org.junit.runners.BlockJUnit4ClassRunner.runChild(BlockJUnit4ClassRunner.java:70), org.junit.runners.BlockJUnit4ClassRunner.runChild(BlockJUnit4ClassRunner.java:50), org.junit.runners.ParentRunner$3.run(ParentRunner.java:238), org.junit.runners.ParentRunner$1.schedule(ParentRunner.java:63), org.junit.runners.ParentRunner.runChildren(ParentRunner.java:236), org.junit.runners.ParentRunner.access$000(ParentRunner.java:53), org.junit.runners.ParentRunner$2.evaluate(ParentRunner.java:229), org.junit.runners.ParentRunner.run(ParentRunner.java:309), org.apache.maven.surefire.junit4.JUnit4Provider.execute(JUnit4Provider.java:316), org.apache.maven.surefire.junit4.JUnit4Provider.executeWithRerun(JUnit4Provider.java:240), org.apache.maven.surefire.junit4.JUnit4Provider.executeTestSet(JUnit4Provider.java:214), org.apache.maven.surefire.junit4.JUnit4Provider.invoke(JUnit4Provider.java:155), org.apache.maven.surefire.booter.ForkedBooter.runSuitesInProcess(ForkedBooter.java:385), org.apache.maven.surefire.booter.ForkedBooter.execute(ForkedBooter.java:162), org.apache.maven.surefire.booter.ForkedBooter.run(ForkedBooter.java:507), org.apache.maven.surefire.booter.ForkedBooter.main(ForkedBooter.java:495)]
com.google.common.collect.ImmutableCollection does not define the 'standard' constructors.
[Siesta] Specification Collection_StandardConstructors has been violated on line [com.google.common.collect.ImmutableList.<clinit>(ImmutableList.java:1), com.greplin.interval.NumericIntervalField.<init>(NumericIntervalField.java:80), com.greplin.interval.NumericIntervalField.<init>(NumericIntervalField.java:55), com.greplin.interval.BaseIntervalQueryTest.addDocument(BaseIntervalQueryTest.java:61), com.greplin.interval.BaseIntervalQueryTest.addDocument(BaseIntervalQueryTest.java:55), com.greplin.interval.InNumericIntervalQueryTest.testEdge(InNumericIntervalQueryTest.java:54), sun.reflect.NativeMethodAccessorImpl.invoke0(Native Method), sun.reflect.NativeMethodAccessorImpl.invoke(NativeMethodAccessorImpl.java:62), sun.reflect.DelegatingMethodAccessorImpl.invoke(DelegatingMethodAccessorImpl.java:43), java.lang.reflect.Method.invoke(Method.java:498), org.junit.runners.model.FrameworkMethod$1.runReflectiveCall(FrameworkMethod.java:47), org.junit.internal.runners.model.ReflectiveCallable.run(ReflectiveCallable.java:12), org.junit.runners.model.FrameworkMethod.invokeExplosively(FrameworkMethod.java:44), org.junit.internal.runners.statements.InvokeMethod.evaluate(InvokeMethod.java:17), org.junit.internal.runners.statements.RunBefores.evaluate(RunBefores.java:26), org.junit.runners.ParentRunner.runLeaf(ParentRunner.java:271), org.junit.runners.BlockJUnit4ClassRunner.runChild(BlockJUnit4ClassRunner.java:70), org.junit.runners.BlockJUnit4ClassRunner.runChild(BlockJUnit4ClassRunner.java:50), org.junit.runners.ParentRunner$3.run(ParentRunner.java:238), org.junit.runners.ParentRunner$1.schedule(ParentRunner.java:63), org.junit.runners.ParentRunner.runChildren(ParentRunner.java:236), org.junit.runners.ParentRunner.access$000(ParentRunner.java:53), org.junit.runners.ParentRunner$2.evaluate(ParentRunner.java:229), org.junit.runners.ParentRunner.run(ParentRunner.java:309), org.apache.maven.surefire.junit4.JUnit4Provider.execute(JUnit4Provider.java:316), org.apache.maven.surefire.junit4.JUnit4Provider.executeWithRerun(JUnit4Provider.java:240), org.apache.maven.surefire.junit4.JUnit4Provider.executeTestSet(JUnit4Provider.java:214), org.apache.maven.surefire.junit4.JUnit4Provider.invoke(JUnit4Provider.java:155), org.apache.maven.surefire.booter.ForkedBooter.runSuitesInProcess(ForkedBooter.java:385), org.apache.maven.surefire.booter.ForkedBooter.execute(ForkedBooter.java:162), org.apache.maven.surefire.booter.ForkedBooter.run(ForkedBooter.java:507), org.apache.maven.surefire.booter.ForkedBooter.main(ForkedBooter.java:495)]
com.google.common.collect.ImmutableList does not define the 'standard' constructors.
[Siesta] Specification CollectionHashCode has been violated on line [com.google.common.collect.RegularImmutableList.<clinit>(RegularImmutableList.java:1), com.google.common.collect.ImmutableList$Builder.build(ImmutableList.java:752), com.greplin.interval.NumericIntervalField.<init>(NumericIntervalField.java:91), com.greplin.interval.NumericIntervalField.<init>(NumericIntervalField.java:55), com.greplin.interval.BaseIntervalQueryTest.addDocument(BaseIntervalQueryTest.java:61), com.greplin.interval.BaseIntervalQueryTest.addDocument(BaseIntervalQueryTest.java:55), com.greplin.interval.InNumericIntervalQueryTest.testEdge(InNumericIntervalQueryTest.java:54), sun.reflect.NativeMethodAccessorImpl.invoke0(Native Method), sun.reflect.NativeMethodAccessorImpl.invoke(NativeMethodAccessorImpl.java:62), sun.reflect.DelegatingMethodAccessorImpl.invoke(DelegatingMethodAccessorImpl.java:43), java.lang.reflect.Method.invoke(Method.java:498), org.junit.runners.model.FrameworkMethod$1.runReflectiveCall(FrameworkMethod.java:47), org.junit.internal.runners.model.ReflectiveCallable.run(ReflectiveCallable.java:12), org.junit.runners.model.FrameworkMethod.invokeExplosively(FrameworkMethod.java:44), org.junit.internal.runners.statements.InvokeMethod.evaluate(InvokeMethod.java:17), org.junit.internal.runners.statements.RunBefores.evaluate(RunBefores.java:26), org.junit.runners.ParentRunner.runLeaf(ParentRunner.java:271), org.junit.runners.BlockJUnit4ClassRunner.runChild(BlockJUnit4ClassRunner.java:70), org.junit.runners.BlockJUnit4ClassRunner.runChild(BlockJUnit4ClassRunner.java:50), org.junit.runners.ParentRunner$3.run(ParentRunner.java:238), org.junit.runners.ParentRunner$1.schedule(ParentRunner.java:63), org.junit.runners.ParentRunner.runChildren(ParentRunner.java:236), org.junit.runners.ParentRunner.access$000(ParentRunner.java:53), org.junit.runners.ParentRunner$2.evaluate(ParentRunner.java:229), org.junit.runners.ParentRunner.run(ParentRunner.java:309), org.apache.maven.surefire.junit4.JUnit4Provider.execute(JUnit4Provider.java:316), org.apache.maven.surefire.junit4.JUnit4Provider.executeWithRerun(JUnit4Provider.java:240), org.apache.maven.surefire.junit4.JUnit4Provider.executeTestSet(JUnit4Provider.java:214), org.apache.maven.surefire.junit4.JUnit4Provider.invoke(JUnit4Provider.java:155), org.apache.maven.surefire.booter.ForkedBooter.runSuitesInProcess(ForkedBooter.java:385), org.apache.maven.surefire.booter.ForkedBooter.execute(ForkedBooter.java:162), org.apache.maven.surefire.booter.ForkedBooter.run(ForkedBooter.java:507), org.apache.maven.surefire.booter.ForkedBooter.main(ForkedBooter.java:495)]
com.google.common.collect.RegularImmutableList overrides equals() but does not override hashCode().
[Siesta] Specification Collection_StandardConstructors has been violated on line [com.google.common.collect.RegularImmutableList.<clinit>(RegularImmutableList.java:1), com.google.common.collect.ImmutableList$Builder.build(ImmutableList.java:752), com.greplin.interval.NumericIntervalField.<init>(NumericIntervalField.java:91), com.greplin.interval.NumericIntervalField.<init>(NumericIntervalField.java:55), com.greplin.interval.BaseIntervalQueryTest.addDocument(BaseIntervalQueryTest.java:61), com.greplin.interval.BaseIntervalQueryTest.addDocument(BaseIntervalQueryTest.java:55), com.greplin.interval.InNumericIntervalQueryTest.testEdge(InNumericIntervalQueryTest.java:54), sun.reflect.NativeMethodAccessorImpl.invoke0(Native Method), sun.reflect.NativeMethodAccessorImpl.invoke(NativeMethodAccessorImpl.java:62), sun.reflect.DelegatingMethodAccessorImpl.invoke(DelegatingMethodAccessorImpl.java:43), java.lang.reflect.Method.invoke(Method.java:498), org.junit.runners.model.FrameworkMethod$1.runReflectiveCall(FrameworkMethod.java:47), org.junit.internal.runners.model.ReflectiveCallable.run(ReflectiveCallable.java:12), org.junit.runners.model.FrameworkMethod.invokeExplosively(FrameworkMethod.java:44), org.junit.internal.runners.statements.InvokeMethod.evaluate(InvokeMethod.java:17), org.junit.internal.runners.statements.RunBefores.evaluate(RunBefores.java:26), org.junit.runners.ParentRunner.runLeaf(ParentRunner.java:271), org.junit.runners.BlockJUnit4ClassRunner.runChild(BlockJUnit4ClassRunner.java:70), org.junit.runners.BlockJUnit4ClassRunner.runChild(BlockJUnit4ClassRunner.java:50), org.junit.runners.ParentRunner$3.run(ParentRunner.java:238), org.junit.runners.ParentRunner$1.schedule(ParentRunner.java:63), org.junit.runners.ParentRunner.runChildren(ParentRunner.java:236), org.junit.runners.ParentRunner.access$000(ParentRunner.java:53), org.junit.runners.ParentRunner$2.evaluate(ParentRunner.java:229), org.junit.runners.ParentRunner.run(ParentRunner.java:309), org.apache.maven.surefire.junit4.JUnit4Provider.execute(JUnit4Provider.java:316), org.apache.maven.surefire.junit4.JUnit4Provider.executeWithRerun(JUnit4Provider.java:240), org.apache.maven.surefire.junit4.JUnit4Provider.executeTestSet(JUnit4Provider.java:214), org.apache.maven.surefire.junit4.JUnit4Provider.invoke(JUnit4Provider.java:155), org.apache.maven.surefire.booter.ForkedBooter.runSuitesInProcess(ForkedBooter.java:385), org.apache.maven.surefire.booter.ForkedBooter.execute(ForkedBooter.java:162), org.apache.maven.surefire.booter.ForkedBooter.run(ForkedBooter.java:507), org.apache.maven.surefire.booter.ForkedBooter.main(ForkedBooter.java:495)]
com.google.common.collect.RegularImmutableList does not define the 'standard' constructors.
[Siesta] Specification Collection_StandardConstructors has been violated on line [com.google.common.collect.ImmutableSet.<clinit>(ImmutableSet.java:236), com.greplin.interval.BaseIntervalQueryTest.assertSearch(BaseIntervalQueryTest.java:71), com.greplin.interval.InNumericIntervalQueryTest.assertSearch(InNumericIntervalQueryTest.java:111), com.greplin.interval.InNumericIntervalQueryTest.testEdge(InNumericIntervalQueryTest.java:57), sun.reflect.NativeMethodAccessorImpl.invoke0(Native Method), sun.reflect.NativeMethodAccessorImpl.invoke(NativeMethodAccessorImpl.java:62), sun.reflect.DelegatingMethodAccessorImpl.invoke(DelegatingMethodAccessorImpl.java:43), java.lang.reflect.Method.invoke(Method.java:498), org.junit.runners.model.FrameworkMethod$1.runReflectiveCall(FrameworkMethod.java:47), org.junit.internal.runners.model.ReflectiveCallable.run(ReflectiveCallable.java:12), org.junit.runners.model.FrameworkMethod.invokeExplosively(FrameworkMethod.java:44), org.junit.internal.runners.statements.InvokeMethod.evaluate(InvokeMethod.java:17), org.junit.internal.runners.statements.RunBefores.evaluate(RunBefores.java:26), org.junit.runners.ParentRunner.runLeaf(ParentRunner.java:271), org.junit.runners.BlockJUnit4ClassRunner.runChild(BlockJUnit4ClassRunner.java:70), org.junit.runners.BlockJUnit4ClassRunner.runChild(BlockJUnit4ClassRunner.java:50), org.junit.runners.ParentRunner$3.run(ParentRunner.java:238), org.junit.runners.ParentRunner$1.schedule(ParentRunner.java:63), org.junit.runners.ParentRunner.runChildren(ParentRunner.java:236), org.junit.runners.ParentRunner.access$000(ParentRunner.java:53), org.junit.runners.ParentRunner$2.evaluate(ParentRunner.java:229), org.junit.runners.ParentRunner.run(ParentRunner.java:309), org.apache.maven.surefire.junit4.JUnit4Provider.execute(JUnit4Provider.java:316), org.apache.maven.surefire.junit4.JUnit4Provider.executeWithRerun(JUnit4Provider.java:240), org.apache.maven.surefire.junit4.JUnit4Provider.executeTestSet(JUnit4Provider.java:214), org.apache.maven.surefire.junit4.JUnit4Provider.invoke(JUnit4Provider.java:155), org.apache.maven.surefire.booter.ForkedBooter.runSuitesInProcess(ForkedBooter.java:385), org.apache.maven.surefire.booter.ForkedBooter.execute(ForkedBooter.java:162), org.apache.maven.surefire.booter.ForkedBooter.run(ForkedBooter.java:507), org.apache.maven.surefire.booter.ForkedBooter.main(ForkedBooter.java:495)]
com.google.common.collect.ImmutableSet does not define the 'standard' constructors.
[Siesta] Specification Collection_StandardConstructors has been violated on line [com.google.common.collect.EmptyImmutableSet.<clinit>(EmptyImmutableSet.java:33), com.google.common.collect.ImmutableSet.of(ImmutableSet.java:84), com.google.common.collect.ImmutableSet.copyOf(ImmutableSet.java:276), com.greplin.interval.BaseIntervalQueryTest.assertSearch(BaseIntervalQueryTest.java:71), com.greplin.interval.InNumericIntervalQueryTest.assertSearch(InNumericIntervalQueryTest.java:111), com.greplin.interval.InNumericIntervalQueryTest.testEdge(InNumericIntervalQueryTest.java:57), sun.reflect.NativeMethodAccessorImpl.invoke0(Native Method), sun.reflect.NativeMethodAccessorImpl.invoke(NativeMethodAccessorImpl.java:62), sun.reflect.DelegatingMethodAccessorImpl.invoke(DelegatingMethodAccessorImpl.java:43), java.lang.reflect.Method.invoke(Method.java:498), org.junit.runners.model.FrameworkMethod$1.runReflectiveCall(FrameworkMethod.java:47), org.junit.internal.runners.model.ReflectiveCallable.run(ReflectiveCallable.java:12), org.junit.runners.model.FrameworkMethod.invokeExplosively(FrameworkMethod.java:44), org.junit.internal.runners.statements.InvokeMethod.evaluate(InvokeMethod.java:17), org.junit.internal.runners.statements.RunBefores.evaluate(RunBefores.java:26), org.junit.runners.ParentRunner.runLeaf(ParentRunner.java:271), org.junit.runners.BlockJUnit4ClassRunner.runChild(BlockJUnit4ClassRunner.java:70), org.junit.runners.BlockJUnit4ClassRunner.runChild(BlockJUnit4ClassRunner.java:50), org.junit.runners.ParentRunner$3.run(ParentRunner.java:238), org.junit.runners.ParentRunner$1.schedule(ParentRunner.java:63), org.junit.runners.ParentRunner.runChildren(ParentRunner.java:236), org.junit.runners.ParentRunner.access$000(ParentRunner.java:53), org.junit.runners.ParentRunner$2.evaluate(ParentRunner.java:229), org.junit.runners.ParentRunner.run(ParentRunner.java:309), org.apache.maven.surefire.junit4.JUnit4Provider.execute(JUnit4Provider.java:316), org.apache.maven.surefire.junit4.JUnit4Provider.executeWithRerun(JUnit4Provider.java:240), org.apache.maven.surefire.junit4.JUnit4Provider.executeTestSet(JUnit4Provider.java:214), org.apache.maven.surefire.junit4.JUnit4Provider.invoke(JUnit4Provider.java:155), org.apache.maven.surefire.booter.ForkedBooter.runSuitesInProcess(ForkedBooter.java:385), org.apache.maven.surefire.booter.ForkedBooter.execute(ForkedBooter.java:162), org.apache.maven.surefire.booter.ForkedBooter.run(ForkedBooter.java:507), org.apache.maven.surefire.booter.ForkedBooter.main(ForkedBooter.java:495)]
com.google.common.collect.EmptyImmutableSet does not define the 'standard' constructors.
[Siesta] Specification Collection_StandardConstructors has been violated on line [com.google.common.collect.SingletonImmutableSet.<clinit>(SingletonImmutableSet.java:1), com.google.common.collect.ImmutableSet.of(ImmutableSet.java:94), com.google.common.collect.ImmutableSet.copyOf(ImmutableSet.java:278), com.greplin.interval.BaseIntervalQueryTest.assertSearch(BaseIntervalQueryTest.java:71), com.greplin.interval.InNumericIntervalQueryTest.assertSearch(InNumericIntervalQueryTest.java:111), com.greplin.interval.InNumericIntervalQueryTest.testEdge(InNumericIntervalQueryTest.java:61), sun.reflect.NativeMethodAccessorImpl.invoke0(Native Method), sun.reflect.NativeMethodAccessorImpl.invoke(NativeMethodAccessorImpl.java:62), sun.reflect.DelegatingMethodAccessorImpl.invoke(DelegatingMethodAccessorImpl.java:43), java.lang.reflect.Method.invoke(Method.java:498), org.junit.runners.model.FrameworkMethod$1.runReflectiveCall(FrameworkMethod.java:47), org.junit.internal.runners.model.ReflectiveCallable.run(ReflectiveCallable.java:12), org.junit.runners.model.FrameworkMethod.invokeExplosively(FrameworkMethod.java:44), org.junit.internal.runners.statements.InvokeMethod.evaluate(InvokeMethod.java:17), org.junit.internal.runners.statements.RunBefores.evaluate(RunBefores.java:26), org.junit.runners.ParentRunner.runLeaf(ParentRunner.java:271), org.junit.runners.BlockJUnit4ClassRunner.runChild(BlockJUnit4ClassRunner.java:70), org.junit.runners.BlockJUnit4ClassRunner.runChild(BlockJUnit4ClassRunner.java:50), org.junit.runners.ParentRunner$3.run(ParentRunner.java:238), org.junit.runners.ParentRunner$1.schedule(ParentRunner.java:63), org.junit.runners.ParentRunner.runChildren(ParentRunner.java:236), org.junit.runners.ParentRunner.access$000(ParentRunner.java:53), org.junit.runners.ParentRunner$2.evaluate(ParentRunner.java:229), org.junit.runners.ParentRunner.run(ParentRunner.java:309), org.apache.maven.surefire.junit4.JUnit4Provider.execute(JUnit4Provider.java:316), org.apache.maven.surefire.junit4.JUnit4Provider.executeWithRerun(JUnit4Provider.java:240), org.apache.maven.surefire.junit4.JUnit4Provider.executeTestSet(JUnit4Provider.java:214), org.apache.maven.surefire.junit4.JUnit4Provider.invoke(JUnit4Provider.java:155), org.apache.maven.surefire.booter.ForkedBooter.runSuitesInProcess(ForkedBooter.java:385), org.apache.maven.surefire.booter.ForkedBooter.execute(ForkedBooter.java:162), org.apache.maven.surefire.booter.ForkedBooter.run(ForkedBooter.java:507), org.apache.maven.surefire.booter.ForkedBooter.main(ForkedBooter.java:495)]
com.google.common.collect.SingletonImmutableSet does not define the 'standard' constructors.
[Siesta] Specification Collection_StandardConstructors has been violated on line [com.google.common.collect.ImmutableSet$ArrayImmutableSet.<clinit>(ImmutableSet.java:1), com.google.common.collect.ImmutableSet.construct(ImmutableSet.java:225), com.google.common.collect.ImmutableSet.copyOf(ImmutableSet.java:280), com.greplin.interval.BaseIntervalQueryTest.assertSearch(BaseIntervalQueryTest.java:71), com.greplin.interval.InNumericIntervalQueryTest.assertSearch(InNumericIntervalQueryTest.java:111), com.greplin.interval.InNumericIntervalQueryTest.testMultiple(InNumericIntervalQueryTest.java:101), sun.reflect.NativeMethodAccessorImpl.invoke0(Native Method), sun.reflect.NativeMethodAccessorImpl.invoke(NativeMethodAccessorImpl.java:62), sun.reflect.DelegatingMethodAccessorImpl.invoke(DelegatingMethodAccessorImpl.java:43), java.lang.reflect.Method.invoke(Method.java:498), org.junit.runners.model.FrameworkMethod$1.runReflectiveCall(FrameworkMethod.java:47), org.junit.internal.runners.model.ReflectiveCallable.run(ReflectiveCallable.java:12), org.junit.runners.model.FrameworkMethod.invokeExplosively(FrameworkMethod.java:44), org.junit.internal.runners.statements.InvokeMethod.evaluate(InvokeMethod.java:17), org.junit.internal.runners.statements.RunBefores.evaluate(RunBefores.java:26), org.junit.runners.ParentRunner.runLeaf(ParentRunner.java:271), org.junit.runners.BlockJUnit4ClassRunner.runChild(BlockJUnit4ClassRunner.java:70), org.junit.runners.BlockJUnit4ClassRunner.runChild(BlockJUnit4ClassRunner.java:50), org.junit.runners.ParentRunner$3.run(ParentRunner.java:238), org.junit.runners.ParentRunner$1.schedule(ParentRunner.java:63), org.junit.runners.ParentRunner.runChildren(ParentRunner.java:236), org.junit.runners.ParentRunner.access$000(ParentRunner.java:53), org.junit.runners.ParentRunner$2.evaluate(ParentRunner.java:229), org.junit.runners.ParentRunner.run(ParentRunner.java:309), org.apache.maven.surefire.junit4.JUnit4Provider.execute(JUnit4Provider.java:316), org.apache.maven.surefire.junit4.JUnit4Provider.executeWithRerun(JUnit4Provider.java:240), org.apache.maven.surefire.junit4.JUnit4Provider.executeTestSet(JUnit4Provider.java:214), org.apache.maven.surefire.junit4.JUnit4Provider.invoke(JUnit4Provider.java:155), org.apache.maven.surefire.booter.ForkedBooter.runSuitesInProcess(ForkedBooter.java:385), org.apache.maven.surefire.booter.ForkedBooter.execute(ForkedBooter.java:162), org.apache.maven.surefire.booter.ForkedBooter.run(ForkedBooter.java:507), org.apache.maven.surefire.booter.ForkedBooter.main(ForkedBooter.java:495)]
com.google.common.collect.ImmutableSet$ArrayImmutableSet does not define the 'standard' constructors.
[Siesta] Specification Collection_StandardConstructors has been violated on line [com.google.common.collect.RegularImmutableSet.<clinit>(RegularImmutableSet.java:1), com.google.common.collect.ImmutableSet.construct(ImmutableSet.java:225), com.google.common.collect.ImmutableSet.copyOf(ImmutableSet.java:280), com.greplin.interval.BaseIntervalQueryTest.assertSearch(BaseIntervalQueryTest.java:71), com.greplin.interval.InNumericIntervalQueryTest.assertSearch(InNumericIntervalQueryTest.java:111), com.greplin.interval.InNumericIntervalQueryTest.testMultiple(InNumericIntervalQueryTest.java:101), sun.reflect.NativeMethodAccessorImpl.invoke0(Native Method), sun.reflect.NativeMethodAccessorImpl.invoke(NativeMethodAccessorImpl.java:62), sun.reflect.DelegatingMethodAccessorImpl.invoke(DelegatingMethodAccessorImpl.java:43), java.lang.reflect.Method.invoke(Method.java:498), org.junit.runners.model.FrameworkMethod$1.runReflectiveCall(FrameworkMethod.java:47), org.junit.internal.runners.model.ReflectiveCallable.run(ReflectiveCallable.java:12), org.junit.runners.model.FrameworkMethod.invokeExplosively(FrameworkMethod.java:44), org.junit.internal.runners.statements.InvokeMethod.evaluate(InvokeMethod.java:17), org.junit.internal.runners.statements.RunBefores.evaluate(RunBefores.java:26), org.junit.runners.ParentRunner.runLeaf(ParentRunner.java:271), org.junit.runners.BlockJUnit4ClassRunner.runChild(BlockJUnit4ClassRunner.java:70), org.junit.runners.BlockJUnit4ClassRunner.runChild(BlockJUnit4ClassRunner.java:50), org.junit.runners.ParentRunner$3.run(ParentRunner.java:238), org.junit.runners.ParentRunner$1.schedule(ParentRunner.java:63), org.junit.runners.ParentRunner.runChildren(ParentRunner.java:236), org.junit.runners.ParentRunner.access$000(ParentRunner.java:53), org.junit.runners.ParentRunner$2.evaluate(ParentRunner.java:229), org.junit.runners.ParentRunner.run(ParentRunner.java:309), org.apache.maven.surefire.junit4.JUnit4Provider.execute(JUnit4Provider.java:316), org.apache.maven.surefire.junit4.JUnit4Provider.executeWithRerun(JUnit4Provider.java:240), org.apache.maven.surefire.junit4.JUnit4Provider.executeTestSet(JUnit4Provider.java:214), org.apache.maven.surefire.junit4.JUnit4Provider.invoke(JUnit4Provider.java:155), org.apache.maven.surefire.booter.ForkedBooter.runSuitesInProcess(ForkedBooter.java:385), org.apache.maven.surefire.booter.ForkedBooter.execute(ForkedBooter.java:162), org.apache.maven.surefire.booter.ForkedBooter.run(ForkedBooter.java:507), org.apache.maven.surefire.booter.ForkedBooter.main(ForkedBooter.java:495)]
com.google.common.collect.RegularImmutableSet does not define the 'standard' constructors.
[INFO] Tests run: 4, Failures: 0, Errors: 0, Skipped: 0, Time elapsed: 3.359 s -- in com.greplin.interval.InNumericIntervalQueryTest
[INFO] Running com.greplin.interval.LongIntervalTest
[INFO] Tests run: 2, Failures: 0, Errors: 0, Skipped: 0, Time elapsed: 0.003 s -- in com.greplin.interval.LongIntervalTest
[INFO] Running com.greplin.interval.NumericIntervalIntersectionQueryTest
[Siesta] Specification Collection_StandardConstructors has been violated on line [com.google.common.collect.SingletonImmutableList.<clinit>(SingletonImmutableList.java:1), com.google.common.collect.ImmutableList.of(ImmutableList.java:86), com.google.common.collect.ImmutableList$Builder.build(ImmutableList.java:746), com.greplin.interval.NumericIntervalField.<init>(NumericIntervalField.java:91), com.greplin.interval.NumericIntervalField.<init>(NumericIntervalField.java:55), com.greplin.interval.BaseIntervalQueryTest.addDocument(BaseIntervalQueryTest.java:61), com.greplin.interval.NumericIntervalIntersectionQueryTest.testLowPrecisionIntervals(NumericIntervalIntersectionQueryTest.java:70), sun.reflect.NativeMethodAccessorImpl.invoke0(Native Method), sun.reflect.NativeMethodAccessorImpl.invoke(NativeMethodAccessorImpl.java:62), sun.reflect.DelegatingMethodAccessorImpl.invoke(DelegatingMethodAccessorImpl.java:43), java.lang.reflect.Method.invoke(Method.java:498), org.junit.runners.model.FrameworkMethod$1.runReflectiveCall(FrameworkMethod.java:47), org.junit.internal.runners.model.ReflectiveCallable.run(ReflectiveCallable.java:12), org.junit.runners.model.FrameworkMethod.invokeExplosively(FrameworkMethod.java:44), org.junit.internal.runners.statements.InvokeMethod.evaluate(InvokeMethod.java:17), org.junit.internal.runners.statements.RunBefores.evaluate(RunBefores.java:26), org.junit.runners.ParentRunner.runLeaf(ParentRunner.java:271), org.junit.runners.BlockJUnit4ClassRunner.runChild(BlockJUnit4ClassRunner.java:70), org.junit.runners.BlockJUnit4ClassRunner.runChild(BlockJUnit4ClassRunner.java:50), org.junit.runners.ParentRunner$3.run(ParentRunner.java:238), org.junit.runners.ParentRunner$1.schedule(ParentRunner.java:63), org.junit.runners.ParentRunner.runChildren(ParentRunner.java:236), org.junit.runners.ParentRunner.access$000(ParentRunner.java:53), org.junit.runners.ParentRunner$2.evaluate(ParentRunner.java:229), org.junit.runners.ParentRunner.run(ParentRunner.java:309), org.apache.maven.surefire.junit4.JUnit4Provider.execute(JUnit4Provider.java:316), org.apache.maven.surefire.junit4.JUnit4Provider.executeWithRerun(JUnit4Provider.java:240), org.apache.maven.surefire.junit4.JUnit4Provider.executeTestSet(JUnit4Provider.java:214), org.apache.maven.surefire.junit4.JUnit4Provider.invoke(JUnit4Provider.java:155), org.apache.maven.surefire.booter.ForkedBooter.runSuitesInProcess(ForkedBooter.java:385), org.apache.maven.surefire.booter.ForkedBooter.execute(ForkedBooter.java:162), org.apache.maven.surefire.booter.ForkedBooter.run(ForkedBooter.java:507), org.apache.maven.surefire.booter.ForkedBooter.main(ForkedBooter.java:495)]
com.google.common.collect.SingletonImmutableList does not define the 'standard' constructors.
[INFO] Tests run: 2, Failures: 0, Errors: 0, Skipped: 0, Time elapsed: 0.800 s -- in com.greplin.interval.NumericIntervalIntersectionQueryTest
[INFO] Running com.greplin.interval.RegressionTest
[Siesta] Specification Comparable_CompareToNull has been violated on line [com.greplin.interval.RegressionTest0.test0012(RegressionTest0.java:186), sun.reflect.NativeMethodAccessorImpl.invoke0(Native Method), sun.reflect.NativeMethodAccessorImpl.invoke(NativeMethodAccessorImpl.java:62), sun.reflect.DelegatingMethodAccessorImpl.invoke(DelegatingMethodAccessorImpl.java:43), java.lang.reflect.Method.invoke(Method.java:498), org.junit.runners.model.FrameworkMethod$1.runReflectiveCall(FrameworkMethod.java:47), org.junit.internal.runners.model.ReflectiveCallable.run(ReflectiveCallable.java:12), org.junit.runners.model.FrameworkMethod.invokeExplosively(FrameworkMethod.java:44), org.junit.internal.runners.statements.InvokeMethod.evaluate(InvokeMethod.java:17), org.junit.runners.ParentRunner.runLeaf(ParentRunner.java:271), org.junit.runners.BlockJUnit4ClassRunner.runChild(BlockJUnit4ClassRunner.java:70), org.junit.runners.BlockJUnit4ClassRunner.runChild(BlockJUnit4ClassRunner.java:50), org.junit.runners.ParentRunner$3.run(ParentRunner.java:238), org.junit.runners.ParentRunner$1.schedule(ParentRunner.java:63), org.junit.runners.ParentRunner.runChildren(ParentRunner.java:236), org.junit.runners.ParentRunner.access$000(ParentRunner.java:53), org.junit.runners.ParentRunner$2.evaluate(ParentRunner.java:229), org.junit.runners.ParentRunner.run(ParentRunner.java:309), org.junit.runners.Suite.runChild(Suite.java:127), org.junit.runners.Suite.runChild(Suite.java:26), org.junit.runners.ParentRunner$3.run(ParentRunner.java:238), org.junit.runners.ParentRunner$1.schedule(ParentRunner.java:63), org.junit.runners.ParentRunner.runChildren(ParentRunner.java:236), org.junit.runners.ParentRunner.access$000(ParentRunner.java:53), org.junit.runners.ParentRunner$2.evaluate(ParentRunner.java:229), org.junit.runners.ParentRunner.run(ParentRunner.java:309), org.apache.maven.surefire.junit4.JUnit4Provider.execute(JUnit4Provider.java:316), org.apache.maven.surefire.junit4.JUnit4Provider.executeWithRerun(JUnit4Provider.java:240), org.apache.maven.surefire.junit4.JUnit4Provider.executeTestSet(JUnit4Provider.java:214), org.apache.maven.surefire.junit4.JUnit4Provider.invoke(JUnit4Provider.java:155), org.apache.maven.surefire.booter.ForkedBooter.runSuitesInProcess(ForkedBooter.java:385), org.apache.maven.surefire.booter.ForkedBooter.execute(ForkedBooter.java:162), org.apache.maven.surefire.booter.ForkedBooter.run(ForkedBooter.java:507), org.apache.maven.surefire.booter.ForkedBooter.main(ForkedBooter.java:495)]
[Siesta] Specification Comparable_CompareToNull has been violated on line [com.greplin.interval.RegressionTest0.test0133(RegressionTest0.java:2601), sun.reflect.NativeMethodAccessorImpl.invoke0(Native Method), sun.reflect.NativeMethodAccessorImpl.invoke(NativeMethodAccessorImpl.java:62), sun.reflect.DelegatingMethodAccessorImpl.invoke(DelegatingMethodAccessorImpl.java:43), java.lang.reflect.Method.invoke(Method.java:498), org.junit.runners.model.FrameworkMethod$1.runReflectiveCall(FrameworkMethod.java:47), org.junit.internal.runners.model.ReflectiveCallable.run(ReflectiveCallable.java:12), org.junit.runners.model.FrameworkMethod.invokeExplosively(FrameworkMethod.java:44), org.junit.internal.runners.statements.InvokeMethod.evaluate(InvokeMethod.java:17), org.junit.runners.ParentRunner.runLeaf(ParentRunner.java:271), org.junit.runners.BlockJUnit4ClassRunner.runChild(BlockJUnit4ClassRunner.java:70), org.junit.runners.BlockJUnit4ClassRunner.runChild(BlockJUnit4ClassRunner.java:50), org.junit.runners.ParentRunner$3.run(ParentRunner.java:238), org.junit.runners.ParentRunner$1.schedule(ParentRunner.java:63), org.junit.runners.ParentRunner.runChildren(ParentRunner.java:236), org.junit.runners.ParentRunner.access$000(ParentRunner.java:53), org.junit.runners.ParentRunner$2.evaluate(ParentRunner.java:229), org.junit.runners.ParentRunner.run(ParentRunner.java:309), org.junit.runners.Suite.runChild(Suite.java:127), org.junit.runners.Suite.runChild(Suite.java:26), org.junit.runners.ParentRunner$3.run(ParentRunner.java:238), org.junit.runners.ParentRunner$1.schedule(ParentRunner.java:63), org.junit.runners.ParentRunner.runChildren(ParentRunner.java:236), org.junit.runners.ParentRunner.access$000(ParentRunner.java:53), org.junit.runners.ParentRunner$2.evaluate(ParentRunner.java:229), org.junit.runners.ParentRunner.run(ParentRunner.java:309), org.apache.maven.surefire.junit4.JUnit4Provider.execute(JUnit4Provider.java:316), org.apache.maven.surefire.junit4.JUnit4Provider.executeWithRerun(JUnit4Provider.java:240), org.apache.maven.surefire.junit4.JUnit4Provider.executeTestSet(JUnit4Provider.java:214), org.apache.maven.surefire.junit4.JUnit4Provider.invoke(JUnit4Provider.java:155), org.apache.maven.surefire.booter.ForkedBooter.runSuitesInProcess(ForkedBooter.java:385), org.apache.maven.surefire.booter.ForkedBooter.execute(ForkedBooter.java:162), org.apache.maven.surefire.booter.ForkedBooter.run(ForkedBooter.java:507), org.apache.maven.surefire.booter.ForkedBooter.main(ForkedBooter.java:495)]
[Siesta] Specification Comparable_CompareToNull has been violated on line [com.greplin.interval.RegressionTest0.test0169(RegressionTest0.java:3411), sun.reflect.NativeMethodAccessorImpl.invoke0(Native Method), sun.reflect.NativeMethodAccessorImpl.invoke(NativeMethodAccessorImpl.java:62), sun.reflect.DelegatingMethodAccessorImpl.invoke(DelegatingMethodAccessorImpl.java:43), java.lang.reflect.Method.invoke(Method.java:498), org.junit.runners.model.FrameworkMethod$1.runReflectiveCall(FrameworkMethod.java:47), org.junit.internal.runners.model.ReflectiveCallable.run(ReflectiveCallable.java:12), org.junit.runners.model.FrameworkMethod.invokeExplosively(FrameworkMethod.java:44), org.junit.internal.runners.statements.InvokeMethod.evaluate(InvokeMethod.java:17), org.junit.runners.ParentRunner.runLeaf(ParentRunner.java:271), org.junit.runners.BlockJUnit4ClassRunner.runChild(BlockJUnit4ClassRunner.java:70), org.junit.runners.BlockJUnit4ClassRunner.runChild(BlockJUnit4ClassRunner.java:50), org.junit.runners.ParentRunner$3.run(ParentRunner.java:238), org.junit.runners.ParentRunner$1.schedule(ParentRunner.java:63), org.junit.runners.ParentRunner.runChildren(ParentRunner.java:236), org.junit.runners.ParentRunner.access$000(ParentRunner.java:53), org.junit.runners.ParentRunner$2.evaluate(ParentRunner.java:229), org.junit.runners.ParentRunner.run(ParentRunner.java:309), org.junit.runners.Suite.runChild(Suite.java:127), org.junit.runners.Suite.runChild(Suite.java:26), org.junit.runners.ParentRunner$3.run(ParentRunner.java:238), org.junit.runners.ParentRunner$1.schedule(ParentRunner.java:63), org.junit.runners.ParentRunner.runChildren(ParentRunner.java:236), org.junit.runners.ParentRunner.access$000(ParentRunner.java:53), org.junit.runners.ParentRunner$2.evaluate(ParentRunner.java:229), org.junit.runners.ParentRunner.run(ParentRunner.java:309), org.apache.maven.surefire.junit4.JUnit4Provider.execute(JUnit4Provider.java:316), org.apache.maven.surefire.junit4.JUnit4Provider.executeWithRerun(JUnit4Provider.java:240), org.apache.maven.surefire.junit4.JUnit4Provider.executeTestSet(JUnit4Provider.java:214), org.apache.maven.surefire.junit4.JUnit4Provider.invoke(JUnit4Provider.java:155), org.apache.maven.surefire.booter.ForkedBooter.runSuitesInProcess(ForkedBooter.java:385), org.apache.maven.surefire.booter.ForkedBooter.execute(ForkedBooter.java:162), org.apache.maven.surefire.booter.ForkedBooter.run(ForkedBooter.java:507), org.apache.maven.surefire.booter.ForkedBooter.main(ForkedBooter.java:495)]
[Siesta] Specification Comparable_CompareToNull has been violated on line [com.greplin.interval.RegressionTest0.test0170(RegressionTest0.java:3451), sun.reflect.NativeMethodAccessorImpl.invoke0(Native Method), sun.reflect.NativeMethodAccessorImpl.invoke(NativeMethodAccessorImpl.java:62), sun.reflect.DelegatingMethodAccessorImpl.invoke(DelegatingMethodAccessorImpl.java:43), java.lang.reflect.Method.invoke(Method.java:498), org.junit.runners.model.FrameworkMethod$1.runReflectiveCall(FrameworkMethod.java:47), org.junit.internal.runners.model.ReflectiveCallable.run(ReflectiveCallable.java:12), org.junit.runners.model.FrameworkMethod.invokeExplosively(FrameworkMethod.java:44), org.junit.internal.runners.statements.InvokeMethod.evaluate(InvokeMethod.java:17), org.junit.runners.ParentRunner.runLeaf(ParentRunner.java:271), org.junit.runners.BlockJUnit4ClassRunner.runChild(BlockJUnit4ClassRunner.java:70), org.junit.runners.BlockJUnit4ClassRunner.runChild(BlockJUnit4ClassRunner.java:50), org.junit.runners.ParentRunner$3.run(ParentRunner.java:238), org.junit.runners.ParentRunner$1.schedule(ParentRunner.java:63), org.junit.runners.ParentRunner.runChildren(ParentRunner.java:236), org.junit.runners.ParentRunner.access$000(ParentRunner.java:53), org.junit.runners.ParentRunner$2.evaluate(ParentRunner.java:229), org.junit.runners.ParentRunner.run(ParentRunner.java:309), org.junit.runners.Suite.runChild(Suite.java:127), org.junit.runners.Suite.runChild(Suite.java:26), org.junit.runners.ParentRunner$3.run(ParentRunner.java:238), org.junit.runners.ParentRunner$1.schedule(ParentRunner.java:63), org.junit.runners.ParentRunner.runChildren(ParentRunner.java:236), org.junit.runners.ParentRunner.access$000(ParentRunner.java:53), org.junit.runners.ParentRunner$2.evaluate(ParentRunner.java:229), org.junit.runners.ParentRunner.run(ParentRunner.java:309), org.apache.maven.surefire.junit4.JUnit4Provider.execute(JUnit4Provider.java:316), org.apache.maven.surefire.junit4.JUnit4Provider.executeWithRerun(JUnit4Provider.java:240), org.apache.maven.surefire.junit4.JUnit4Provider.executeTestSet(JUnit4Provider.java:214), org.apache.maven.surefire.junit4.JUnit4Provider.invoke(JUnit4Provider.java:155), org.apache.maven.surefire.booter.ForkedBooter.runSuitesInProcess(ForkedBooter.java:385), org.apache.maven.surefire.booter.ForkedBooter.execute(ForkedBooter.java:162), org.apache.maven.surefire.booter.ForkedBooter.run(ForkedBooter.java:507), org.apache.maven.surefire.booter.ForkedBooter.main(ForkedBooter.java:495)]
[Siesta] Specification Comparable_CompareToNull has been violated on line [com.greplin.interval.RegressionTest0.test0296(RegressionTest0.java:5944), sun.reflect.NativeMethodAccessorImpl.invoke0(Native Method), sun.reflect.NativeMethodAccessorImpl.invoke(NativeMethodAccessorImpl.java:62), sun.reflect.DelegatingMethodAccessorImpl.invoke(DelegatingMethodAccessorImpl.java:43), java.lang.reflect.Method.invoke(Method.java:498), org.junit.runners.model.FrameworkMethod$1.runReflectiveCall(FrameworkMethod.java:47), org.junit.internal.runners.model.ReflectiveCallable.run(ReflectiveCallable.java:12), org.junit.runners.model.FrameworkMethod.invokeExplosively(FrameworkMethod.java:44), org.junit.internal.runners.statements.InvokeMethod.evaluate(InvokeMethod.java:17), org.junit.runners.ParentRunner.runLeaf(ParentRunner.java:271), org.junit.runners.BlockJUnit4ClassRunner.runChild(BlockJUnit4ClassRunner.java:70), org.junit.runners.BlockJUnit4ClassRunner.runChild(BlockJUnit4ClassRunner.java:50), org.junit.runners.ParentRunner$3.run(ParentRunner.java:238), org.junit.runners.ParentRunner$1.schedule(ParentRunner.java:63), org.junit.runners.ParentRunner.runChildren(ParentRunner.java:236), org.junit.runners.ParentRunner.access$000(ParentRunner.java:53), org.junit.runners.ParentRunner$2.evaluate(ParentRunner.java:229), org.junit.runners.ParentRunner.run(ParentRunner.java:309), org.junit.runners.Suite.runChild(Suite.java:127), org.junit.runners.Suite.runChild(Suite.java:26), org.junit.runners.ParentRunner$3.run(ParentRunner.java:238), org.junit.runners.ParentRunner$1.schedule(ParentRunner.java:63), org.junit.runners.ParentRunner.runChildren(ParentRunner.java:236), org.junit.runners.ParentRunner.access$000(ParentRunner.java:53), org.junit.runners.ParentRunner$2.evaluate(ParentRunner.java:229), org.junit.runners.ParentRunner.run(ParentRunner.java:309), org.apache.maven.surefire.junit4.JUnit4Provider.execute(JUnit4Provider.java:316), org.apache.maven.surefire.junit4.JUnit4Provider.executeWithRerun(JUnit4Provider.java:240), org.apache.maven.surefire.junit4.JUnit4Provider.executeTestSet(JUnit4Provider.java:214), org.apache.maven.surefire.junit4.JUnit4Provider.invoke(JUnit4Provider.java:155), org.apache.maven.surefire.booter.ForkedBooter.runSuitesInProcess(ForkedBooter.java:385), org.apache.maven.surefire.booter.ForkedBooter.execute(ForkedBooter.java:162), org.apache.maven.surefire.booter.ForkedBooter.run(ForkedBooter.java:507), org.apache.maven.surefire.booter.ForkedBooter.main(ForkedBooter.java:495)]
[Siesta] Specification Comparable_CompareToNull has been violated on line [com.greplin.interval.RegressionTest0.test0356(RegressionTest0.java:7226), sun.reflect.NativeMethodAccessorImpl.invoke0(Native Method), sun.reflect.NativeMethodAccessorImpl.invoke(NativeMethodAccessorImpl.java:62), sun.reflect.DelegatingMethodAccessorImpl.invoke(DelegatingMethodAccessorImpl.java:43), java.lang.reflect.Method.invoke(Method.java:498), org.junit.runners.model.FrameworkMethod$1.runReflectiveCall(FrameworkMethod.java:47), org.junit.internal.runners.model.ReflectiveCallable.run(ReflectiveCallable.java:12), org.junit.runners.model.FrameworkMethod.invokeExplosively(FrameworkMethod.java:44), org.junit.internal.runners.statements.InvokeMethod.evaluate(InvokeMethod.java:17), org.junit.runners.ParentRunner.runLeaf(ParentRunner.java:271), org.junit.runners.BlockJUnit4ClassRunner.runChild(BlockJUnit4ClassRunner.java:70), org.junit.runners.BlockJUnit4ClassRunner.runChild(BlockJUnit4ClassRunner.java:50), org.junit.runners.ParentRunner$3.run(ParentRunner.java:238), org.junit.runners.ParentRunner$1.schedule(ParentRunner.java:63), org.junit.runners.ParentRunner.runChildren(ParentRunner.java:236), org.junit.runners.ParentRunner.access$000(ParentRunner.java:53), org.junit.runners.ParentRunner$2.evaluate(ParentRunner.java:229), org.junit.runners.ParentRunner.run(ParentRunner.java:309), org.junit.runners.Suite.runChild(Suite.java:127), org.junit.runners.Suite.runChild(Suite.java:26), org.junit.runners.ParentRunner$3.run(ParentRunner.java:238), org.junit.runners.ParentRunner$1.schedule(ParentRunner.java:63), org.junit.runners.ParentRunner.runChildren(ParentRunner.java:236), org.junit.runners.ParentRunner.access$000(ParentRunner.java:53), org.junit.runners.ParentRunner$2.evaluate(ParentRunner.java:229), org.junit.runners.ParentRunner.run(ParentRunner.java:309), org.apache.maven.surefire.junit4.JUnit4Provider.execute(JUnit4Provider.java:316), org.apache.maven.surefire.junit4.JUnit4Provider.executeWithRerun(JUnit4Provider.java:240), org.apache.maven.surefire.junit4.JUnit4Provider.executeTestSet(JUnit4Provider.java:214), org.apache.maven.surefire.junit4.JUnit4Provider.invoke(JUnit4Provider.java:155), org.apache.maven.surefire.booter.ForkedBooter.runSuitesInProcess(ForkedBooter.java:385), org.apache.maven.surefire.booter.ForkedBooter.execute(ForkedBooter.java:162), org.apache.maven.surefire.booter.ForkedBooter.run(ForkedBooter.java:507), org.apache.maven.surefire.booter.ForkedBooter.main(ForkedBooter.java:495)]
[Siesta] Specification Comparable_CompareToNull has been violated on line [com.greplin.interval.RegressionTest0.test0394(RegressionTest0.java:8128), sun.reflect.NativeMethodAccessorImpl.invoke0(Native Method), sun.reflect.NativeMethodAccessorImpl.invoke(NativeMethodAccessorImpl.java:62), sun.reflect.DelegatingMethodAccessorImpl.invoke(DelegatingMethodAccessorImpl.java:43), java.lang.reflect.Method.invoke(Method.java:498), org.junit.runners.model.FrameworkMethod$1.runReflectiveCall(FrameworkMethod.java:47), org.junit.internal.runners.model.ReflectiveCallable.run(ReflectiveCallable.java:12), org.junit.runners.model.FrameworkMethod.invokeExplosively(FrameworkMethod.java:44), org.junit.internal.runners.statements.InvokeMethod.evaluate(InvokeMethod.java:17), org.junit.runners.ParentRunner.runLeaf(ParentRunner.java:271), org.junit.runners.BlockJUnit4ClassRunner.runChild(BlockJUnit4ClassRunner.java:70), org.junit.runners.BlockJUnit4ClassRunner.runChild(BlockJUnit4ClassRunner.java:50), org.junit.runners.ParentRunner$3.run(ParentRunner.java:238), org.junit.runners.ParentRunner$1.schedule(ParentRunner.java:63), org.junit.runners.ParentRunner.runChildren(ParentRunner.java:236), org.junit.runners.ParentRunner.access$000(ParentRunner.java:53), org.junit.runners.ParentRunner$2.evaluate(ParentRunner.java:229), org.junit.runners.ParentRunner.run(ParentRunner.java:309), org.junit.runners.Suite.runChild(Suite.java:127), org.junit.runners.Suite.runChild(Suite.java:26), org.junit.runners.ParentRunner$3.run(ParentRunner.java:238), org.junit.runners.ParentRunner$1.schedule(ParentRunner.java:63), org.junit.runners.ParentRunner.runChildren(ParentRunner.java:236), org.junit.runners.ParentRunner.access$000(ParentRunner.java:53), org.junit.runners.ParentRunner$2.evaluate(ParentRunner.java:229), org.junit.runners.ParentRunner.run(ParentRunner.java:309), org.apache.maven.surefire.junit4.JUnit4Provider.execute(JUnit4Provider.java:316), org.apache.maven.surefire.junit4.JUnit4Provider.executeWithRerun(JUnit4Provider.java:240), org.apache.maven.surefire.junit4.JUnit4Provider.executeTestSet(JUnit4Provider.java:214), org.apache.maven.surefire.junit4.JUnit4Provider.invoke(JUnit4Provider.java:155), org.apache.maven.surefire.booter.ForkedBooter.runSuitesInProcess(ForkedBooter.java:385), org.apache.maven.surefire.booter.ForkedBooter.execute(ForkedBooter.java:162), org.apache.maven.surefire.booter.ForkedBooter.run(ForkedBooter.java:507), org.apache.maven.surefire.booter.ForkedBooter.main(ForkedBooter.java:495)]
[Siesta] Specification Comparable_CompareToNull has been violated on line [com.greplin.interval.RegressionTest0.test0400(RegressionTest0.java:8320), sun.reflect.NativeMethodAccessorImpl.invoke0(Native Method), sun.reflect.NativeMethodAccessorImpl.invoke(NativeMethodAccessorImpl.java:62), sun.reflect.DelegatingMethodAccessorImpl.invoke(DelegatingMethodAccessorImpl.java:43), java.lang.reflect.Method.invoke(Method.java:498), org.junit.runners.model.FrameworkMethod$1.runReflectiveCall(FrameworkMethod.java:47), org.junit.internal.runners.model.ReflectiveCallable.run(ReflectiveCallable.java:12), org.junit.runners.model.FrameworkMethod.invokeExplosively(FrameworkMethod.java:44), org.junit.internal.runners.statements.InvokeMethod.evaluate(InvokeMethod.java:17), org.junit.runners.ParentRunner.runLeaf(ParentRunner.java:271), org.junit.runners.BlockJUnit4ClassRunner.runChild(BlockJUnit4ClassRunner.java:70), org.junit.runners.BlockJUnit4ClassRunner.runChild(BlockJUnit4ClassRunner.java:50), org.junit.runners.ParentRunner$3.run(ParentRunner.java:238), org.junit.runners.ParentRunner$1.schedule(ParentRunner.java:63), org.junit.runners.ParentRunner.runChildren(ParentRunner.java:236), org.junit.runners.ParentRunner.access$000(ParentRunner.java:53), org.junit.runners.ParentRunner$2.evaluate(ParentRunner.java:229), org.junit.runners.ParentRunner.run(ParentRunner.java:309), org.junit.runners.Suite.runChild(Suite.java:127), org.junit.runners.Suite.runChild(Suite.java:26), org.junit.runners.ParentRunner$3.run(ParentRunner.java:238), org.junit.runners.ParentRunner$1.schedule(ParentRunner.java:63), org.junit.runners.ParentRunner.runChildren(ParentRunner.java:236), org.junit.runners.ParentRunner.access$000(ParentRunner.java:53), org.junit.runners.ParentRunner$2.evaluate(ParentRunner.java:229), org.junit.runners.ParentRunner.run(ParentRunner.java:309), org.apache.maven.surefire.junit4.JUnit4Provider.execute(JUnit4Provider.java:316), org.apache.maven.surefire.junit4.JUnit4Provider.executeWithRerun(JUnit4Provider.java:240), org.apache.maven.surefire.junit4.JUnit4Provider.executeTestSet(JUnit4Provider.java:214), org.apache.maven.surefire.junit4.JUnit4Provider.invoke(JUnit4Provider.java:155), org.apache.maven.surefire.booter.ForkedBooter.runSuitesInProcess(ForkedBooter.java:385), org.apache.maven.surefire.booter.ForkedBooter.execute(ForkedBooter.java:162), org.apache.maven.surefire.booter.ForkedBooter.run(ForkedBooter.java:507), org.apache.maven.surefire.booter.ForkedBooter.main(ForkedBooter.java:495)]
[Siesta] Specification Comparable_CompareToNull has been violated on line [com.greplin.interval.RegressionTest0.test0446(RegressionTest0.java:9269), sun.reflect.NativeMethodAccessorImpl.invoke0(Native Method), sun.reflect.NativeMethodAccessorImpl.invoke(NativeMethodAccessorImpl.java:62), sun.reflect.DelegatingMethodAccessorImpl.invoke(DelegatingMethodAccessorImpl.java:43), java.lang.reflect.Method.invoke(Method.java:498), org.junit.runners.model.FrameworkMethod$1.runReflectiveCall(FrameworkMethod.java:47), org.junit.internal.runners.model.ReflectiveCallable.run(ReflectiveCallable.java:12), org.junit.runners.model.FrameworkMethod.invokeExplosively(FrameworkMethod.java:44), org.junit.internal.runners.statements.InvokeMethod.evaluate(InvokeMethod.java:17), org.junit.runners.ParentRunner.runLeaf(ParentRunner.java:271), org.junit.runners.BlockJUnit4ClassRunner.runChild(BlockJUnit4ClassRunner.java:70), org.junit.runners.BlockJUnit4ClassRunner.runChild(BlockJUnit4ClassRunner.java:50), org.junit.runners.ParentRunner$3.run(ParentRunner.java:238), org.junit.runners.ParentRunner$1.schedule(ParentRunner.java:63), org.junit.runners.ParentRunner.runChildren(ParentRunner.java:236), org.junit.runners.ParentRunner.access$000(ParentRunner.java:53), org.junit.runners.ParentRunner$2.evaluate(ParentRunner.java:229), org.junit.runners.ParentRunner.run(ParentRunner.java:309), org.junit.runners.Suite.runChild(Suite.java:127), org.junit.runners.Suite.runChild(Suite.java:26), org.junit.runners.ParentRunner$3.run(ParentRunner.java:238), org.junit.runners.ParentRunner$1.schedule(ParentRunner.java:63), org.junit.runners.ParentRunner.runChildren(ParentRunner.java:236), org.junit.runners.ParentRunner.access$000(ParentRunner.java:53), org.junit.runners.ParentRunner$2.evaluate(ParentRunner.java:229), org.junit.runners.ParentRunner.run(ParentRunner.java:309), org.apache.maven.surefire.junit4.JUnit4Provider.execute(JUnit4Provider.java:316), org.apache.maven.surefire.junit4.JUnit4Provider.executeWithRerun(JUnit4Provider.java:240), org.apache.maven.surefire.junit4.JUnit4Provider.executeTestSet(JUnit4Provider.java:214), org.apache.maven.surefire.junit4.JUnit4Provider.invoke(JUnit4Provider.java:155), org.apache.maven.surefire.booter.ForkedBooter.runSuitesInProcess(ForkedBooter.java:385), org.apache.maven.surefire.booter.ForkedBooter.execute(ForkedBooter.java:162), org.apache.maven.surefire.booter.ForkedBooter.run(ForkedBooter.java:507), org.apache.maven.surefire.booter.ForkedBooter.main(ForkedBooter.java:495)]
[Siesta] Specification Comparable_CompareToNull has been violated on line [com.greplin.interval.RegressionTest1.test0507(RegressionTest1.java:217), sun.reflect.NativeMethodAccessorImpl.invoke0(Native Method), sun.reflect.NativeMethodAccessorImpl.invoke(NativeMethodAccessorImpl.java:62), sun.reflect.DelegatingMethodAccessorImpl.invoke(DelegatingMethodAccessorImpl.java:43), java.lang.reflect.Method.invoke(Method.java:498), org.junit.runners.model.FrameworkMethod$1.runReflectiveCall(FrameworkMethod.java:47), org.junit.internal.runners.model.ReflectiveCallable.run(ReflectiveCallable.java:12), org.junit.runners.model.FrameworkMethod.invokeExplosively(FrameworkMethod.java:44), org.junit.internal.runners.statements.InvokeMethod.evaluate(InvokeMethod.java:17), org.junit.runners.ParentRunner.runLeaf(ParentRunner.java:271), org.junit.runners.BlockJUnit4ClassRunner.runChild(BlockJUnit4ClassRunner.java:70), org.junit.runners.BlockJUnit4ClassRunner.runChild(BlockJUnit4ClassRunner.java:50), org.junit.runners.ParentRunner$3.run(ParentRunner.java:238), org.junit.runners.ParentRunner$1.schedule(ParentRunner.java:63), org.junit.runners.ParentRunner.runChildren(ParentRunner.java:236), org.junit.runners.ParentRunner.access$000(ParentRunner.java:53), org.junit.runners.ParentRunner$2.evaluate(ParentRunner.java:229), org.junit.runners.ParentRunner.run(ParentRunner.java:309), org.junit.runners.Suite.runChild(Suite.java:127), org.junit.runners.Suite.runChild(Suite.java:26), org.junit.runners.ParentRunner$3.run(ParentRunner.java:238), org.junit.runners.ParentRunner$1.schedule(ParentRunner.java:63), org.junit.runners.ParentRunner.runChildren(ParentRunner.java:236), org.junit.runners.ParentRunner.access$000(ParentRunner.java:53), org.junit.runners.ParentRunner$2.evaluate(ParentRunner.java:229), org.junit.runners.ParentRunner.run(ParentRunner.java:309), org.apache.maven.surefire.junit4.JUnit4Provider.execute(JUnit4Provider.java:316), org.apache.maven.surefire.junit4.JUnit4Provider.executeWithRerun(JUnit4Provider.java:240), org.apache.maven.surefire.junit4.JUnit4Provider.executeTestSet(JUnit4Provider.java:214), org.apache.maven.surefire.junit4.JUnit4Provider.invoke(JUnit4Provider.java:155), org.apache.maven.surefire.booter.ForkedBooter.runSuitesInProcess(ForkedBooter.java:385), org.apache.maven.surefire.booter.ForkedBooter.execute(ForkedBooter.java:162), org.apache.maven.surefire.booter.ForkedBooter.run(ForkedBooter.java:507), org.apache.maven.surefire.booter.ForkedBooter.main(ForkedBooter.java:495)]
[Siesta] Specification Comparable_CompareToNull has been violated on line [com.greplin.interval.RegressionTest1.test0603(RegressionTest1.java:2085), sun.reflect.NativeMethodAccessorImpl.invoke0(Native Method), sun.reflect.NativeMethodAccessorImpl.invoke(NativeMethodAccessorImpl.java:62), sun.reflect.DelegatingMethodAccessorImpl.invoke(DelegatingMethodAccessorImpl.java:43), java.lang.reflect.Method.invoke(Method.java:498), org.junit.runners.model.FrameworkMethod$1.runReflectiveCall(FrameworkMethod.java:47), org.junit.internal.runners.model.ReflectiveCallable.run(ReflectiveCallable.java:12), org.junit.runners.model.FrameworkMethod.invokeExplosively(FrameworkMethod.java:44), org.junit.internal.runners.statements.InvokeMethod.evaluate(InvokeMethod.java:17), org.junit.runners.ParentRunner.runLeaf(ParentRunner.java:271), org.junit.runners.BlockJUnit4ClassRunner.runChild(BlockJUnit4ClassRunner.java:70), org.junit.runners.BlockJUnit4ClassRunner.runChild(BlockJUnit4ClassRunner.java:50), org.junit.runners.ParentRunner$3.run(ParentRunner.java:238), org.junit.runners.ParentRunner$1.schedule(ParentRunner.java:63), org.junit.runners.ParentRunner.runChildren(ParentRunner.java:236), org.junit.runners.ParentRunner.access$000(ParentRunner.java:53), org.junit.runners.ParentRunner$2.evaluate(ParentRunner.java:229), org.junit.runners.ParentRunner.run(ParentRunner.java:309), org.junit.runners.Suite.runChild(Suite.java:127), org.junit.runners.Suite.runChild(Suite.java:26), org.junit.runners.ParentRunner$3.run(ParentRunner.java:238), org.junit.runners.ParentRunner$1.schedule(ParentRunner.java:63), org.junit.runners.ParentRunner.runChildren(ParentRunner.java:236), org.junit.runners.ParentRunner.access$000(ParentRunner.java:53), org.junit.runners.ParentRunner$2.evaluate(ParentRunner.java:229), org.junit.runners.ParentRunner.run(ParentRunner.java:309), org.apache.maven.surefire.junit4.JUnit4Provider.execute(JUnit4Provider.java:316), org.apache.maven.surefire.junit4.JUnit4Provider.executeWithRerun(JUnit4Provider.java:240), org.apache.maven.surefire.junit4.JUnit4Provider.executeTestSet(JUnit4Provider.java:214), org.apache.maven.surefire.junit4.JUnit4Provider.invoke(JUnit4Provider.java:155), org.apache.maven.surefire.booter.ForkedBooter.runSuitesInProcess(ForkedBooter.java:385), org.apache.maven.surefire.booter.ForkedBooter.execute(ForkedBooter.java:162), org.apache.maven.surefire.booter.ForkedBooter.run(ForkedBooter.java:507), org.apache.maven.surefire.booter.ForkedBooter.main(ForkedBooter.java:495)]
[Siesta] Specification Comparable_CompareToNull has been violated on line [com.greplin.interval.RegressionTest1.test0736(RegressionTest1.java:4735), sun.reflect.NativeMethodAccessorImpl.invoke0(Native Method), sun.reflect.NativeMethodAccessorImpl.invoke(NativeMethodAccessorImpl.java:62), sun.reflect.DelegatingMethodAccessorImpl.invoke(DelegatingMethodAccessorImpl.java:43), java.lang.reflect.Method.invoke(Method.java:498), org.junit.runners.model.FrameworkMethod$1.runReflectiveCall(FrameworkMethod.java:47), org.junit.internal.runners.model.ReflectiveCallable.run(ReflectiveCallable.java:12), org.junit.runners.model.FrameworkMethod.invokeExplosively(FrameworkMethod.java:44), org.junit.internal.runners.statements.InvokeMethod.evaluate(InvokeMethod.java:17), org.junit.runners.ParentRunner.runLeaf(ParentRunner.java:271), org.junit.runners.BlockJUnit4ClassRunner.runChild(BlockJUnit4ClassRunner.java:70), org.junit.runners.BlockJUnit4ClassRunner.runChild(BlockJUnit4ClassRunner.java:50), org.junit.runners.ParentRunner$3.run(ParentRunner.java:238), org.junit.runners.ParentRunner$1.schedule(ParentRunner.java:63), org.junit.runners.ParentRunner.runChildren(ParentRunner.java:236), org.junit.runners.ParentRunner.access$000(ParentRunner.java:53), org.junit.runners.ParentRunner$2.evaluate(ParentRunner.java:229), org.junit.runners.ParentRunner.run(ParentRunner.java:309), org.junit.runners.Suite.runChild(Suite.java:127), org.junit.runners.Suite.runChild(Suite.java:26), org.junit.runners.ParentRunner$3.run(ParentRunner.java:238), org.junit.runners.ParentRunner$1.schedule(ParentRunner.java:63), org.junit.runners.ParentRunner.runChildren(ParentRunner.java:236), org.junit.runners.ParentRunner.access$000(ParentRunner.java:53), org.junit.runners.ParentRunner$2.evaluate(ParentRunner.java:229), org.junit.runners.ParentRunner.run(ParentRunner.java:309), org.apache.maven.surefire.junit4.JUnit4Provider.execute(JUnit4Provider.java:316), org.apache.maven.surefire.junit4.JUnit4Provider.executeWithRerun(JUnit4Provider.java:240), org.apache.maven.surefire.junit4.JUnit4Provider.executeTestSet(JUnit4Provider.java:214), org.apache.maven.surefire.junit4.JUnit4Provider.invoke(JUnit4Provider.java:155), org.apache.maven.surefire.booter.ForkedBooter.runSuitesInProcess(ForkedBooter.java:385), org.apache.maven.surefire.booter.ForkedBooter.execute(ForkedBooter.java:162), org.apache.maven.surefire.booter.ForkedBooter.run(ForkedBooter.java:507), org.apache.maven.surefire.booter.ForkedBooter.main(ForkedBooter.java:495)]
[Siesta] Specification Comparable_CompareToNull has been violated on line [com.greplin.interval.RegressionTest1.test0879(RegressionTest1.java:7435), sun.reflect.NativeMethodAccessorImpl.invoke0(Native Method), sun.reflect.NativeMethodAccessorImpl.invoke(NativeMethodAccessorImpl.java:62), sun.reflect.DelegatingMethodAccessorImpl.invoke(DelegatingMethodAccessorImpl.java:43), java.lang.reflect.Method.invoke(Method.java:498), org.junit.runners.model.FrameworkMethod$1.runReflectiveCall(FrameworkMethod.java:47), org.junit.internal.runners.model.ReflectiveCallable.run(ReflectiveCallable.java:12), org.junit.runners.model.FrameworkMethod.invokeExplosively(FrameworkMethod.java:44), org.junit.internal.runners.statements.InvokeMethod.evaluate(InvokeMethod.java:17), org.junit.runners.ParentRunner.runLeaf(ParentRunner.java:271), org.junit.runners.BlockJUnit4ClassRunner.runChild(BlockJUnit4ClassRunner.java:70), org.junit.runners.BlockJUnit4ClassRunner.runChild(BlockJUnit4ClassRunner.java:50), org.junit.runners.ParentRunner$3.run(ParentRunner.java:238), org.junit.runners.ParentRunner$1.schedule(ParentRunner.java:63), org.junit.runners.ParentRunner.runChildren(ParentRunner.java:236), org.junit.runners.ParentRunner.access$000(ParentRunner.java:53), org.junit.runners.ParentRunner$2.evaluate(ParentRunner.java:229), org.junit.runners.ParentRunner.run(ParentRunner.java:309), org.junit.runners.Suite.runChild(Suite.java:127), org.junit.runners.Suite.runChild(Suite.java:26), org.junit.runners.ParentRunner$3.run(ParentRunner.java:238), org.junit.runners.ParentRunner$1.schedule(ParentRunner.java:63), org.junit.runners.ParentRunner.runChildren(ParentRunner.java:236), org.junit.runners.ParentRunner.access$000(ParentRunner.java:53), org.junit.runners.ParentRunner$2.evaluate(ParentRunner.java:229), org.junit.runners.ParentRunner.run(ParentRunner.java:309), org.apache.maven.surefire.junit4.JUnit4Provider.execute(JUnit4Provider.java:316), org.apache.maven.surefire.junit4.JUnit4Provider.executeWithRerun(JUnit4Provider.java:240), org.apache.maven.surefire.junit4.JUnit4Provider.executeTestSet(JUnit4Provider.java:214), org.apache.maven.surefire.junit4.JUnit4Provider.invoke(JUnit4Provider.java:155), org.apache.maven.surefire.booter.ForkedBooter.runSuitesInProcess(ForkedBooter.java:385), org.apache.maven.surefire.booter.ForkedBooter.execute(ForkedBooter.java:162), org.apache.maven.surefire.booter.ForkedBooter.run(ForkedBooter.java:507), org.apache.maven.surefire.booter.ForkedBooter.main(ForkedBooter.java:495)]
[Siesta] Specification Comparable_CompareToNull has been violated on line [com.greplin.interval.RegressionTest1.test0905(RegressionTest1.java:7921), sun.reflect.NativeMethodAccessorImpl.invoke0(Native Method), sun.reflect.NativeMethodAccessorImpl.invoke(NativeMethodAccessorImpl.java:62), sun.reflect.DelegatingMethodAccessorImpl.invoke(DelegatingMethodAccessorImpl.java:43), java.lang.reflect.Method.invoke(Method.java:498), org.junit.runners.model.FrameworkMethod$1.runReflectiveCall(FrameworkMethod.java:47), org.junit.internal.runners.model.ReflectiveCallable.run(ReflectiveCallable.java:12), org.junit.runners.model.FrameworkMethod.invokeExplosively(FrameworkMethod.java:44), org.junit.internal.runners.statements.InvokeMethod.evaluate(InvokeMethod.java:17), org.junit.runners.ParentRunner.runLeaf(ParentRunner.java:271), org.junit.runners.BlockJUnit4ClassRunner.runChild(BlockJUnit4ClassRunner.java:70), org.junit.runners.BlockJUnit4ClassRunner.runChild(BlockJUnit4ClassRunner.java:50), org.junit.runners.ParentRunner$3.run(ParentRunner.java:238), org.junit.runners.ParentRunner$1.schedule(ParentRunner.java:63), org.junit.runners.ParentRunner.runChildren(ParentRunner.java:236), org.junit.runners.ParentRunner.access$000(ParentRunner.java:53), org.junit.runners.ParentRunner$2.evaluate(ParentRunner.java:229), org.junit.runners.ParentRunner.run(ParentRunner.java:309), org.junit.runners.Suite.runChild(Suite.java:127), org.junit.runners.Suite.runChild(Suite.java:26), org.junit.runners.ParentRunner$3.run(ParentRunner.java:238), org.junit.runners.ParentRunner$1.schedule(ParentRunner.java:63), org.junit.runners.ParentRunner.runChildren(ParentRunner.java:236), org.junit.runners.ParentRunner.access$000(ParentRunner.java:53), org.junit.runners.ParentRunner$2.evaluate(ParentRunner.java:229), org.junit.runners.ParentRunner.run(ParentRunner.java:309), org.apache.maven.surefire.junit4.JUnit4Provider.execute(JUnit4Provider.java:316), org.apache.maven.surefire.junit4.JUnit4Provider.executeWithRerun(JUnit4Provider.java:240), org.apache.maven.surefire.junit4.JUnit4Provider.executeTestSet(JUnit4Provider.java:214), org.apache.maven.surefire.junit4.JUnit4Provider.invoke(JUnit4Provider.java:155), org.apache.maven.surefire.booter.ForkedBooter.runSuitesInProcess(ForkedBooter.java:385), org.apache.maven.surefire.booter.ForkedBooter.execute(ForkedBooter.java:162), org.apache.maven.surefire.booter.ForkedBooter.run(ForkedBooter.java:507), org.apache.maven.surefire.booter.ForkedBooter.main(ForkedBooter.java:495)]
[Siesta] Specification Comparable_CompareToNull has been violated on line [com.greplin.interval.RegressionTest2.test1014(RegressionTest2.java:408), sun.reflect.NativeMethodAccessorImpl.invoke0(Native Method), sun.reflect.NativeMethodAccessorImpl.invoke(NativeMethodAccessorImpl.java:62), sun.reflect.DelegatingMethodAccessorImpl.invoke(DelegatingMethodAccessorImpl.java:43), java.lang.reflect.Method.invoke(Method.java:498), org.junit.runners.model.FrameworkMethod$1.runReflectiveCall(FrameworkMethod.java:47), org.junit.internal.runners.model.ReflectiveCallable.run(ReflectiveCallable.java:12), org.junit.runners.model.FrameworkMethod.invokeExplosively(FrameworkMethod.java:44), org.junit.internal.runners.statements.InvokeMethod.evaluate(InvokeMethod.java:17), org.junit.runners.ParentRunner.runLeaf(ParentRunner.java:271), org.junit.runners.BlockJUnit4ClassRunner.runChild(BlockJUnit4ClassRunner.java:70), org.junit.runners.BlockJUnit4ClassRunner.runChild(BlockJUnit4ClassRunner.java:50), org.junit.runners.ParentRunner$3.run(ParentRunner.java:238), org.junit.runners.ParentRunner$1.schedule(ParentRunner.java:63), org.junit.runners.ParentRunner.runChildren(ParentRunner.java:236), org.junit.runners.ParentRunner.access$000(ParentRunner.java:53), org.junit.runners.ParentRunner$2.evaluate(ParentRunner.java:229), org.junit.runners.ParentRunner.run(ParentRunner.java:309), org.junit.runners.Suite.runChild(Suite.java:127), org.junit.runners.Suite.runChild(Suite.java:26), org.junit.runners.ParentRunner$3.run(ParentRunner.java:238), org.junit.runners.ParentRunner$1.schedule(ParentRunner.java:63), org.junit.runners.ParentRunner.runChildren(ParentRunner.java:236), org.junit.runners.ParentRunner.access$000(ParentRunner.java:53), org.junit.runners.ParentRunner$2.evaluate(ParentRunner.java:229), org.junit.runners.ParentRunner.run(ParentRunner.java:309), org.apache.maven.surefire.junit4.JUnit4Provider.execute(JUnit4Provider.java:316), org.apache.maven.surefire.junit4.JUnit4Provider.executeWithRerun(JUnit4Provider.java:240), org.apache.maven.surefire.junit4.JUnit4Provider.executeTestSet(JUnit4Provider.java:214), org.apache.maven.surefire.junit4.JUnit4Provider.invoke(JUnit4Provider.java:155), org.apache.maven.surefire.booter.ForkedBooter.runSuitesInProcess(ForkedBooter.java:385), org.apache.maven.surefire.booter.ForkedBooter.execute(ForkedBooter.java:162), org.apache.maven.surefire.booter.ForkedBooter.run(ForkedBooter.java:507), org.apache.maven.surefire.booter.ForkedBooter.main(ForkedBooter.java:495)]
[Siesta] Specification Comparable_CompareToNull has been violated on line [com.greplin.interval.RegressionTest2.test1065(RegressionTest2.java:1609), sun.reflect.NativeMethodAccessorImpl.invoke0(Native Method), sun.reflect.NativeMethodAccessorImpl.invoke(NativeMethodAccessorImpl.java:62), sun.reflect.DelegatingMethodAccessorImpl.invoke(DelegatingMethodAccessorImpl.java:43), java.lang.reflect.Method.invoke(Method.java:498), org.junit.runners.model.FrameworkMethod$1.runReflectiveCall(FrameworkMethod.java:47), org.junit.internal.runners.model.ReflectiveCallable.run(ReflectiveCallable.java:12), org.junit.runners.model.FrameworkMethod.invokeExplosively(FrameworkMethod.java:44), org.junit.internal.runners.statements.InvokeMethod.evaluate(InvokeMethod.java:17), org.junit.runners.ParentRunner.runLeaf(ParentRunner.java:271), org.junit.runners.BlockJUnit4ClassRunner.runChild(BlockJUnit4ClassRunner.java:70), org.junit.runners.BlockJUnit4ClassRunner.runChild(BlockJUnit4ClassRunner.java:50), org.junit.runners.ParentRunner$3.run(ParentRunner.java:238), org.junit.runners.ParentRunner$1.schedule(ParentRunner.java:63), org.junit.runners.ParentRunner.runChildren(ParentRunner.java:236), org.junit.runners.ParentRunner.access$000(ParentRunner.java:53), org.junit.runners.ParentRunner$2.evaluate(ParentRunner.java:229), org.junit.runners.ParentRunner.run(ParentRunner.java:309), org.junit.runners.Suite.runChild(Suite.java:127), org.junit.runners.Suite.runChild(Suite.java:26), org.junit.runners.ParentRunner$3.run(ParentRunner.java:238), org.junit.runners.ParentRunner$1.schedule(ParentRunner.java:63), org.junit.runners.ParentRunner.runChildren(ParentRunner.java:236), org.junit.runners.ParentRunner.access$000(ParentRunner.java:53), org.junit.runners.ParentRunner$2.evaluate(ParentRunner.java:229), org.junit.runners.ParentRunner.run(ParentRunner.java:309), org.apache.maven.surefire.junit4.JUnit4Provider.execute(JUnit4Provider.java:316), org.apache.maven.surefire.junit4.JUnit4Provider.executeWithRerun(JUnit4Provider.java:240), org.apache.maven.surefire.junit4.JUnit4Provider.executeTestSet(JUnit4Provider.java:214), org.apache.maven.surefire.junit4.JUnit4Provider.invoke(JUnit4Provider.java:155), org.apache.maven.surefire.booter.ForkedBooter.runSuitesInProcess(ForkedBooter.java:385), org.apache.maven.surefire.booter.ForkedBooter.execute(ForkedBooter.java:162), org.apache.maven.surefire.booter.ForkedBooter.run(ForkedBooter.java:507), org.apache.maven.surefire.booter.ForkedBooter.main(ForkedBooter.java:495)]
[Siesta] Specification Comparable_CompareToNull has been violated on line [com.greplin.interval.RegressionTest2.test1071(RegressionTest2.java:1729), sun.reflect.NativeMethodAccessorImpl.invoke0(Native Method), sun.reflect.NativeMethodAccessorImpl.invoke(NativeMethodAccessorImpl.java:62), sun.reflect.DelegatingMethodAccessorImpl.invoke(DelegatingMethodAccessorImpl.java:43), java.lang.reflect.Method.invoke(Method.java:498), org.junit.runners.model.FrameworkMethod$1.runReflectiveCall(FrameworkMethod.java:47), org.junit.internal.runners.model.ReflectiveCallable.run(ReflectiveCallable.java:12), org.junit.runners.model.FrameworkMethod.invokeExplosively(FrameworkMethod.java:44), org.junit.internal.runners.statements.InvokeMethod.evaluate(InvokeMethod.java:17), org.junit.runners.ParentRunner.runLeaf(ParentRunner.java:271), org.junit.runners.BlockJUnit4ClassRunner.runChild(BlockJUnit4ClassRunner.java:70), org.junit.runners.BlockJUnit4ClassRunner.runChild(BlockJUnit4ClassRunner.java:50), org.junit.runners.ParentRunner$3.run(ParentRunner.java:238), org.junit.runners.ParentRunner$1.schedule(ParentRunner.java:63), org.junit.runners.ParentRunner.runChildren(ParentRunner.java:236), org.junit.runners.ParentRunner.access$000(ParentRunner.java:53), org.junit.runners.ParentRunner$2.evaluate(ParentRunner.java:229), org.junit.runners.ParentRunner.run(ParentRunner.java:309), org.junit.runners.Suite.runChild(Suite.java:127), org.junit.runners.Suite.runChild(Suite.java:26), org.junit.runners.ParentRunner$3.run(ParentRunner.java:238), org.junit.runners.ParentRunner$1.schedule(ParentRunner.java:63), org.junit.runners.ParentRunner.runChildren(ParentRunner.java:236), org.junit.runners.ParentRunner.access$000(ParentRunner.java:53), org.junit.runners.ParentRunner$2.evaluate(ParentRunner.java:229), org.junit.runners.ParentRunner.run(ParentRunner.java:309), org.apache.maven.surefire.junit4.JUnit4Provider.execute(JUnit4Provider.java:316), org.apache.maven.surefire.junit4.JUnit4Provider.executeWithRerun(JUnit4Provider.java:240), org.apache.maven.surefire.junit4.JUnit4Provider.executeTestSet(JUnit4Provider.java:214), org.apache.maven.surefire.junit4.JUnit4Provider.invoke(JUnit4Provider.java:155), org.apache.maven.surefire.booter.ForkedBooter.runSuitesInProcess(ForkedBooter.java:385), org.apache.maven.surefire.booter.ForkedBooter.execute(ForkedBooter.java:162), org.apache.maven.surefire.booter.ForkedBooter.run(ForkedBooter.java:507), org.apache.maven.surefire.booter.ForkedBooter.main(ForkedBooter.java:495)]
[Siesta] Specification Comparable_CompareToNull has been violated on line [com.greplin.interval.RegressionTest2.test1085(RegressionTest2.java:2021), sun.reflect.NativeMethodAccessorImpl.invoke0(Native Method), sun.reflect.NativeMethodAccessorImpl.invoke(NativeMethodAccessorImpl.java:62), sun.reflect.DelegatingMethodAccessorImpl.invoke(DelegatingMethodAccessorImpl.java:43), java.lang.reflect.Method.invoke(Method.java:498), org.junit.runners.model.FrameworkMethod$1.runReflectiveCall(FrameworkMethod.java:47), org.junit.internal.runners.model.ReflectiveCallable.run(ReflectiveCallable.java:12), org.junit.runners.model.FrameworkMethod.invokeExplosively(FrameworkMethod.java:44), org.junit.internal.runners.statements.InvokeMethod.evaluate(InvokeMethod.java:17), org.junit.runners.ParentRunner.runLeaf(ParentRunner.java:271), org.junit.runners.BlockJUnit4ClassRunner.runChild(BlockJUnit4ClassRunner.java:70), org.junit.runners.BlockJUnit4ClassRunner.runChild(BlockJUnit4ClassRunner.java:50), org.junit.runners.ParentRunner$3.run(ParentRunner.java:238), org.junit.runners.ParentRunner$1.schedule(ParentRunner.java:63), org.junit.runners.ParentRunner.runChildren(ParentRunner.java:236), org.junit.runners.ParentRunner.access$000(ParentRunner.java:53), org.junit.runners.ParentRunner$2.evaluate(ParentRunner.java:229), org.junit.runners.ParentRunner.run(ParentRunner.java:309), org.junit.runners.Suite.runChild(Suite.java:127), org.junit.runners.Suite.runChild(Suite.java:26), org.junit.runners.ParentRunner$3.run(ParentRunner.java:238), org.junit.runners.ParentRunner$1.schedule(ParentRunner.java:63), org.junit.runners.ParentRunner.runChildren(ParentRunner.java:236), org.junit.runners.ParentRunner.access$000(ParentRunner.java:53), org.junit.runners.ParentRunner$2.evaluate(ParentRunner.java:229), org.junit.runners.ParentRunner.run(ParentRunner.java:309), org.apache.maven.surefire.junit4.JUnit4Provider.execute(JUnit4Provider.java:316), org.apache.maven.surefire.junit4.JUnit4Provider.executeWithRerun(JUnit4Provider.java:240), org.apache.maven.surefire.junit4.JUnit4Provider.executeTestSet(JUnit4Provider.java:214), org.apache.maven.surefire.junit4.JUnit4Provider.invoke(JUnit4Provider.java:155), org.apache.maven.surefire.booter.ForkedBooter.runSuitesInProcess(ForkedBooter.java:385), org.apache.maven.surefire.booter.ForkedBooter.execute(ForkedBooter.java:162), org.apache.maven.surefire.booter.ForkedBooter.run(ForkedBooter.java:507), org.apache.maven.surefire.booter.ForkedBooter.main(ForkedBooter.java:495)]
[Siesta] Specification Comparable_CompareToNull has been violated on line [com.greplin.interval.RegressionTest2.test1184(RegressionTest2.java:4294), sun.reflect.NativeMethodAccessorImpl.invoke0(Native Method), sun.reflect.NativeMethodAccessorImpl.invoke(NativeMethodAccessorImpl.java:62), sun.reflect.DelegatingMethodAccessorImpl.invoke(DelegatingMethodAccessorImpl.java:43), java.lang.reflect.Method.invoke(Method.java:498), org.junit.runners.model.FrameworkMethod$1.runReflectiveCall(FrameworkMethod.java:47), org.junit.internal.runners.model.ReflectiveCallable.run(ReflectiveCallable.java:12), org.junit.runners.model.FrameworkMethod.invokeExplosively(FrameworkMethod.java:44), org.junit.internal.runners.statements.InvokeMethod.evaluate(InvokeMethod.java:17), org.junit.runners.ParentRunner.runLeaf(ParentRunner.java:271), org.junit.runners.BlockJUnit4ClassRunner.runChild(BlockJUnit4ClassRunner.java:70), org.junit.runners.BlockJUnit4ClassRunner.runChild(BlockJUnit4ClassRunner.java:50), org.junit.runners.ParentRunner$3.run(ParentRunner.java:238), org.junit.runners.ParentRunner$1.schedule(ParentRunner.java:63), org.junit.runners.ParentRunner.runChildren(ParentRunner.java:236), org.junit.runners.ParentRunner.access$000(ParentRunner.java:53), org.junit.runners.ParentRunner$2.evaluate(ParentRunner.java:229), org.junit.runners.ParentRunner.run(ParentRunner.java:309), org.junit.runners.Suite.runChild(Suite.java:127), org.junit.runners.Suite.runChild(Suite.java:26), org.junit.runners.ParentRunner$3.run(ParentRunner.java:238), org.junit.runners.ParentRunner$1.schedule(ParentRunner.java:63), org.junit.runners.ParentRunner.runChildren(ParentRunner.java:236), org.junit.runners.ParentRunner.access$000(ParentRunner.java:53), org.junit.runners.ParentRunner$2.evaluate(ParentRunner.java:229), org.junit.runners.ParentRunner.run(ParentRunner.java:309), org.apache.maven.surefire.junit4.JUnit4Provider.execute(JUnit4Provider.java:316), org.apache.maven.surefire.junit4.JUnit4Provider.executeWithRerun(JUnit4Provider.java:240), org.apache.maven.surefire.junit4.JUnit4Provider.executeTestSet(JUnit4Provider.java:214), org.apache.maven.surefire.junit4.JUnit4Provider.invoke(JUnit4Provider.java:155), org.apache.maven.surefire.booter.ForkedBooter.runSuitesInProcess(ForkedBooter.java:385), org.apache.maven.surefire.booter.ForkedBooter.execute(ForkedBooter.java:162), org.apache.maven.surefire.booter.ForkedBooter.run(ForkedBooter.java:507), org.apache.maven.surefire.booter.ForkedBooter.main(ForkedBooter.java:495)]
[Siesta] Specification Comparable_CompareToNull has been violated on line [com.greplin.interval.RegressionTest2.test1240(RegressionTest2.java:5424), sun.reflect.NativeMethodAccessorImpl.invoke0(Native Method), sun.reflect.NativeMethodAccessorImpl.invoke(NativeMethodAccessorImpl.java:62), sun.reflect.DelegatingMethodAccessorImpl.invoke(DelegatingMethodAccessorImpl.java:43), java.lang.reflect.Method.invoke(Method.java:498), org.junit.runners.model.FrameworkMethod$1.runReflectiveCall(FrameworkMethod.java:47), org.junit.internal.runners.model.ReflectiveCallable.run(ReflectiveCallable.java:12), org.junit.runners.model.FrameworkMethod.invokeExplosively(FrameworkMethod.java:44), org.junit.internal.runners.statements.InvokeMethod.evaluate(InvokeMethod.java:17), org.junit.runners.ParentRunner.runLeaf(ParentRunner.java:271), org.junit.runners.BlockJUnit4ClassRunner.runChild(BlockJUnit4ClassRunner.java:70), org.junit.runners.BlockJUnit4ClassRunner.runChild(BlockJUnit4ClassRunner.java:50), org.junit.runners.ParentRunner$3.run(ParentRunner.java:238), org.junit.runners.ParentRunner$1.schedule(ParentRunner.java:63), org.junit.runners.ParentRunner.runChildren(ParentRunner.java:236), org.junit.runners.ParentRunner.access$000(ParentRunner.java:53), org.junit.runners.ParentRunner$2.evaluate(ParentRunner.java:229), org.junit.runners.ParentRunner.run(ParentRunner.java:309), org.junit.runners.Suite.runChild(Suite.java:127), org.junit.runners.Suite.runChild(Suite.java:26), org.junit.runners.ParentRunner$3.run(ParentRunner.java:238), org.junit.runners.ParentRunner$1.schedule(ParentRunner.java:63), org.junit.runners.ParentRunner.runChildren(ParentRunner.java:236), org.junit.runners.ParentRunner.access$000(ParentRunner.java:53), org.junit.runners.ParentRunner$2.evaluate(ParentRunner.java:229), org.junit.runners.ParentRunner.run(ParentRunner.java:309), org.apache.maven.surefire.junit4.JUnit4Provider.execute(JUnit4Provider.java:316), org.apache.maven.surefire.junit4.JUnit4Provider.executeWithRerun(JUnit4Provider.java:240), org.apache.maven.surefire.junit4.JUnit4Provider.executeTestSet(JUnit4Provider.java:214), org.apache.maven.surefire.junit4.JUnit4Provider.invoke(JUnit4Provider.java:155), org.apache.maven.surefire.booter.ForkedBooter.runSuitesInProcess(ForkedBooter.java:385), org.apache.maven.surefire.booter.ForkedBooter.execute(ForkedBooter.java:162), org.apache.maven.surefire.booter.ForkedBooter.run(ForkedBooter.java:507), org.apache.maven.surefire.booter.ForkedBooter.main(ForkedBooter.java:495)]
[Siesta] Specification Comparable_CompareToNull has been violated on line [com.greplin.interval.RegressionTest2.test1324(RegressionTest2.java:7223), sun.reflect.NativeMethodAccessorImpl.invoke0(Native Method), sun.reflect.NativeMethodAccessorImpl.invoke(NativeMethodAccessorImpl.java:62), sun.reflect.DelegatingMethodAccessorImpl.invoke(DelegatingMethodAccessorImpl.java:43), java.lang.reflect.Method.invoke(Method.java:498), org.junit.runners.model.FrameworkMethod$1.runReflectiveCall(FrameworkMethod.java:47), org.junit.internal.runners.model.ReflectiveCallable.run(ReflectiveCallable.java:12), org.junit.runners.model.FrameworkMethod.invokeExplosively(FrameworkMethod.java:44), org.junit.internal.runners.statements.InvokeMethod.evaluate(InvokeMethod.java:17), org.junit.runners.ParentRunner.runLeaf(ParentRunner.java:271), org.junit.runners.BlockJUnit4ClassRunner.runChild(BlockJUnit4ClassRunner.java:70), org.junit.runners.BlockJUnit4ClassRunner.runChild(BlockJUnit4ClassRunner.java:50), org.junit.runners.ParentRunner$3.run(ParentRunner.java:238), org.junit.runners.ParentRunner$1.schedule(ParentRunner.java:63), org.junit.runners.ParentRunner.runChildren(ParentRunner.java:236), org.junit.runners.ParentRunner.access$000(ParentRunner.java:53), org.junit.runners.ParentRunner$2.evaluate(ParentRunner.java:229), org.junit.runners.ParentRunner.run(ParentRunner.java:309), org.junit.runners.Suite.runChild(Suite.java:127), org.junit.runners.Suite.runChild(Suite.java:26), org.junit.runners.ParentRunner$3.run(ParentRunner.java:238), org.junit.runners.ParentRunner$1.schedule(ParentRunner.java:63), org.junit.runners.ParentRunner.runChildren(ParentRunner.java:236), org.junit.runners.ParentRunner.access$000(ParentRunner.java:53), org.junit.runners.ParentRunner$2.evaluate(ParentRunner.java:229), org.junit.runners.ParentRunner.run(ParentRunner.java:309), org.apache.maven.surefire.junit4.JUnit4Provider.execute(JUnit4Provider.java:316), org.apache.maven.surefire.junit4.JUnit4Provider.executeWithRerun(JUnit4Provider.java:240), org.apache.maven.surefire.junit4.JUnit4Provider.executeTestSet(JUnit4Provider.java:214), org.apache.maven.surefire.junit4.JUnit4Provider.invoke(JUnit4Provider.java:155), org.apache.maven.surefire.booter.ForkedBooter.runSuitesInProcess(ForkedBooter.java:385), org.apache.maven.surefire.booter.ForkedBooter.execute(ForkedBooter.java:162), org.apache.maven.surefire.booter.ForkedBooter.run(ForkedBooter.java:507), org.apache.maven.surefire.booter.ForkedBooter.main(ForkedBooter.java:495)]
[Siesta] Specification Comparable_CompareToNull has been violated on line [com.greplin.interval.RegressionTest2.test1377(RegressionTest2.java:8472), sun.reflect.NativeMethodAccessorImpl.invoke0(Native Method), sun.reflect.NativeMethodAccessorImpl.invoke(NativeMethodAccessorImpl.java:62), sun.reflect.DelegatingMethodAccessorImpl.invoke(DelegatingMethodAccessorImpl.java:43), java.lang.reflect.Method.invoke(Method.java:498), org.junit.runners.model.FrameworkMethod$1.runReflectiveCall(FrameworkMethod.java:47), org.junit.internal.runners.model.ReflectiveCallable.run(ReflectiveCallable.java:12), org.junit.runners.model.FrameworkMethod.invokeExplosively(FrameworkMethod.java:44), org.junit.internal.runners.statements.InvokeMethod.evaluate(InvokeMethod.java:17), org.junit.runners.ParentRunner.runLeaf(ParentRunner.java:271), org.junit.runners.BlockJUnit4ClassRunner.runChild(BlockJUnit4ClassRunner.java:70), org.junit.runners.BlockJUnit4ClassRunner.runChild(BlockJUnit4ClassRunner.java:50), org.junit.runners.ParentRunner$3.run(ParentRunner.java:238), org.junit.runners.ParentRunner$1.schedule(ParentRunner.java:63), org.junit.runners.ParentRunner.runChildren(ParentRunner.java:236), org.junit.runners.ParentRunner.access$000(ParentRunner.java:53), org.junit.runners.ParentRunner$2.evaluate(ParentRunner.java:229), org.junit.runners.ParentRunner.run(ParentRunner.java:309), org.junit.runners.Suite.runChild(Suite.java:127), org.junit.runners.Suite.runChild(Suite.java:26), org.junit.runners.ParentRunner$3.run(ParentRunner.java:238), org.junit.runners.ParentRunner$1.schedule(ParentRunner.java:63), org.junit.runners.ParentRunner.runChildren(ParentRunner.java:236), org.junit.runners.ParentRunner.access$000(ParentRunner.java:53), org.junit.runners.ParentRunner$2.evaluate(ParentRunner.java:229), org.junit.runners.ParentRunner.run(ParentRunner.java:309), org.apache.maven.surefire.junit4.JUnit4Provider.execute(JUnit4Provider.java:316), org.apache.maven.surefire.junit4.JUnit4Provider.executeWithRerun(JUnit4Provider.java:240), org.apache.maven.surefire.junit4.JUnit4Provider.executeTestSet(JUnit4Provider.java:214), org.apache.maven.surefire.junit4.JUnit4Provider.invoke(JUnit4Provider.java:155), org.apache.maven.surefire.booter.ForkedBooter.runSuitesInProcess(ForkedBooter.java:385), org.apache.maven.surefire.booter.ForkedBooter.execute(ForkedBooter.java:162), org.apache.maven.surefire.booter.ForkedBooter.run(ForkedBooter.java:507), org.apache.maven.surefire.booter.ForkedBooter.main(ForkedBooter.java:495)]
[Siesta] Specification Comparable_CompareToNull has been violated on line [com.greplin.interval.RegressionTest2.test1443(RegressionTest2.java:9913), sun.reflect.NativeMethodAccessorImpl.invoke0(Native Method), sun.reflect.NativeMethodAccessorImpl.invoke(NativeMethodAccessorImpl.java:62), sun.reflect.DelegatingMethodAccessorImpl.invoke(DelegatingMethodAccessorImpl.java:43), java.lang.reflect.Method.invoke(Method.java:498), org.junit.runners.model.FrameworkMethod$1.runReflectiveCall(FrameworkMethod.java:47), org.junit.internal.runners.model.ReflectiveCallable.run(ReflectiveCallable.java:12), org.junit.runners.model.FrameworkMethod.invokeExplosively(FrameworkMethod.java:44), org.junit.internal.runners.statements.InvokeMethod.evaluate(InvokeMethod.java:17), org.junit.runners.ParentRunner.runLeaf(ParentRunner.java:271), org.junit.runners.BlockJUnit4ClassRunner.runChild(BlockJUnit4ClassRunner.java:70), org.junit.runners.BlockJUnit4ClassRunner.runChild(BlockJUnit4ClassRunner.java:50), org.junit.runners.ParentRunner$3.run(ParentRunner.java:238), org.junit.runners.ParentRunner$1.schedule(ParentRunner.java:63), org.junit.runners.ParentRunner.runChildren(ParentRunner.java:236), org.junit.runners.ParentRunner.access$000(ParentRunner.java:53), org.junit.runners.ParentRunner$2.evaluate(ParentRunner.java:229), org.junit.runners.ParentRunner.run(ParentRunner.java:309), org.junit.runners.Suite.runChild(Suite.java:127), org.junit.runners.Suite.runChild(Suite.java:26), org.junit.runners.ParentRunner$3.run(ParentRunner.java:238), org.junit.runners.ParentRunner$1.schedule(ParentRunner.java:63), org.junit.runners.ParentRunner.runChildren(ParentRunner.java:236), org.junit.runners.ParentRunner.access$000(ParentRunner.java:53), org.junit.runners.ParentRunner$2.evaluate(ParentRunner.java:229), org.junit.runners.ParentRunner.run(ParentRunner.java:309), org.apache.maven.surefire.junit4.JUnit4Provider.execute(JUnit4Provider.java:316), org.apache.maven.surefire.junit4.JUnit4Provider.executeWithRerun(JUnit4Provider.java:240), org.apache.maven.surefire.junit4.JUnit4Provider.executeTestSet(JUnit4Provider.java:214), org.apache.maven.surefire.junit4.JUnit4Provider.invoke(JUnit4Provider.java:155), org.apache.maven.surefire.booter.ForkedBooter.runSuitesInProcess(ForkedBooter.java:385), org.apache.maven.surefire.booter.ForkedBooter.execute(ForkedBooter.java:162), org.apache.maven.surefire.booter.ForkedBooter.run(ForkedBooter.java:507), org.apache.maven.surefire.booter.ForkedBooter.main(ForkedBooter.java:495)]
[Siesta] Specification Comparable_CompareToNull has been violated on line [com.greplin.interval.RegressionTest3.test1652(RegressionTest3.java:3082), sun.reflect.NativeMethodAccessorImpl.invoke0(Native Method), sun.reflect.NativeMethodAccessorImpl.invoke(NativeMethodAccessorImpl.java:62), sun.reflect.DelegatingMethodAccessorImpl.invoke(DelegatingMethodAccessorImpl.java:43), java.lang.reflect.Method.invoke(Method.java:498), org.junit.runners.model.FrameworkMethod$1.runReflectiveCall(FrameworkMethod.java:47), org.junit.internal.runners.model.ReflectiveCallable.run(ReflectiveCallable.java:12), org.junit.runners.model.FrameworkMethod.invokeExplosively(FrameworkMethod.java:44), org.junit.internal.runners.statements.InvokeMethod.evaluate(InvokeMethod.java:17), org.junit.runners.ParentRunner.runLeaf(ParentRunner.java:271), org.junit.runners.BlockJUnit4ClassRunner.runChild(BlockJUnit4ClassRunner.java:70), org.junit.runners.BlockJUnit4ClassRunner.runChild(BlockJUnit4ClassRunner.java:50), org.junit.runners.ParentRunner$3.run(ParentRunner.java:238), org.junit.runners.ParentRunner$1.schedule(ParentRunner.java:63), org.junit.runners.ParentRunner.runChildren(ParentRunner.java:236), org.junit.runners.ParentRunner.access$000(ParentRunner.java:53), org.junit.runners.ParentRunner$2.evaluate(ParentRunner.java:229), org.junit.runners.ParentRunner.run(ParentRunner.java:309), org.junit.runners.Suite.runChild(Suite.java:127), org.junit.runners.Suite.runChild(Suite.java:26), org.junit.runners.ParentRunner$3.run(ParentRunner.java:238), org.junit.runners.ParentRunner$1.schedule(ParentRunner.java:63), org.junit.runners.ParentRunner.runChildren(ParentRunner.java:236), org.junit.runners.ParentRunner.access$000(ParentRunner.java:53), org.junit.runners.ParentRunner$2.evaluate(ParentRunner.java:229), org.junit.runners.ParentRunner.run(ParentRunner.java:309), org.apache.maven.surefire.junit4.JUnit4Provider.execute(JUnit4Provider.java:316), org.apache.maven.surefire.junit4.JUnit4Provider.executeWithRerun(JUnit4Provider.java:240), org.apache.maven.surefire.junit4.JUnit4Provider.executeTestSet(JUnit4Provider.java:214), org.apache.maven.surefire.junit4.JUnit4Provider.invoke(JUnit4Provider.java:155), org.apache.maven.surefire.booter.ForkedBooter.runSuitesInProcess(ForkedBooter.java:385), org.apache.maven.surefire.booter.ForkedBooter.execute(ForkedBooter.java:162), org.apache.maven.surefire.booter.ForkedBooter.run(ForkedBooter.java:507), org.apache.maven.surefire.booter.ForkedBooter.main(ForkedBooter.java:495)]
[Siesta] Specification Comparable_CompareToNull has been violated on line [com.greplin.interval.RegressionTest3.test1807(RegressionTest3.java:6231), sun.reflect.NativeMethodAccessorImpl.invoke0(Native Method), sun.reflect.NativeMethodAccessorImpl.invoke(NativeMethodAccessorImpl.java:62), sun.reflect.DelegatingMethodAccessorImpl.invoke(DelegatingMethodAccessorImpl.java:43), java.lang.reflect.Method.invoke(Method.java:498), org.junit.runners.model.FrameworkMethod$1.runReflectiveCall(FrameworkMethod.java:47), org.junit.internal.runners.model.ReflectiveCallable.run(ReflectiveCallable.java:12), org.junit.runners.model.FrameworkMethod.invokeExplosively(FrameworkMethod.java:44), org.junit.internal.runners.statements.InvokeMethod.evaluate(InvokeMethod.java:17), org.junit.runners.ParentRunner.runLeaf(ParentRunner.java:271), org.junit.runners.BlockJUnit4ClassRunner.runChild(BlockJUnit4ClassRunner.java:70), org.junit.runners.BlockJUnit4ClassRunner.runChild(BlockJUnit4ClassRunner.java:50), org.junit.runners.ParentRunner$3.run(ParentRunner.java:238), org.junit.runners.ParentRunner$1.schedule(ParentRunner.java:63), org.junit.runners.ParentRunner.runChildren(ParentRunner.java:236), org.junit.runners.ParentRunner.access$000(ParentRunner.java:53), org.junit.runners.ParentRunner$2.evaluate(ParentRunner.java:229), org.junit.runners.ParentRunner.run(ParentRunner.java:309), org.junit.runners.Suite.runChild(Suite.java:127), org.junit.runners.Suite.runChild(Suite.java:26), org.junit.runners.ParentRunner$3.run(ParentRunner.java:238), org.junit.runners.ParentRunner$1.schedule(ParentRunner.java:63), org.junit.runners.ParentRunner.runChildren(ParentRunner.java:236), org.junit.runners.ParentRunner.access$000(ParentRunner.java:53), org.junit.runners.ParentRunner$2.evaluate(ParentRunner.java:229), org.junit.runners.ParentRunner.run(ParentRunner.java:309), org.apache.maven.surefire.junit4.JUnit4Provider.execute(JUnit4Provider.java:316), org.apache.maven.surefire.junit4.JUnit4Provider.executeWithRerun(JUnit4Provider.java:240), org.apache.maven.surefire.junit4.JUnit4Provider.executeTestSet(JUnit4Provider.java:214), org.apache.maven.surefire.junit4.JUnit4Provider.invoke(JUnit4Provider.java:155), org.apache.maven.surefire.booter.ForkedBooter.runSuitesInProcess(ForkedBooter.java:385), org.apache.maven.surefire.booter.ForkedBooter.execute(ForkedBooter.java:162), org.apache.maven.surefire.booter.ForkedBooter.run(ForkedBooter.java:507), org.apache.maven.surefire.booter.ForkedBooter.main(ForkedBooter.java:495)]
[Siesta] Specification Comparable_CompareToNull has been violated on line [com.greplin.interval.RegressionTest3.test1927(RegressionTest3.java:9045), sun.reflect.NativeMethodAccessorImpl.invoke0(Native Method), sun.reflect.NativeMethodAccessorImpl.invoke(NativeMethodAccessorImpl.java:62), sun.reflect.DelegatingMethodAccessorImpl.invoke(DelegatingMethodAccessorImpl.java:43), java.lang.reflect.Method.invoke(Method.java:498), org.junit.runners.model.FrameworkMethod$1.runReflectiveCall(FrameworkMethod.java:47), org.junit.internal.runners.model.ReflectiveCallable.run(ReflectiveCallable.java:12), org.junit.runners.model.FrameworkMethod.invokeExplosively(FrameworkMethod.java:44), org.junit.internal.runners.statements.InvokeMethod.evaluate(InvokeMethod.java:17), org.junit.runners.ParentRunner.runLeaf(ParentRunner.java:271), org.junit.runners.BlockJUnit4ClassRunner.runChild(BlockJUnit4ClassRunner.java:70), org.junit.runners.BlockJUnit4ClassRunner.runChild(BlockJUnit4ClassRunner.java:50), org.junit.runners.ParentRunner$3.run(ParentRunner.java:238), org.junit.runners.ParentRunner$1.schedule(ParentRunner.java:63), org.junit.runners.ParentRunner.runChildren(ParentRunner.java:236), org.junit.runners.ParentRunner.access$000(ParentRunner.java:53), org.junit.runners.ParentRunner$2.evaluate(ParentRunner.java:229), org.junit.runners.ParentRunner.run(ParentRunner.java:309), org.junit.runners.Suite.runChild(Suite.java:127), org.junit.runners.Suite.runChild(Suite.java:26), org.junit.runners.ParentRunner$3.run(ParentRunner.java:238), org.junit.runners.ParentRunner$1.schedule(ParentRunner.java:63), org.junit.runners.ParentRunner.runChildren(ParentRunner.java:236), org.junit.runners.ParentRunner.access$000(ParentRunner.java:53), org.junit.runners.ParentRunner$2.evaluate(ParentRunner.java:229), org.junit.runners.ParentRunner.run(ParentRunner.java:309), org.apache.maven.surefire.junit4.JUnit4Provider.execute(JUnit4Provider.java:316), org.apache.maven.surefire.junit4.JUnit4Provider.executeWithRerun(JUnit4Provider.java:240), org.apache.maven.surefire.junit4.JUnit4Provider.executeTestSet(JUnit4Provider.java:214), org.apache.maven.surefire.junit4.JUnit4Provider.invoke(JUnit4Provider.java:155), org.apache.maven.surefire.booter.ForkedBooter.runSuitesInProcess(ForkedBooter.java:385), org.apache.maven.surefire.booter.ForkedBooter.execute(ForkedBooter.java:162), org.apache.maven.surefire.booter.ForkedBooter.run(ForkedBooter.java:507), org.apache.maven.surefire.booter.ForkedBooter.main(ForkedBooter.java:495)]
[Siesta] Specification Comparable_CompareToNull has been violated on line [com.greplin.interval.RegressionTest3.test1950(RegressionTest3.java:9587), sun.reflect.NativeMethodAccessorImpl.invoke0(Native Method), sun.reflect.NativeMethodAccessorImpl.invoke(NativeMethodAccessorImpl.java:62), sun.reflect.DelegatingMethodAccessorImpl.invoke(DelegatingMethodAccessorImpl.java:43), java.lang.reflect.Method.invoke(Method.java:498), org.junit.runners.model.FrameworkMethod$1.runReflectiveCall(FrameworkMethod.java:47), org.junit.internal.runners.model.ReflectiveCallable.run(ReflectiveCallable.java:12), org.junit.runners.model.FrameworkMethod.invokeExplosively(FrameworkMethod.java:44), org.junit.internal.runners.statements.InvokeMethod.evaluate(InvokeMethod.java:17), org.junit.runners.ParentRunner.runLeaf(ParentRunner.java:271), org.junit.runners.BlockJUnit4ClassRunner.runChild(BlockJUnit4ClassRunner.java:70), org.junit.runners.BlockJUnit4ClassRunner.runChild(BlockJUnit4ClassRunner.java:50), org.junit.runners.ParentRunner$3.run(ParentRunner.java:238), org.junit.runners.ParentRunner$1.schedule(ParentRunner.java:63), org.junit.runners.ParentRunner.runChildren(ParentRunner.java:236), org.junit.runners.ParentRunner.access$000(ParentRunner.java:53), org.junit.runners.ParentRunner$2.evaluate(ParentRunner.java:229), org.junit.runners.ParentRunner.run(ParentRunner.java:309), org.junit.runners.Suite.runChild(Suite.java:127), org.junit.runners.Suite.runChild(Suite.java:26), org.junit.runners.ParentRunner$3.run(ParentRunner.java:238), org.junit.runners.ParentRunner$1.schedule(ParentRunner.java:63), org.junit.runners.ParentRunner.runChildren(ParentRunner.java:236), org.junit.runners.ParentRunner.access$000(ParentRunner.java:53), org.junit.runners.ParentRunner$2.evaluate(ParentRunner.java:229), org.junit.runners.ParentRunner.run(ParentRunner.java:309), org.apache.maven.surefire.junit4.JUnit4Provider.execute(JUnit4Provider.java:316), org.apache.maven.surefire.junit4.JUnit4Provider.executeWithRerun(JUnit4Provider.java:240), org.apache.maven.surefire.junit4.JUnit4Provider.executeTestSet(JUnit4Provider.java:214), org.apache.maven.surefire.junit4.JUnit4Provider.invoke(JUnit4Provider.java:155), org.apache.maven.surefire.booter.ForkedBooter.runSuitesInProcess(ForkedBooter.java:385), org.apache.maven.surefire.booter.ForkedBooter.execute(ForkedBooter.java:162), org.apache.maven.surefire.booter.ForkedBooter.run(ForkedBooter.java:507), org.apache.maven.surefire.booter.ForkedBooter.main(ForkedBooter.java:495)]
[Siesta] Specification Comparable_CompareToNull has been violated on line [com.greplin.interval.RegressionTest4.test2141(RegressionTest4.java:2808), sun.reflect.NativeMethodAccessorImpl.invoke0(Native Method), sun.reflect.NativeMethodAccessorImpl.invoke(NativeMethodAccessorImpl.java:62), sun.reflect.DelegatingMethodAccessorImpl.invoke(DelegatingMethodAccessorImpl.java:43), java.lang.reflect.Method.invoke(Method.java:498), org.junit.runners.model.FrameworkMethod$1.runReflectiveCall(FrameworkMethod.java:47), org.junit.internal.runners.model.ReflectiveCallable.run(ReflectiveCallable.java:12), org.junit.runners.model.FrameworkMethod.invokeExplosively(FrameworkMethod.java:44), org.junit.internal.runners.statements.InvokeMethod.evaluate(InvokeMethod.java:17), org.junit.runners.ParentRunner.runLeaf(ParentRunner.java:271), org.junit.runners.BlockJUnit4ClassRunner.runChild(BlockJUnit4ClassRunner.java:70), org.junit.runners.BlockJUnit4ClassRunner.runChild(BlockJUnit4ClassRunner.java:50), org.junit.runners.ParentRunner$3.run(ParentRunner.java:238), org.junit.runners.ParentRunner$1.schedule(ParentRunner.java:63), org.junit.runners.ParentRunner.runChildren(ParentRunner.java:236), org.junit.runners.ParentRunner.access$000(ParentRunner.java:53), org.junit.runners.ParentRunner$2.evaluate(ParentRunner.java:229), org.junit.runners.ParentRunner.run(ParentRunner.java:309), org.junit.runners.Suite.runChild(Suite.java:127), org.junit.runners.Suite.runChild(Suite.java:26), org.junit.runners.ParentRunner$3.run(ParentRunner.java:238), org.junit.runners.ParentRunner$1.schedule(ParentRunner.java:63), org.junit.runners.ParentRunner.runChildren(ParentRunner.java:236), org.junit.runners.ParentRunner.access$000(ParentRunner.java:53), org.junit.runners.ParentRunner$2.evaluate(ParentRunner.java:229), org.junit.runners.ParentRunner.run(ParentRunner.java:309), org.apache.maven.surefire.junit4.JUnit4Provider.execute(JUnit4Provider.java:316), org.apache.maven.surefire.junit4.JUnit4Provider.executeWithRerun(JUnit4Provider.java:240), org.apache.maven.surefire.junit4.JUnit4Provider.executeTestSet(JUnit4Provider.java:214), org.apache.maven.surefire.junit4.JUnit4Provider.invoke(JUnit4Provider.java:155), org.apache.maven.surefire.booter.ForkedBooter.runSuitesInProcess(ForkedBooter.java:385), org.apache.maven.surefire.booter.ForkedBooter.execute(ForkedBooter.java:162), org.apache.maven.surefire.booter.ForkedBooter.run(ForkedBooter.java:507), org.apache.maven.surefire.booter.ForkedBooter.main(ForkedBooter.java:495)]
[Siesta] Specification Comparable_CompareToNull has been violated on line [com.greplin.interval.RegressionTest4.test2149(RegressionTest4.java:2912), sun.reflect.NativeMethodAccessorImpl.invoke0(Native Method), sun.reflect.NativeMethodAccessorImpl.invoke(NativeMethodAccessorImpl.java:62), sun.reflect.DelegatingMethodAccessorImpl.invoke(DelegatingMethodAccessorImpl.java:43), java.lang.reflect.Method.invoke(Method.java:498), org.junit.runners.model.FrameworkMethod$1.runReflectiveCall(FrameworkMethod.java:47), org.junit.internal.runners.model.ReflectiveCallable.run(ReflectiveCallable.java:12), org.junit.runners.model.FrameworkMethod.invokeExplosively(FrameworkMethod.java:44), org.junit.internal.runners.statements.InvokeMethod.evaluate(InvokeMethod.java:17), org.junit.runners.ParentRunner.runLeaf(ParentRunner.java:271), org.junit.runners.BlockJUnit4ClassRunner.runChild(BlockJUnit4ClassRunner.java:70), org.junit.runners.BlockJUnit4ClassRunner.runChild(BlockJUnit4ClassRunner.java:50), org.junit.runners.ParentRunner$3.run(ParentRunner.java:238), org.junit.runners.ParentRunner$1.schedule(ParentRunner.java:63), org.junit.runners.ParentRunner.runChildren(ParentRunner.java:236), org.junit.runners.ParentRunner.access$000(ParentRunner.java:53), org.junit.runners.ParentRunner$2.evaluate(ParentRunner.java:229), org.junit.runners.ParentRunner.run(ParentRunner.java:309), org.junit.runners.Suite.runChild(Suite.java:127), org.junit.runners.Suite.runChild(Suite.java:26), org.junit.runners.ParentRunner$3.run(ParentRunner.java:238), org.junit.runners.ParentRunner$1.schedule(ParentRunner.java:63), org.junit.runners.ParentRunner.runChildren(ParentRunner.java:236), org.junit.runners.ParentRunner.access$000(ParentRunner.java:53), org.junit.runners.ParentRunner$2.evaluate(ParentRunner.java:229), org.junit.runners.ParentRunner.run(ParentRunner.java:309), org.apache.maven.surefire.junit4.JUnit4Provider.execute(JUnit4Provider.java:316), org.apache.maven.surefire.junit4.JUnit4Provider.executeWithRerun(JUnit4Provider.java:240), org.apache.maven.surefire.junit4.JUnit4Provider.executeTestSet(JUnit4Provider.java:214), org.apache.maven.surefire.junit4.JUnit4Provider.invoke(JUnit4Provider.java:155), org.apache.maven.surefire.booter.ForkedBooter.runSuitesInProcess(ForkedBooter.java:385), org.apache.maven.surefire.booter.ForkedBooter.execute(ForkedBooter.java:162), org.apache.maven.surefire.booter.ForkedBooter.run(ForkedBooter.java:507), org.apache.maven.surefire.booter.ForkedBooter.main(ForkedBooter.java:495)]
[Siesta] Specification Comparable_CompareToNull has been violated on line [com.greplin.interval.RegressionTest4.test2238(RegressionTest4.java:4846), sun.reflect.NativeMethodAccessorImpl.invoke0(Native Method), sun.reflect.NativeMethodAccessorImpl.invoke(NativeMethodAccessorImpl.java:62), sun.reflect.DelegatingMethodAccessorImpl.invoke(DelegatingMethodAccessorImpl.java:43), java.lang.reflect.Method.invoke(Method.java:498), org.junit.runners.model.FrameworkMethod$1.runReflectiveCall(FrameworkMethod.java:47), org.junit.internal.runners.model.ReflectiveCallable.run(ReflectiveCallable.java:12), org.junit.runners.model.FrameworkMethod.invokeExplosively(FrameworkMethod.java:44), org.junit.internal.runners.statements.InvokeMethod.evaluate(InvokeMethod.java:17), org.junit.runners.ParentRunner.runLeaf(ParentRunner.java:271), org.junit.runners.BlockJUnit4ClassRunner.runChild(BlockJUnit4ClassRunner.java:70), org.junit.runners.BlockJUnit4ClassRunner.runChild(BlockJUnit4ClassRunner.java:50), org.junit.runners.ParentRunner$3.run(ParentRunner.java:238), org.junit.runners.ParentRunner$1.schedule(ParentRunner.java:63), org.junit.runners.ParentRunner.runChildren(ParentRunner.java:236), org.junit.runners.ParentRunner.access$000(ParentRunner.java:53), org.junit.runners.ParentRunner$2.evaluate(ParentRunner.java:229), org.junit.runners.ParentRunner.run(ParentRunner.java:309), org.junit.runners.Suite.runChild(Suite.java:127), org.junit.runners.Suite.runChild(Suite.java:26), org.junit.runners.ParentRunner$3.run(ParentRunner.java:238), org.junit.runners.ParentRunner$1.schedule(ParentRunner.java:63), org.junit.runners.ParentRunner.runChildren(ParentRunner.java:236), org.junit.runners.ParentRunner.access$000(ParentRunner.java:53), org.junit.runners.ParentRunner$2.evaluate(ParentRunner.java:229), org.junit.runners.ParentRunner.run(ParentRunner.java:309), org.apache.maven.surefire.junit4.JUnit4Provider.execute(JUnit4Provider.java:316), org.apache.maven.surefire.junit4.JUnit4Provider.executeWithRerun(JUnit4Provider.java:240), org.apache.maven.surefire.junit4.JUnit4Provider.executeTestSet(JUnit4Provider.java:214), org.apache.maven.surefire.junit4.JUnit4Provider.invoke(JUnit4Provider.java:155), org.apache.maven.surefire.booter.ForkedBooter.runSuitesInProcess(ForkedBooter.java:385), org.apache.maven.surefire.booter.ForkedBooter.execute(ForkedBooter.java:162), org.apache.maven.surefire.booter.ForkedBooter.run(ForkedBooter.java:507), org.apache.maven.surefire.booter.ForkedBooter.main(ForkedBooter.java:495)]
[Siesta] Specification Comparable_CompareToNull has been violated on line [com.greplin.interval.RegressionTest4.test2254(RegressionTest4.java:5272), sun.reflect.NativeMethodAccessorImpl.invoke0(Native Method), sun.reflect.NativeMethodAccessorImpl.invoke(NativeMethodAccessorImpl.java:62), sun.reflect.DelegatingMethodAccessorImpl.invoke(DelegatingMethodAccessorImpl.java:43), java.lang.reflect.Method.invoke(Method.java:498), org.junit.runners.model.FrameworkMethod$1.runReflectiveCall(FrameworkMethod.java:47), org.junit.internal.runners.model.ReflectiveCallable.run(ReflectiveCallable.java:12), org.junit.runners.model.FrameworkMethod.invokeExplosively(FrameworkMethod.java:44), org.junit.internal.runners.statements.InvokeMethod.evaluate(InvokeMethod.java:17), org.junit.runners.ParentRunner.runLeaf(ParentRunner.java:271), org.junit.runners.BlockJUnit4ClassRunner.runChild(BlockJUnit4ClassRunner.java:70), org.junit.runners.BlockJUnit4ClassRunner.runChild(BlockJUnit4ClassRunner.java:50), org.junit.runners.ParentRunner$3.run(ParentRunner.java:238), org.junit.runners.ParentRunner$1.schedule(ParentRunner.java:63), org.junit.runners.ParentRunner.runChildren(ParentRunner.java:236), org.junit.runners.ParentRunner.access$000(ParentRunner.java:53), org.junit.runners.ParentRunner$2.evaluate(ParentRunner.java:229), org.junit.runners.ParentRunner.run(ParentRunner.java:309), org.junit.runners.Suite.runChild(Suite.java:127), org.junit.runners.Suite.runChild(Suite.java:26), org.junit.runners.ParentRunner$3.run(ParentRunner.java:238), org.junit.runners.ParentRunner$1.schedule(ParentRunner.java:63), org.junit.runners.ParentRunner.runChildren(ParentRunner.java:236), org.junit.runners.ParentRunner.access$000(ParentRunner.java:53), org.junit.runners.ParentRunner$2.evaluate(ParentRunner.java:229), org.junit.runners.ParentRunner.run(ParentRunner.java:309), org.apache.maven.surefire.junit4.JUnit4Provider.execute(JUnit4Provider.java:316), org.apache.maven.surefire.junit4.JUnit4Provider.executeWithRerun(JUnit4Provider.java:240), org.apache.maven.surefire.junit4.JUnit4Provider.executeTestSet(JUnit4Provider.java:214), org.apache.maven.surefire.junit4.JUnit4Provider.invoke(JUnit4Provider.java:155), org.apache.maven.surefire.booter.ForkedBooter.runSuitesInProcess(ForkedBooter.java:385), org.apache.maven.surefire.booter.ForkedBooter.execute(ForkedBooter.java:162), org.apache.maven.surefire.booter.ForkedBooter.run(ForkedBooter.java:507), org.apache.maven.surefire.booter.ForkedBooter.main(ForkedBooter.java:495)]
[Siesta] Specification Comparable_CompareToNull has been violated on line [com.greplin.interval.RegressionTest4.test2263(RegressionTest4.java:5631), sun.reflect.NativeMethodAccessorImpl.invoke0(Native Method), sun.reflect.NativeMethodAccessorImpl.invoke(NativeMethodAccessorImpl.java:62), sun.reflect.DelegatingMethodAccessorImpl.invoke(DelegatingMethodAccessorImpl.java:43), java.lang.reflect.Method.invoke(Method.java:498), org.junit.runners.model.FrameworkMethod$1.runReflectiveCall(FrameworkMethod.java:47), org.junit.internal.runners.model.ReflectiveCallable.run(ReflectiveCallable.java:12), org.junit.runners.model.FrameworkMethod.invokeExplosively(FrameworkMethod.java:44), org.junit.internal.runners.statements.InvokeMethod.evaluate(InvokeMethod.java:17), org.junit.runners.ParentRunner.runLeaf(ParentRunner.java:271), org.junit.runners.BlockJUnit4ClassRunner.runChild(BlockJUnit4ClassRunner.java:70), org.junit.runners.BlockJUnit4ClassRunner.runChild(BlockJUnit4ClassRunner.java:50), org.junit.runners.ParentRunner$3.run(ParentRunner.java:238), org.junit.runners.ParentRunner$1.schedule(ParentRunner.java:63), org.junit.runners.ParentRunner.runChildren(ParentRunner.java:236), org.junit.runners.ParentRunner.access$000(ParentRunner.java:53), org.junit.runners.ParentRunner$2.evaluate(ParentRunner.java:229), org.junit.runners.ParentRunner.run(ParentRunner.java:309), org.junit.runners.Suite.runChild(Suite.java:127), org.junit.runners.Suite.runChild(Suite.java:26), org.junit.runners.ParentRunner$3.run(ParentRunner.java:238), org.junit.runners.ParentRunner$1.schedule(ParentRunner.java:63), org.junit.runners.ParentRunner.runChildren(ParentRunner.java:236), org.junit.runners.ParentRunner.access$000(ParentRunner.java:53), org.junit.runners.ParentRunner$2.evaluate(ParentRunner.java:229), org.junit.runners.ParentRunner.run(ParentRunner.java:309), org.apache.maven.surefire.junit4.JUnit4Provider.execute(JUnit4Provider.java:316), org.apache.maven.surefire.junit4.JUnit4Provider.executeWithRerun(JUnit4Provider.java:240), org.apache.maven.surefire.junit4.JUnit4Provider.executeTestSet(JUnit4Provider.java:214), org.apache.maven.surefire.junit4.JUnit4Provider.invoke(JUnit4Provider.java:155), org.apache.maven.surefire.booter.ForkedBooter.runSuitesInProcess(ForkedBooter.java:385), org.apache.maven.surefire.booter.ForkedBooter.execute(ForkedBooter.java:162), org.apache.maven.surefire.booter.ForkedBooter.run(ForkedBooter.java:507), org.apache.maven.surefire.booter.ForkedBooter.main(ForkedBooter.java:495)]
[Siesta] Specification Comparable_CompareToNull has been violated on line [com.greplin.interval.RegressionTest4.test2472(RegressionTest4.java:10179), sun.reflect.NativeMethodAccessorImpl.invoke0(Native Method), sun.reflect.NativeMethodAccessorImpl.invoke(NativeMethodAccessorImpl.java:62), sun.reflect.DelegatingMethodAccessorImpl.invoke(DelegatingMethodAccessorImpl.java:43), java.lang.reflect.Method.invoke(Method.java:498), org.junit.runners.model.FrameworkMethod$1.runReflectiveCall(FrameworkMethod.java:47), org.junit.internal.runners.model.ReflectiveCallable.run(ReflectiveCallable.java:12), org.junit.runners.model.FrameworkMethod.invokeExplosively(FrameworkMethod.java:44), org.junit.internal.runners.statements.InvokeMethod.evaluate(InvokeMethod.java:17), org.junit.runners.ParentRunner.runLeaf(ParentRunner.java:271), org.junit.runners.BlockJUnit4ClassRunner.runChild(BlockJUnit4ClassRunner.java:70), org.junit.runners.BlockJUnit4ClassRunner.runChild(BlockJUnit4ClassRunner.java:50), org.junit.runners.ParentRunner$3.run(ParentRunner.java:238), org.junit.runners.ParentRunner$1.schedule(ParentRunner.java:63), org.junit.runners.ParentRunner.runChildren(ParentRunner.java:236), org.junit.runners.ParentRunner.access$000(ParentRunner.java:53), org.junit.runners.ParentRunner$2.evaluate(ParentRunner.java:229), org.junit.runners.ParentRunner.run(ParentRunner.java:309), org.junit.runners.Suite.runChild(Suite.java:127), org.junit.runners.Suite.runChild(Suite.java:26), org.junit.runners.ParentRunner$3.run(ParentRunner.java:238), org.junit.runners.ParentRunner$1.schedule(ParentRunner.java:63), org.junit.runners.ParentRunner.runChildren(ParentRunner.java:236), org.junit.runners.ParentRunner.access$000(ParentRunner.java:53), org.junit.runners.ParentRunner$2.evaluate(ParentRunner.java:229), org.junit.runners.ParentRunner.run(ParentRunner.java:309), org.apache.maven.surefire.junit4.JUnit4Provider.execute(JUnit4Provider.java:316), org.apache.maven.surefire.junit4.JUnit4Provider.executeWithRerun(JUnit4Provider.java:240), org.apache.maven.surefire.junit4.JUnit4Provider.executeTestSet(JUnit4Provider.java:214), org.apache.maven.surefire.junit4.JUnit4Provider.invoke(JUnit4Provider.java:155), org.apache.maven.surefire.booter.ForkedBooter.runSuitesInProcess(ForkedBooter.java:385), org.apache.maven.surefire.booter.ForkedBooter.execute(ForkedBooter.java:162), org.apache.maven.surefire.booter.ForkedBooter.run(ForkedBooter.java:507), org.apache.maven.surefire.booter.ForkedBooter.main(ForkedBooter.java:495)]
[Siesta] Specification Comparable_CompareToNull has been violated on line [com.greplin.interval.RegressionTest5.test2579(RegressionTest5.java:1908), sun.reflect.NativeMethodAccessorImpl.invoke0(Native Method), sun.reflect.NativeMethodAccessorImpl.invoke(NativeMethodAccessorImpl.java:62), sun.reflect.DelegatingMethodAccessorImpl.invoke(DelegatingMethodAccessorImpl.java:43), java.lang.reflect.Method.invoke(Method.java:498), org.junit.runners.model.FrameworkMethod$1.runReflectiveCall(FrameworkMethod.java:47), org.junit.internal.runners.model.ReflectiveCallable.run(ReflectiveCallable.java:12), org.junit.runners.model.FrameworkMethod.invokeExplosively(FrameworkMethod.java:44), org.junit.internal.runners.statements.InvokeMethod.evaluate(InvokeMethod.java:17), org.junit.runners.ParentRunner.runLeaf(ParentRunner.java:271), org.junit.runners.BlockJUnit4ClassRunner.runChild(BlockJUnit4ClassRunner.java:70), org.junit.runners.BlockJUnit4ClassRunner.runChild(BlockJUnit4ClassRunner.java:50), org.junit.runners.ParentRunner$3.run(ParentRunner.java:238), org.junit.runners.ParentRunner$1.schedule(ParentRunner.java:63), org.junit.runners.ParentRunner.runChildren(ParentRunner.java:236), org.junit.runners.ParentRunner.access$000(ParentRunner.java:53), org.junit.runners.ParentRunner$2.evaluate(ParentRunner.java:229), org.junit.runners.ParentRunner.run(ParentRunner.java:309), org.junit.runners.Suite.runChild(Suite.java:127), org.junit.runners.Suite.runChild(Suite.java:26), org.junit.runners.ParentRunner$3.run(ParentRunner.java:238), org.junit.runners.ParentRunner$1.schedule(ParentRunner.java:63), org.junit.runners.ParentRunner.runChildren(ParentRunner.java:236), org.junit.runners.ParentRunner.access$000(ParentRunner.java:53), org.junit.runners.ParentRunner$2.evaluate(ParentRunner.java:229), org.junit.runners.ParentRunner.run(ParentRunner.java:309), org.apache.maven.surefire.junit4.JUnit4Provider.execute(JUnit4Provider.java:316), org.apache.maven.surefire.junit4.JUnit4Provider.executeWithRerun(JUnit4Provider.java:240), org.apache.maven.surefire.junit4.JUnit4Provider.executeTestSet(JUnit4Provider.java:214), org.apache.maven.surefire.junit4.JUnit4Provider.invoke(JUnit4Provider.java:155), org.apache.maven.surefire.booter.ForkedBooter.runSuitesInProcess(ForkedBooter.java:385), org.apache.maven.surefire.booter.ForkedBooter.execute(ForkedBooter.java:162), org.apache.maven.surefire.booter.ForkedBooter.run(ForkedBooter.java:507), org.apache.maven.surefire.booter.ForkedBooter.main(ForkedBooter.java:495)]
[Siesta] Specification Comparable_CompareToNull has been violated on line [com.greplin.interval.RegressionTest5.test2945(RegressionTest5.java:10242), sun.reflect.NativeMethodAccessorImpl.invoke0(Native Method), sun.reflect.NativeMethodAccessorImpl.invoke(NativeMethodAccessorImpl.java:62), sun.reflect.DelegatingMethodAccessorImpl.invoke(DelegatingMethodAccessorImpl.java:43), java.lang.reflect.Method.invoke(Method.java:498), org.junit.runners.model.FrameworkMethod$1.runReflectiveCall(FrameworkMethod.java:47), org.junit.internal.runners.model.ReflectiveCallable.run(ReflectiveCallable.java:12), org.junit.runners.model.FrameworkMethod.invokeExplosively(FrameworkMethod.java:44), org.junit.internal.runners.statements.InvokeMethod.evaluate(InvokeMethod.java:17), org.junit.runners.ParentRunner.runLeaf(ParentRunner.java:271), org.junit.runners.BlockJUnit4ClassRunner.runChild(BlockJUnit4ClassRunner.java:70), org.junit.runners.BlockJUnit4ClassRunner.runChild(BlockJUnit4ClassRunner.java:50), org.junit.runners.ParentRunner$3.run(ParentRunner.java:238), org.junit.runners.ParentRunner$1.schedule(ParentRunner.java:63), org.junit.runners.ParentRunner.runChildren(ParentRunner.java:236), org.junit.runners.ParentRunner.access$000(ParentRunner.java:53), org.junit.runners.ParentRunner$2.evaluate(ParentRunner.java:229), org.junit.runners.ParentRunner.run(ParentRunner.java:309), org.junit.runners.Suite.runChild(Suite.java:127), org.junit.runners.Suite.runChild(Suite.java:26), org.junit.runners.ParentRunner$3.run(ParentRunner.java:238), org.junit.runners.ParentRunner$1.schedule(ParentRunner.java:63), org.junit.runners.ParentRunner.runChildren(ParentRunner.java:236), org.junit.runners.ParentRunner.access$000(ParentRunner.java:53), org.junit.runners.ParentRunner$2.evaluate(ParentRunner.java:229), org.junit.runners.ParentRunner.run(ParentRunner.java:309), org.apache.maven.surefire.junit4.JUnit4Provider.execute(JUnit4Provider.java:316), org.apache.maven.surefire.junit4.JUnit4Provider.executeWithRerun(JUnit4Provider.java:240), org.apache.maven.surefire.junit4.JUnit4Provider.executeTestSet(JUnit4Provider.java:214), org.apache.maven.surefire.junit4.JUnit4Provider.invoke(JUnit4Provider.java:155), org.apache.maven.surefire.booter.ForkedBooter.runSuitesInProcess(ForkedBooter.java:385), org.apache.maven.surefire.booter.ForkedBooter.execute(ForkedBooter.java:162), org.apache.maven.surefire.booter.ForkedBooter.run(ForkedBooter.java:507), org.apache.maven.surefire.booter.ForkedBooter.main(ForkedBooter.java:495)]
[Siesta] Specification Comparable_CompareToNull has been violated on line [com.greplin.interval.RegressionTest5.test2976(RegressionTest5.java:10913), sun.reflect.NativeMethodAccessorImpl.invoke0(Native Method), sun.reflect.NativeMethodAccessorImpl.invoke(NativeMethodAccessorImpl.java:62), sun.reflect.DelegatingMethodAccessorImpl.invoke(DelegatingMethodAccessorImpl.java:43), java.lang.reflect.Method.invoke(Method.java:498), org.junit.runners.model.FrameworkMethod$1.runReflectiveCall(FrameworkMethod.java:47), org.junit.internal.runners.model.ReflectiveCallable.run(ReflectiveCallable.java:12), org.junit.runners.model.FrameworkMethod.invokeExplosively(FrameworkMethod.java:44), org.junit.internal.runners.statements.InvokeMethod.evaluate(InvokeMethod.java:17), org.junit.runners.ParentRunner.runLeaf(ParentRunner.java:271), org.junit.runners.BlockJUnit4ClassRunner.runChild(BlockJUnit4ClassRunner.java:70), org.junit.runners.BlockJUnit4ClassRunner.runChild(BlockJUnit4ClassRunner.java:50), org.junit.runners.ParentRunner$3.run(ParentRunner.java:238), org.junit.runners.ParentRunner$1.schedule(ParentRunner.java:63), org.junit.runners.ParentRunner.runChildren(ParentRunner.java:236), org.junit.runners.ParentRunner.access$000(ParentRunner.java:53), org.junit.runners.ParentRunner$2.evaluate(ParentRunner.java:229), org.junit.runners.ParentRunner.run(ParentRunner.java:309), org.junit.runners.Suite.runChild(Suite.java:127), org.junit.runners.Suite.runChild(Suite.java:26), org.junit.runners.ParentRunner$3.run(ParentRunner.java:238), org.junit.runners.ParentRunner$1.schedule(ParentRunner.java:63), org.junit.runners.ParentRunner.runChildren(ParentRunner.java:236), org.junit.runners.ParentRunner.access$000(ParentRunner.java:53), org.junit.runners.ParentRunner$2.evaluate(ParentRunner.java:229), org.junit.runners.ParentRunner.run(ParentRunner.java:309), org.apache.maven.surefire.junit4.JUnit4Provider.execute(JUnit4Provider.java:316), org.apache.maven.surefire.junit4.JUnit4Provider.executeWithRerun(JUnit4Provider.java:240), org.apache.maven.surefire.junit4.JUnit4Provider.executeTestSet(JUnit4Provider.java:214), org.apache.maven.surefire.junit4.JUnit4Provider.invoke(JUnit4Provider.java:155), org.apache.maven.surefire.booter.ForkedBooter.runSuitesInProcess(ForkedBooter.java:385), org.apache.maven.surefire.booter.ForkedBooter.execute(ForkedBooter.java:162), org.apache.maven.surefire.booter.ForkedBooter.run(ForkedBooter.java:507), org.apache.maven.surefire.booter.ForkedBooter.main(ForkedBooter.java:495)]
[Siesta] Specification Comparable_CompareToNull has been violated on line [com.greplin.interval.RegressionTest6.test3086(RegressionTest6.java:1623), sun.reflect.NativeMethodAccessorImpl.invoke0(Native Method), sun.reflect.NativeMethodAccessorImpl.invoke(NativeMethodAccessorImpl.java:62), sun.reflect.DelegatingMethodAccessorImpl.invoke(DelegatingMethodAccessorImpl.java:43), java.lang.reflect.Method.invoke(Method.java:498), org.junit.runners.model.FrameworkMethod$1.runReflectiveCall(FrameworkMethod.java:47), org.junit.internal.runners.model.ReflectiveCallable.run(ReflectiveCallable.java:12), org.junit.runners.model.FrameworkMethod.invokeExplosively(FrameworkMethod.java:44), org.junit.internal.runners.statements.InvokeMethod.evaluate(InvokeMethod.java:17), org.junit.runners.ParentRunner.runLeaf(ParentRunner.java:271), org.junit.runners.BlockJUnit4ClassRunner.runChild(BlockJUnit4ClassRunner.java:70), org.junit.runners.BlockJUnit4ClassRunner.runChild(BlockJUnit4ClassRunner.java:50), org.junit.runners.ParentRunner$3.run(ParentRunner.java:238), org.junit.runners.ParentRunner$1.schedule(ParentRunner.java:63), org.junit.runners.ParentRunner.runChildren(ParentRunner.java:236), org.junit.runners.ParentRunner.access$000(ParentRunner.java:53), org.junit.runners.ParentRunner$2.evaluate(ParentRunner.java:229), org.junit.runners.ParentRunner.run(ParentRunner.java:309), org.junit.runners.Suite.runChild(Suite.java:127), org.junit.runners.Suite.runChild(Suite.java:26), org.junit.runners.ParentRunner$3.run(ParentRunner.java:238), org.junit.runners.ParentRunner$1.schedule(ParentRunner.java:63), org.junit.runners.ParentRunner.runChildren(ParentRunner.java:236), org.junit.runners.ParentRunner.access$000(ParentRunner.java:53), org.junit.runners.ParentRunner$2.evaluate(ParentRunner.java:229), org.junit.runners.ParentRunner.run(ParentRunner.java:309), org.apache.maven.surefire.junit4.JUnit4Provider.execute(JUnit4Provider.java:316), org.apache.maven.surefire.junit4.JUnit4Provider.executeWithRerun(JUnit4Provider.java:240), org.apache.maven.surefire.junit4.JUnit4Provider.executeTestSet(JUnit4Provider.java:214), org.apache.maven.surefire.junit4.JUnit4Provider.invoke(JUnit4Provider.java:155), org.apache.maven.surefire.booter.ForkedBooter.runSuitesInProcess(ForkedBooter.java:385), org.apache.maven.surefire.booter.ForkedBooter.execute(ForkedBooter.java:162), org.apache.maven.surefire.booter.ForkedBooter.run(ForkedBooter.java:507), org.apache.maven.surefire.booter.ForkedBooter.main(ForkedBooter.java:495)]
[Siesta] Specification Comparable_CompareToNull has been violated on line [com.greplin.interval.RegressionTest6.test3095(RegressionTest6.java:1908), sun.reflect.NativeMethodAccessorImpl.invoke0(Native Method), sun.reflect.NativeMethodAccessorImpl.invoke(NativeMethodAccessorImpl.java:62), sun.reflect.DelegatingMethodAccessorImpl.invoke(DelegatingMethodAccessorImpl.java:43), java.lang.reflect.Method.invoke(Method.java:498), org.junit.runners.model.FrameworkMethod$1.runReflectiveCall(FrameworkMethod.java:47), org.junit.internal.runners.model.ReflectiveCallable.run(ReflectiveCallable.java:12), org.junit.runners.model.FrameworkMethod.invokeExplosively(FrameworkMethod.java:44), org.junit.internal.runners.statements.InvokeMethod.evaluate(InvokeMethod.java:17), org.junit.runners.ParentRunner.runLeaf(ParentRunner.java:271), org.junit.runners.BlockJUnit4ClassRunner.runChild(BlockJUnit4ClassRunner.java:70), org.junit.runners.BlockJUnit4ClassRunner.runChild(BlockJUnit4ClassRunner.java:50), org.junit.runners.ParentRunner$3.run(ParentRunner.java:238), org.junit.runners.ParentRunner$1.schedule(ParentRunner.java:63), org.junit.runners.ParentRunner.runChildren(ParentRunner.java:236), org.junit.runners.ParentRunner.access$000(ParentRunner.java:53), org.junit.runners.ParentRunner$2.evaluate(ParentRunner.java:229), org.junit.runners.ParentRunner.run(ParentRunner.java:309), org.junit.runners.Suite.runChild(Suite.java:127), org.junit.runners.Suite.runChild(Suite.java:26), org.junit.runners.ParentRunner$3.run(ParentRunner.java:238), org.junit.runners.ParentRunner$1.schedule(ParentRunner.java:63), org.junit.runners.ParentRunner.runChildren(ParentRunner.java:236), org.junit.runners.ParentRunner.access$000(ParentRunner.java:53), org.junit.runners.ParentRunner$2.evaluate(ParentRunner.java:229), org.junit.runners.ParentRunner.run(ParentRunner.java:309), org.apache.maven.surefire.junit4.JUnit4Provider.execute(JUnit4Provider.java:316), org.apache.maven.surefire.junit4.JUnit4Provider.executeWithRerun(JUnit4Provider.java:240), org.apache.maven.surefire.junit4.JUnit4Provider.executeTestSet(JUnit4Provider.java:214), org.apache.maven.surefire.junit4.JUnit4Provider.invoke(JUnit4Provider.java:155), org.apache.maven.surefire.booter.ForkedBooter.runSuitesInProcess(ForkedBooter.java:385), org.apache.maven.surefire.booter.ForkedBooter.execute(ForkedBooter.java:162), org.apache.maven.surefire.booter.ForkedBooter.run(ForkedBooter.java:507), org.apache.maven.surefire.booter.ForkedBooter.main(ForkedBooter.java:495)]
[Siesta] Specification Comparable_CompareToNull has been violated on line [com.greplin.interval.RegressionTest6.test3413(RegressionTest6.java:8609), sun.reflect.NativeMethodAccessorImpl.invoke0(Native Method), sun.reflect.NativeMethodAccessorImpl.invoke(NativeMethodAccessorImpl.java:62), sun.reflect.DelegatingMethodAccessorImpl.invoke(DelegatingMethodAccessorImpl.java:43), java.lang.reflect.Method.invoke(Method.java:498), org.junit.runners.model.FrameworkMethod$1.runReflectiveCall(FrameworkMethod.java:47), org.junit.internal.runners.model.ReflectiveCallable.run(ReflectiveCallable.java:12), org.junit.runners.model.FrameworkMethod.invokeExplosively(FrameworkMethod.java:44), org.junit.internal.runners.statements.InvokeMethod.evaluate(InvokeMethod.java:17), org.junit.runners.ParentRunner.runLeaf(ParentRunner.java:271), org.junit.runners.BlockJUnit4ClassRunner.runChild(BlockJUnit4ClassRunner.java:70), org.junit.runners.BlockJUnit4ClassRunner.runChild(BlockJUnit4ClassRunner.java:50), org.junit.runners.ParentRunner$3.run(ParentRunner.java:238), org.junit.runners.ParentRunner$1.schedule(ParentRunner.java:63), org.junit.runners.ParentRunner.runChildren(ParentRunner.java:236), org.junit.runners.ParentRunner.access$000(ParentRunner.java:53), org.junit.runners.ParentRunner$2.evaluate(ParentRunner.java:229), org.junit.runners.ParentRunner.run(ParentRunner.java:309), org.junit.runners.Suite.runChild(Suite.java:127), org.junit.runners.Suite.runChild(Suite.java:26), org.junit.runners.ParentRunner$3.run(ParentRunner.java:238), org.junit.runners.ParentRunner$1.schedule(ParentRunner.java:63), org.junit.runners.ParentRunner.runChildren(ParentRunner.java:236), org.junit.runners.ParentRunner.access$000(ParentRunner.java:53), org.junit.runners.ParentRunner$2.evaluate(ParentRunner.java:229), org.junit.runners.ParentRunner.run(ParentRunner.java:309), org.apache.maven.surefire.junit4.JUnit4Provider.execute(JUnit4Provider.java:316), org.apache.maven.surefire.junit4.JUnit4Provider.executeWithRerun(JUnit4Provider.java:240), org.apache.maven.surefire.junit4.JUnit4Provider.executeTestSet(JUnit4Provider.java:214), org.apache.maven.surefire.junit4.JUnit4Provider.invoke(JUnit4Provider.java:155), org.apache.maven.surefire.booter.ForkedBooter.runSuitesInProcess(ForkedBooter.java:385), org.apache.maven.surefire.booter.ForkedBooter.execute(ForkedBooter.java:162), org.apache.maven.surefire.booter.ForkedBooter.run(ForkedBooter.java:507), org.apache.maven.surefire.booter.ForkedBooter.main(ForkedBooter.java:495)]
[Siesta] Specification Comparable_CompareToNull has been violated on line [com.greplin.interval.RegressionTest6.test3449(RegressionTest6.java:9277), sun.reflect.NativeMethodAccessorImpl.invoke0(Native Method), sun.reflect.NativeMethodAccessorImpl.invoke(NativeMethodAccessorImpl.java:62), sun.reflect.DelegatingMethodAccessorImpl.invoke(DelegatingMethodAccessorImpl.java:43), java.lang.reflect.Method.invoke(Method.java:498), org.junit.runners.model.FrameworkMethod$1.runReflectiveCall(FrameworkMethod.java:47), org.junit.internal.runners.model.ReflectiveCallable.run(ReflectiveCallable.java:12), org.junit.runners.model.FrameworkMethod.invokeExplosively(FrameworkMethod.java:44), org.junit.internal.runners.statements.InvokeMethod.evaluate(InvokeMethod.java:17), org.junit.runners.ParentRunner.runLeaf(ParentRunner.java:271), org.junit.runners.BlockJUnit4ClassRunner.runChild(BlockJUnit4ClassRunner.java:70), org.junit.runners.BlockJUnit4ClassRunner.runChild(BlockJUnit4ClassRunner.java:50), org.junit.runners.ParentRunner$3.run(ParentRunner.java:238), org.junit.runners.ParentRunner$1.schedule(ParentRunner.java:63), org.junit.runners.ParentRunner.runChildren(ParentRunner.java:236), org.junit.runners.ParentRunner.access$000(ParentRunner.java:53), org.junit.runners.ParentRunner$2.evaluate(ParentRunner.java:229), org.junit.runners.ParentRunner.run(ParentRunner.java:309), org.junit.runners.Suite.runChild(Suite.java:127), org.junit.runners.Suite.runChild(Suite.java:26), org.junit.runners.ParentRunner$3.run(ParentRunner.java:238), org.junit.runners.ParentRunner$1.schedule(ParentRunner.java:63), org.junit.runners.ParentRunner.runChildren(ParentRunner.java:236), org.junit.runners.ParentRunner.access$000(ParentRunner.java:53), org.junit.runners.ParentRunner$2.evaluate(ParentRunner.java:229), org.junit.runners.ParentRunner.run(ParentRunner.java:309), org.apache.maven.surefire.junit4.JUnit4Provider.execute(JUnit4Provider.java:316), org.apache.maven.surefire.junit4.JUnit4Provider.executeWithRerun(JUnit4Provider.java:240), org.apache.maven.surefire.junit4.JUnit4Provider.executeTestSet(JUnit4Provider.java:214), org.apache.maven.surefire.junit4.JUnit4Provider.invoke(JUnit4Provider.java:155), org.apache.maven.surefire.booter.ForkedBooter.runSuitesInProcess(ForkedBooter.java:385), org.apache.maven.surefire.booter.ForkedBooter.execute(ForkedBooter.java:162), org.apache.maven.surefire.booter.ForkedBooter.run(ForkedBooter.java:507), org.apache.maven.surefire.booter.ForkedBooter.main(ForkedBooter.java:495)]
[Siesta] Specification Comparable_CompareToNull has been violated on line [com.greplin.interval.RegressionTest6.test3472(RegressionTest6.java:10029), sun.reflect.NativeMethodAccessorImpl.invoke0(Native Method), sun.reflect.NativeMethodAccessorImpl.invoke(NativeMethodAccessorImpl.java:62), sun.reflect.DelegatingMethodAccessorImpl.invoke(DelegatingMethodAccessorImpl.java:43), java.lang.reflect.Method.invoke(Method.java:498), org.junit.runners.model.FrameworkMethod$1.runReflectiveCall(FrameworkMethod.java:47), org.junit.internal.runners.model.ReflectiveCallable.run(ReflectiveCallable.java:12), org.junit.runners.model.FrameworkMethod.invokeExplosively(FrameworkMethod.java:44), org.junit.internal.runners.statements.InvokeMethod.evaluate(InvokeMethod.java:17), org.junit.runners.ParentRunner.runLeaf(ParentRunner.java:271), org.junit.runners.BlockJUnit4ClassRunner.runChild(BlockJUnit4ClassRunner.java:70), org.junit.runners.BlockJUnit4ClassRunner.runChild(BlockJUnit4ClassRunner.java:50), org.junit.runners.ParentRunner$3.run(ParentRunner.java:238), org.junit.runners.ParentRunner$1.schedule(ParentRunner.java:63), org.junit.runners.ParentRunner.runChildren(ParentRunner.java:236), org.junit.runners.ParentRunner.access$000(ParentRunner.java:53), org.junit.runners.ParentRunner$2.evaluate(ParentRunner.java:229), org.junit.runners.ParentRunner.run(ParentRunner.java:309), org.junit.runners.Suite.runChild(Suite.java:127), org.junit.runners.Suite.runChild(Suite.java:26), org.junit.runners.ParentRunner$3.run(ParentRunner.java:238), org.junit.runners.ParentRunner$1.schedule(ParentRunner.java:63), org.junit.runners.ParentRunner.runChildren(ParentRunner.java:236), org.junit.runners.ParentRunner.access$000(ParentRunner.java:53), org.junit.runners.ParentRunner$2.evaluate(ParentRunner.java:229), org.junit.runners.ParentRunner.run(ParentRunner.java:309), org.apache.maven.surefire.junit4.JUnit4Provider.execute(JUnit4Provider.java:316), org.apache.maven.surefire.junit4.JUnit4Provider.executeWithRerun(JUnit4Provider.java:240), org.apache.maven.surefire.junit4.JUnit4Provider.executeTestSet(JUnit4Provider.java:214), org.apache.maven.surefire.junit4.JUnit4Provider.invoke(JUnit4Provider.java:155), org.apache.maven.surefire.booter.ForkedBooter.runSuitesInProcess(ForkedBooter.java:385), org.apache.maven.surefire.booter.ForkedBooter.execute(ForkedBooter.java:162), org.apache.maven.surefire.booter.ForkedBooter.run(ForkedBooter.java:507), org.apache.maven.surefire.booter.ForkedBooter.main(ForkedBooter.java:495)]
[Siesta] Specification Comparable_CompareToNull has been violated on line [com.greplin.interval.RegressionTest6.test3481(RegressionTest6.java:10328), sun.reflect.NativeMethodAccessorImpl.invoke0(Native Method), sun.reflect.NativeMethodAccessorImpl.invoke(NativeMethodAccessorImpl.java:62), sun.reflect.DelegatingMethodAccessorImpl.invoke(DelegatingMethodAccessorImpl.java:43), java.lang.reflect.Method.invoke(Method.java:498), org.junit.runners.model.FrameworkMethod$1.runReflectiveCall(FrameworkMethod.java:47), org.junit.internal.runners.model.ReflectiveCallable.run(ReflectiveCallable.java:12), org.junit.runners.model.FrameworkMethod.invokeExplosively(FrameworkMethod.java:44), org.junit.internal.runners.statements.InvokeMethod.evaluate(InvokeMethod.java:17), org.junit.runners.ParentRunner.runLeaf(ParentRunner.java:271), org.junit.runners.BlockJUnit4ClassRunner.runChild(BlockJUnit4ClassRunner.java:70), org.junit.runners.BlockJUnit4ClassRunner.runChild(BlockJUnit4ClassRunner.java:50), org.junit.runners.ParentRunner$3.run(ParentRunner.java:238), org.junit.runners.ParentRunner$1.schedule(ParentRunner.java:63), org.junit.runners.ParentRunner.runChildren(ParentRunner.java:236), org.junit.runners.ParentRunner.access$000(ParentRunner.java:53), org.junit.runners.ParentRunner$2.evaluate(ParentRunner.java:229), org.junit.runners.ParentRunner.run(ParentRunner.java:309), org.junit.runners.Suite.runChild(Suite.java:127), org.junit.runners.Suite.runChild(Suite.java:26), org.junit.runners.ParentRunner$3.run(ParentRunner.java:238), org.junit.runners.ParentRunner$1.schedule(ParentRunner.java:63), org.junit.runners.ParentRunner.runChildren(ParentRunner.java:236), org.junit.runners.ParentRunner.access$000(ParentRunner.java:53), org.junit.runners.ParentRunner$2.evaluate(ParentRunner.java:229), org.junit.runners.ParentRunner.run(ParentRunner.java:309), org.apache.maven.surefire.junit4.JUnit4Provider.execute(JUnit4Provider.java:316), org.apache.maven.surefire.junit4.JUnit4Provider.executeWithRerun(JUnit4Provider.java:240), org.apache.maven.surefire.junit4.JUnit4Provider.executeTestSet(JUnit4Provider.java:214), org.apache.maven.surefire.junit4.JUnit4Provider.invoke(JUnit4Provider.java:155), org.apache.maven.surefire.booter.ForkedBooter.runSuitesInProcess(ForkedBooter.java:385), org.apache.maven.surefire.booter.ForkedBooter.execute(ForkedBooter.java:162), org.apache.maven.surefire.booter.ForkedBooter.run(ForkedBooter.java:507), org.apache.maven.surefire.booter.ForkedBooter.main(ForkedBooter.java:495)]
[Siesta] Specification Comparable_CompareToNull has been violated on line [com.greplin.interval.RegressionTest7.test3931(RegressionTest7.java:9284), sun.reflect.NativeMethodAccessorImpl.invoke0(Native Method), sun.reflect.NativeMethodAccessorImpl.invoke(NativeMethodAccessorImpl.java:62), sun.reflect.DelegatingMethodAccessorImpl.invoke(DelegatingMethodAccessorImpl.java:43), java.lang.reflect.Method.invoke(Method.java:498), org.junit.runners.model.FrameworkMethod$1.runReflectiveCall(FrameworkMethod.java:47), org.junit.internal.runners.model.ReflectiveCallable.run(ReflectiveCallable.java:12), org.junit.runners.model.FrameworkMethod.invokeExplosively(FrameworkMethod.java:44), org.junit.internal.runners.statements.InvokeMethod.evaluate(InvokeMethod.java:17), org.junit.runners.ParentRunner.runLeaf(ParentRunner.java:271), org.junit.runners.BlockJUnit4ClassRunner.runChild(BlockJUnit4ClassRunner.java:70), org.junit.runners.BlockJUnit4ClassRunner.runChild(BlockJUnit4ClassRunner.java:50), org.junit.runners.ParentRunner$3.run(ParentRunner.java:238), org.junit.runners.ParentRunner$1.schedule(ParentRunner.java:63), org.junit.runners.ParentRunner.runChildren(ParentRunner.java:236), org.junit.runners.ParentRunner.access$000(ParentRunner.java:53), org.junit.runners.ParentRunner$2.evaluate(ParentRunner.java:229), org.junit.runners.ParentRunner.run(ParentRunner.java:309), org.junit.runners.Suite.runChild(Suite.java:127), org.junit.runners.Suite.runChild(Suite.java:26), org.junit.runners.ParentRunner$3.run(ParentRunner.java:238), org.junit.runners.ParentRunner$1.schedule(ParentRunner.java:63), org.junit.runners.ParentRunner.runChildren(ParentRunner.java:236), org.junit.runners.ParentRunner.access$000(ParentRunner.java:53), org.junit.runners.ParentRunner$2.evaluate(ParentRunner.java:229), org.junit.runners.ParentRunner.run(ParentRunner.java:309), org.apache.maven.surefire.junit4.JUnit4Provider.execute(JUnit4Provider.java:316), org.apache.maven.surefire.junit4.JUnit4Provider.executeWithRerun(JUnit4Provider.java:240), org.apache.maven.surefire.junit4.JUnit4Provider.executeTestSet(JUnit4Provider.java:214), org.apache.maven.surefire.junit4.JUnit4Provider.invoke(JUnit4Provider.java:155), org.apache.maven.surefire.booter.ForkedBooter.runSuitesInProcess(ForkedBooter.java:385), org.apache.maven.surefire.booter.ForkedBooter.execute(ForkedBooter.java:162), org.apache.maven.surefire.booter.ForkedBooter.run(ForkedBooter.java:507), org.apache.maven.surefire.booter.ForkedBooter.main(ForkedBooter.java:495)]
[Siesta] Specification Comparable_CompareToNull has been violated on line [com.greplin.interval.RegressionTest8.test4270(RegressionTest8.java:6417), sun.reflect.NativeMethodAccessorImpl.invoke0(Native Method), sun.reflect.NativeMethodAccessorImpl.invoke(NativeMethodAccessorImpl.java:62), sun.reflect.DelegatingMethodAccessorImpl.invoke(DelegatingMethodAccessorImpl.java:43), java.lang.reflect.Method.invoke(Method.java:498), org.junit.runners.model.FrameworkMethod$1.runReflectiveCall(FrameworkMethod.java:47), org.junit.internal.runners.model.ReflectiveCallable.run(ReflectiveCallable.java:12), org.junit.runners.model.FrameworkMethod.invokeExplosively(FrameworkMethod.java:44), org.junit.internal.runners.statements.InvokeMethod.evaluate(InvokeMethod.java:17), org.junit.runners.ParentRunner.runLeaf(ParentRunner.java:271), org.junit.runners.BlockJUnit4ClassRunner.runChild(BlockJUnit4ClassRunner.java:70), org.junit.runners.BlockJUnit4ClassRunner.runChild(BlockJUnit4ClassRunner.java:50), org.junit.runners.ParentRunner$3.run(ParentRunner.java:238), org.junit.runners.ParentRunner$1.schedule(ParentRunner.java:63), org.junit.runners.ParentRunner.runChildren(ParentRunner.java:236), org.junit.runners.ParentRunner.access$000(ParentRunner.java:53), org.junit.runners.ParentRunner$2.evaluate(ParentRunner.java:229), org.junit.runners.ParentRunner.run(ParentRunner.java:309), org.junit.runners.Suite.runChild(Suite.java:127), org.junit.runners.Suite.runChild(Suite.java:26), org.junit.runners.ParentRunner$3.run(ParentRunner.java:238), org.junit.runners.ParentRunner$1.schedule(ParentRunner.java:63), org.junit.runners.ParentRunner.runChildren(ParentRunner.java:236), org.junit.runners.ParentRunner.access$000(ParentRunner.java:53), org.junit.runners.ParentRunner$2.evaluate(ParentRunner.java:229), org.junit.runners.ParentRunner.run(ParentRunner.java:309), org.apache.maven.surefire.junit4.JUnit4Provider.execute(JUnit4Provider.java:316), org.apache.maven.surefire.junit4.JUnit4Provider.executeWithRerun(JUnit4Provider.java:240), org.apache.maven.surefire.junit4.JUnit4Provider.executeTestSet(JUnit4Provider.java:214), org.apache.maven.surefire.junit4.JUnit4Provider.invoke(JUnit4Provider.java:155), org.apache.maven.surefire.booter.ForkedBooter.runSuitesInProcess(ForkedBooter.java:385), org.apache.maven.surefire.booter.ForkedBooter.execute(ForkedBooter.java:162), org.apache.maven.surefire.booter.ForkedBooter.run(ForkedBooter.java:507), org.apache.maven.surefire.booter.ForkedBooter.main(ForkedBooter.java:495)]
[Siesta] Specification Comparable_CompareToNull has been violated on line [com.greplin.interval.RegressionTest8.test4332(RegressionTest8.java:7787), sun.reflect.NativeMethodAccessorImpl.invoke0(Native Method), sun.reflect.NativeMethodAccessorImpl.invoke(NativeMethodAccessorImpl.java:62), sun.reflect.DelegatingMethodAccessorImpl.invoke(DelegatingMethodAccessorImpl.java:43), java.lang.reflect.Method.invoke(Method.java:498), org.junit.runners.model.FrameworkMethod$1.runReflectiveCall(FrameworkMethod.java:47), org.junit.internal.runners.model.ReflectiveCallable.run(ReflectiveCallable.java:12), org.junit.runners.model.FrameworkMethod.invokeExplosively(FrameworkMethod.java:44), org.junit.internal.runners.statements.InvokeMethod.evaluate(InvokeMethod.java:17), org.junit.runners.ParentRunner.runLeaf(ParentRunner.java:271), org.junit.runners.BlockJUnit4ClassRunner.runChild(BlockJUnit4ClassRunner.java:70), org.junit.runners.BlockJUnit4ClassRunner.runChild(BlockJUnit4ClassRunner.java:50), org.junit.runners.ParentRunner$3.run(ParentRunner.java:238), org.junit.runners.ParentRunner$1.schedule(ParentRunner.java:63), org.junit.runners.ParentRunner.runChildren(ParentRunner.java:236), org.junit.runners.ParentRunner.access$000(ParentRunner.java:53), org.junit.runners.ParentRunner$2.evaluate(ParentRunner.java:229), org.junit.runners.ParentRunner.run(ParentRunner.java:309), org.junit.runners.Suite.runChild(Suite.java:127), org.junit.runners.Suite.runChild(Suite.java:26), org.junit.runners.ParentRunner$3.run(ParentRunner.java:238), org.junit.runners.ParentRunner$1.schedule(ParentRunner.java:63), org.junit.runners.ParentRunner.runChildren(ParentRunner.java:236), org.junit.runners.ParentRunner.access$000(ParentRunner.java:53), org.junit.runners.ParentRunner$2.evaluate(ParentRunner.java:229), org.junit.runners.ParentRunner.run(ParentRunner.java:309), org.apache.maven.surefire.junit4.JUnit4Provider.execute(JUnit4Provider.java:316), org.apache.maven.surefire.junit4.JUnit4Provider.executeWithRerun(JUnit4Provider.java:240), org.apache.maven.surefire.junit4.JUnit4Provider.executeTestSet(JUnit4Provider.java:214), org.apache.maven.surefire.junit4.JUnit4Provider.invoke(JUnit4Provider.java:155), org.apache.maven.surefire.booter.ForkedBooter.runSuitesInProcess(ForkedBooter.java:385), org.apache.maven.surefire.booter.ForkedBooter.execute(ForkedBooter.java:162), org.apache.maven.surefire.booter.ForkedBooter.run(ForkedBooter.java:507), org.apache.maven.surefire.booter.ForkedBooter.main(ForkedBooter.java:495)]
[Siesta] Specification Comparable_CompareToNull has been violated on line [com.greplin.interval.RegressionTest8.test4473(RegressionTest8.java:11065), sun.reflect.NativeMethodAccessorImpl.invoke0(Native Method), sun.reflect.NativeMethodAccessorImpl.invoke(NativeMethodAccessorImpl.java:62), sun.reflect.DelegatingMethodAccessorImpl.invoke(DelegatingMethodAccessorImpl.java:43), java.lang.reflect.Method.invoke(Method.java:498), org.junit.runners.model.FrameworkMethod$1.runReflectiveCall(FrameworkMethod.java:47), org.junit.internal.runners.model.ReflectiveCallable.run(ReflectiveCallable.java:12), org.junit.runners.model.FrameworkMethod.invokeExplosively(FrameworkMethod.java:44), org.junit.internal.runners.statements.InvokeMethod.evaluate(InvokeMethod.java:17), org.junit.runners.ParentRunner.runLeaf(ParentRunner.java:271), org.junit.runners.BlockJUnit4ClassRunner.runChild(BlockJUnit4ClassRunner.java:70), org.junit.runners.BlockJUnit4ClassRunner.runChild(BlockJUnit4ClassRunner.java:50), org.junit.runners.ParentRunner$3.run(ParentRunner.java:238), org.junit.runners.ParentRunner$1.schedule(ParentRunner.java:63), org.junit.runners.ParentRunner.runChildren(ParentRunner.java:236), org.junit.runners.ParentRunner.access$000(ParentRunner.java:53), org.junit.runners.ParentRunner$2.evaluate(ParentRunner.java:229), org.junit.runners.ParentRunner.run(ParentRunner.java:309), org.junit.runners.Suite.runChild(Suite.java:127), org.junit.runners.Suite.runChild(Suite.java:26), org.junit.runners.ParentRunner$3.run(ParentRunner.java:238), org.junit.runners.ParentRunner$1.schedule(ParentRunner.java:63), org.junit.runners.ParentRunner.runChildren(ParentRunner.java:236), org.junit.runners.ParentRunner.access$000(ParentRunner.java:53), org.junit.runners.ParentRunner$2.evaluate(ParentRunner.java:229), org.junit.runners.ParentRunner.run(ParentRunner.java:309), org.apache.maven.surefire.junit4.JUnit4Provider.execute(JUnit4Provider.java:316), org.apache.maven.surefire.junit4.JUnit4Provider.executeWithRerun(JUnit4Provider.java:240), org.apache.maven.surefire.junit4.JUnit4Provider.executeTestSet(JUnit4Provider.java:214), org.apache.maven.surefire.junit4.JUnit4Provider.invoke(JUnit4Provider.java:155), org.apache.maven.surefire.booter.ForkedBooter.runSuitesInProcess(ForkedBooter.java:385), org.apache.maven.surefire.booter.ForkedBooter.execute(ForkedBooter.java:162), org.apache.maven.surefire.booter.ForkedBooter.run(ForkedBooter.java:507), org.apache.maven.surefire.booter.ForkedBooter.main(ForkedBooter.java:495)]
[Siesta] Specification Comparable_CompareToNull has been violated on line [com.greplin.interval.RegressionTest9.test4553(RegressionTest9.java:976), sun.reflect.NativeMethodAccessorImpl.invoke0(Native Method), sun.reflect.NativeMethodAccessorImpl.invoke(NativeMethodAccessorImpl.java:62), sun.reflect.DelegatingMethodAccessorImpl.invoke(DelegatingMethodAccessorImpl.java:43), java.lang.reflect.Method.invoke(Method.java:498), org.junit.runners.model.FrameworkMethod$1.runReflectiveCall(FrameworkMethod.java:47), org.junit.internal.runners.model.ReflectiveCallable.run(ReflectiveCallable.java:12), org.junit.runners.model.FrameworkMethod.invokeExplosively(FrameworkMethod.java:44), org.junit.internal.runners.statements.InvokeMethod.evaluate(InvokeMethod.java:17), org.junit.runners.ParentRunner.runLeaf(ParentRunner.java:271), org.junit.runners.BlockJUnit4ClassRunner.runChild(BlockJUnit4ClassRunner.java:70), org.junit.runners.BlockJUnit4ClassRunner.runChild(BlockJUnit4ClassRunner.java:50), org.junit.runners.ParentRunner$3.run(ParentRunner.java:238), org.junit.runners.ParentRunner$1.schedule(ParentRunner.java:63), org.junit.runners.ParentRunner.runChildren(ParentRunner.java:236), org.junit.runners.ParentRunner.access$000(ParentRunner.java:53), org.junit.runners.ParentRunner$2.evaluate(ParentRunner.java:229), org.junit.runners.ParentRunner.run(ParentRunner.java:309), org.junit.runners.Suite.runChild(Suite.java:127), org.junit.runners.Suite.runChild(Suite.java:26), org.junit.runners.ParentRunner$3.run(ParentRunner.java:238), org.junit.runners.ParentRunner$1.schedule(ParentRunner.java:63), org.junit.runners.ParentRunner.runChildren(ParentRunner.java:236), org.junit.runners.ParentRunner.access$000(ParentRunner.java:53), org.junit.runners.ParentRunner$2.evaluate(ParentRunner.java:229), org.junit.runners.ParentRunner.run(ParentRunner.java:309), org.apache.maven.surefire.junit4.JUnit4Provider.execute(JUnit4Provider.java:316), org.apache.maven.surefire.junit4.JUnit4Provider.executeWithRerun(JUnit4Provider.java:240), org.apache.maven.surefire.junit4.JUnit4Provider.executeTestSet(JUnit4Provider.java:214), org.apache.maven.surefire.junit4.JUnit4Provider.invoke(JUnit4Provider.java:155), org.apache.maven.surefire.booter.ForkedBooter.runSuitesInProcess(ForkedBooter.java:385), org.apache.maven.surefire.booter.ForkedBooter.execute(ForkedBooter.java:162), org.apache.maven.surefire.booter.ForkedBooter.run(ForkedBooter.java:507), org.apache.maven.surefire.booter.ForkedBooter.main(ForkedBooter.java:495)]
[Siesta] Specification Comparable_CompareToNull has been violated on line [com.greplin.interval.RegressionTest9.test4666(RegressionTest9.java:3340), sun.reflect.NativeMethodAccessorImpl.invoke0(Native Method), sun.reflect.NativeMethodAccessorImpl.invoke(NativeMethodAccessorImpl.java:62), sun.reflect.DelegatingMethodAccessorImpl.invoke(DelegatingMethodAccessorImpl.java:43), java.lang.reflect.Method.invoke(Method.java:498), org.junit.runners.model.FrameworkMethod$1.runReflectiveCall(FrameworkMethod.java:47), org.junit.internal.runners.model.ReflectiveCallable.run(ReflectiveCallable.java:12), org.junit.runners.model.FrameworkMethod.invokeExplosively(FrameworkMethod.java:44), org.junit.internal.runners.statements.InvokeMethod.evaluate(InvokeMethod.java:17), org.junit.runners.ParentRunner.runLeaf(ParentRunner.java:271), org.junit.runners.BlockJUnit4ClassRunner.runChild(BlockJUnit4ClassRunner.java:70), org.junit.runners.BlockJUnit4ClassRunner.runChild(BlockJUnit4ClassRunner.java:50), org.junit.runners.ParentRunner$3.run(ParentRunner.java:238), org.junit.runners.ParentRunner$1.schedule(ParentRunner.java:63), org.junit.runners.ParentRunner.runChildren(ParentRunner.java:236), org.junit.runners.ParentRunner.access$000(ParentRunner.java:53), org.junit.runners.ParentRunner$2.evaluate(ParentRunner.java:229), org.junit.runners.ParentRunner.run(ParentRunner.java:309), org.junit.runners.Suite.runChild(Suite.java:127), org.junit.runners.Suite.runChild(Suite.java:26), org.junit.runners.ParentRunner$3.run(ParentRunner.java:238), org.junit.runners.ParentRunner$1.schedule(ParentRunner.java:63), org.junit.runners.ParentRunner.runChildren(ParentRunner.java:236), org.junit.runners.ParentRunner.access$000(ParentRunner.java:53), org.junit.runners.ParentRunner$2.evaluate(ParentRunner.java:229), org.junit.runners.ParentRunner.run(ParentRunner.java:309), org.apache.maven.surefire.junit4.JUnit4Provider.execute(JUnit4Provider.java:316), org.apache.maven.surefire.junit4.JUnit4Provider.executeWithRerun(JUnit4Provider.java:240), org.apache.maven.surefire.junit4.JUnit4Provider.executeTestSet(JUnit4Provider.java:214), org.apache.maven.surefire.junit4.JUnit4Provider.invoke(JUnit4Provider.java:155), org.apache.maven.surefire.booter.ForkedBooter.runSuitesInProcess(ForkedBooter.java:385), org.apache.maven.surefire.booter.ForkedBooter.execute(ForkedBooter.java:162), org.apache.maven.surefire.booter.ForkedBooter.run(ForkedBooter.java:507), org.apache.maven.surefire.booter.ForkedBooter.main(ForkedBooter.java:495)]
[Siesta] Specification Comparable_CompareToNull has been violated on line [com.greplin.interval.RegressionTest10.test5059(RegressionTest10.java:1430), sun.reflect.NativeMethodAccessorImpl.invoke0(Native Method), sun.reflect.NativeMethodAccessorImpl.invoke(NativeMethodAccessorImpl.java:62), sun.reflect.DelegatingMethodAccessorImpl.invoke(DelegatingMethodAccessorImpl.java:43), java.lang.reflect.Method.invoke(Method.java:498), org.junit.runners.model.FrameworkMethod$1.runReflectiveCall(FrameworkMethod.java:47), org.junit.internal.runners.model.ReflectiveCallable.run(ReflectiveCallable.java:12), org.junit.runners.model.FrameworkMethod.invokeExplosively(FrameworkMethod.java:44), org.junit.internal.runners.statements.InvokeMethod.evaluate(InvokeMethod.java:17), org.junit.runners.ParentRunner.runLeaf(ParentRunner.java:271), org.junit.runners.BlockJUnit4ClassRunner.runChild(BlockJUnit4ClassRunner.java:70), org.junit.runners.BlockJUnit4ClassRunner.runChild(BlockJUnit4ClassRunner.java:50), org.junit.runners.ParentRunner$3.run(ParentRunner.java:238), org.junit.runners.ParentRunner$1.schedule(ParentRunner.java:63), org.junit.runners.ParentRunner.runChildren(ParentRunner.java:236), org.junit.runners.ParentRunner.access$000(ParentRunner.java:53), org.junit.runners.ParentRunner$2.evaluate(ParentRunner.java:229), org.junit.runners.ParentRunner.run(ParentRunner.java:309), org.junit.runners.Suite.runChild(Suite.java:127), org.junit.runners.Suite.runChild(Suite.java:26), org.junit.runners.ParentRunner$3.run(ParentRunner.java:238), org.junit.runners.ParentRunner$1.schedule(ParentRunner.java:63), org.junit.runners.ParentRunner.runChildren(ParentRunner.java:236), org.junit.runners.ParentRunner.access$000(ParentRunner.java:53), org.junit.runners.ParentRunner$2.evaluate(ParentRunner.java:229), org.junit.runners.ParentRunner.run(ParentRunner.java:309), org.apache.maven.surefire.junit4.JUnit4Provider.execute(JUnit4Provider.java:316), org.apache.maven.surefire.junit4.JUnit4Provider.executeWithRerun(JUnit4Provider.java:240), org.apache.maven.surefire.junit4.JUnit4Provider.executeTestSet(JUnit4Provider.java:214), org.apache.maven.surefire.junit4.JUnit4Provider.invoke(JUnit4Provider.java:155), org.apache.maven.surefire.booter.ForkedBooter.runSuitesInProcess(ForkedBooter.java:385), org.apache.maven.surefire.booter.ForkedBooter.execute(ForkedBooter.java:162), org.apache.maven.surefire.booter.ForkedBooter.run(ForkedBooter.java:507), org.apache.maven.surefire.booter.ForkedBooter.main(ForkedBooter.java:495)]
[Siesta] Specification Comparable_CompareToNull has been violated on line [com.greplin.interval.RegressionTest10.test5211(RegressionTest10.java:5095), sun.reflect.NativeMethodAccessorImpl.invoke0(Native Method), sun.reflect.NativeMethodAccessorImpl.invoke(NativeMethodAccessorImpl.java:62), sun.reflect.DelegatingMethodAccessorImpl.invoke(DelegatingMethodAccessorImpl.java:43), java.lang.reflect.Method.invoke(Method.java:498), org.junit.runners.model.FrameworkMethod$1.runReflectiveCall(FrameworkMethod.java:47), org.junit.internal.runners.model.ReflectiveCallable.run(ReflectiveCallable.java:12), org.junit.runners.model.FrameworkMethod.invokeExplosively(FrameworkMethod.java:44), org.junit.internal.runners.statements.InvokeMethod.evaluate(InvokeMethod.java:17), org.junit.runners.ParentRunner.runLeaf(ParentRunner.java:271), org.junit.runners.BlockJUnit4ClassRunner.runChild(BlockJUnit4ClassRunner.java:70), org.junit.runners.BlockJUnit4ClassRunner.runChild(BlockJUnit4ClassRunner.java:50), org.junit.runners.ParentRunner$3.run(ParentRunner.java:238), org.junit.runners.ParentRunner$1.schedule(ParentRunner.java:63), org.junit.runners.ParentRunner.runChildren(ParentRunner.java:236), org.junit.runners.ParentRunner.access$000(ParentRunner.java:53), org.junit.runners.ParentRunner$2.evaluate(ParentRunner.java:229), org.junit.runners.ParentRunner.run(ParentRunner.java:309), org.junit.runners.Suite.runChild(Suite.java:127), org.junit.runners.Suite.runChild(Suite.java:26), org.junit.runners.ParentRunner$3.run(ParentRunner.java:238), org.junit.runners.ParentRunner$1.schedule(ParentRunner.java:63), org.junit.runners.ParentRunner.runChildren(ParentRunner.java:236), org.junit.runners.ParentRunner.access$000(ParentRunner.java:53), org.junit.runners.ParentRunner$2.evaluate(ParentRunner.java:229), org.junit.runners.ParentRunner.run(ParentRunner.java:309), org.apache.maven.surefire.junit4.JUnit4Provider.execute(JUnit4Provider.java:316), org.apache.maven.surefire.junit4.JUnit4Provider.executeWithRerun(JUnit4Provider.java:240), org.apache.maven.surefire.junit4.JUnit4Provider.executeTestSet(JUnit4Provider.java:214), org.apache.maven.surefire.junit4.JUnit4Provider.invoke(JUnit4Provider.java:155), org.apache.maven.surefire.booter.ForkedBooter.runSuitesInProcess(ForkedBooter.java:385), org.apache.maven.surefire.booter.ForkedBooter.execute(ForkedBooter.java:162), org.apache.maven.surefire.booter.ForkedBooter.run(ForkedBooter.java:507), org.apache.maven.surefire.booter.ForkedBooter.main(ForkedBooter.java:495)]
[INFO] Tests run: 5810, Failures: 0, Errors: 0, Skipped: 0, Time elapsed: 4.608 s -- in com.greplin.interval.RegressionTest
[INFO] 
[INFO] Results:
[INFO] 
[INFO] Tests run: 5819, Failures: 0, Errors: 0, Skipped: 0
[INFO] 
[INFO] ------------------------------------------------------------------------
[INFO] BUILD SUCCESS
[INFO] ------------------------------------------------------------------------
[INFO] Total time:  32.985 s
[INFO] Finished at: 2024-03-21T21:35:59Z
[INFO] ------------------------------------------------------------------------
