[INFO] Error stacktraces are turned on.
[INFO] Scanning for projects...
achou:/home/mopuser/workspace/loadLibrary.csv
Modifying surefire to add Siesta-MOP...
=====Version:: 2.14
=====Version:: [default-test]
[INFO] 
[INFO] --------------------------< com.codahale:og >---------------------------
[INFO] Building og 0.0.1-SNAPSHOT
[INFO]   from pom.xml
[INFO] --------------------------------[ jar ]---------------------------------
[INFO] 
[INFO] --- resources:3.3.1:resources (default-resources) @ og ---
[INFO] skip non existing resourceDirectory /home/mopuser/workspace/og/src/main/resources
[INFO] 
[INFO] --- compiler:3.0:compile (default-compile) @ og ---
[INFO] Nothing to compile - all classes are up to date
[INFO] 
[INFO] --- resources:3.3.1:testResources (default-testResources) @ og ---
[INFO] skip non existing resourceDirectory /home/mopuser/workspace/og/src/test/resources
[INFO] 
[INFO] --- compiler:3.0:testCompile (default-testCompile) @ og ---
[INFO] Changes detected - recompiling the module!
[INFO] Compiling 30 source files to /home/mopuser/workspace/og/target/test-classes
[INFO] 
[INFO] --- surefire:2.14:test (default-test) @ og ---
[INFO] Surefire report directory: /home/mopuser/workspace/og/target/surefire-reports

-------------------------------------------------------
 T E S T S
-------------------------------------------------------
parallel='methods', perCoreThreadCount=true, threadCount=2, useUnlimitedThreads=false
Running com.codahale.og.tests.ObjectGraphTest
[Siesta] Specification Serializable_NoArgConstructor has been violated on line [com.codahale.og.tests.ObjectGraphTest$2.<clinit>(ObjectGraphTest.java:1), com.codahale.og.tests.ObjectGraphTest.memoizesOnlySingletonAnnotatedObjects(ObjectGraphTest.java:160), sun.reflect.NativeMethodAccessorImpl.invoke0(Native Method), sun.reflect.NativeMethodAccessorImpl.invoke(NativeMethodAccessorImpl.java:62), sun.reflect.DelegatingMethodAccessorImpl.invoke(DelegatingMethodAccessorImpl.java:43), java.lang.reflect.Method.invoke(Method.java:498), org.junit.runners.model.FrameworkMethod$1.runReflectiveCall(FrameworkMethod.java:47), org.junit.internal.runners.model.ReflectiveCallable.run(ReflectiveCallable.java:12), org.junit.runners.model.FrameworkMethod.invokeExplosively(FrameworkMethod.java:44), org.junit.internal.runners.statements.InvokeMethod.evaluate(InvokeMethod.java:17), org.junit.internal.runners.statements.RunBefores.evaluate(RunBefores.java:26), org.junit.runners.ParentRunner.runLeaf(ParentRunner.java:271), org.junit.runners.BlockJUnit4ClassRunner.runChild(BlockJUnit4ClassRunner.java:70), org.junit.runners.BlockJUnit4ClassRunner.runChild(BlockJUnit4ClassRunner.java:50), org.junit.runners.ParentRunner$3.run(ParentRunner.java:238), java.util.concurrent.Executors$RunnableAdapter.call(Executors.java:511), java.util.concurrent.FutureTask.run(FutureTask.java:266), java.util.concurrent.ThreadPoolExecutor.runWorker(ThreadPoolExecutor.java:1149), java.util.concurrent.ThreadPoolExecutor$Worker.run(ThreadPoolExecutor.java:624), java.lang.Thread.run(Thread.java:750)]
The superclass of com.google.common.reflect.TypeCapture does not have an accessible no-arg constructor.
[Siesta] Specification Serializable_NoArgConstructor has been violated on line [com.codahale.og.tests.ObjectGraphTest$3.<clinit>(ObjectGraphTest.java:1), com.codahale.og.tests.ObjectGraphTest.memoizesOnlySingletonAnnotatedObjects(ObjectGraphTest.java:161), sun.reflect.NativeMethodAccessorImpl.invoke0(Native Method), sun.reflect.NativeMethodAccessorImpl.invoke(NativeMethodAccessorImpl.java:62), sun.reflect.DelegatingMethodAccessorImpl.invoke(DelegatingMethodAccessorImpl.java:43), java.lang.reflect.Method.invoke(Method.java:498), org.junit.runners.model.FrameworkMethod$1.runReflectiveCall(FrameworkMethod.java:47), org.junit.internal.runners.model.ReflectiveCallable.run(ReflectiveCallable.java:12), org.junit.runners.model.FrameworkMethod.invokeExplosively(FrameworkMethod.java:44), org.junit.internal.runners.statements.InvokeMethod.evaluate(InvokeMethod.java:17), org.junit.internal.runners.statements.RunBefores.evaluate(RunBefores.java:26), org.junit.runners.ParentRunner.runLeaf(ParentRunner.java:271), org.junit.runners.BlockJUnit4ClassRunner.runChild(BlockJUnit4ClassRunner.java:70), org.junit.runners.BlockJUnit4ClassRunner.runChild(BlockJUnit4ClassRunner.java:50), org.junit.runners.ParentRunner$3.run(ParentRunner.java:238), java.util.concurrent.Executors$RunnableAdapter.call(Executors.java:511), java.util.concurrent.FutureTask.run(FutureTask.java:266), java.util.concurrent.ThreadPoolExecutor.runWorker(ThreadPoolExecutor.java:1149), java.util.concurrent.ThreadPoolExecutor$Worker.run(ThreadPoolExecutor.java:624), java.lang.Thread.run(Thread.java:750)]
The superclass of com.google.common.reflect.TypeCapture does not have an accessible no-arg constructor.
[Siesta] Specification Serializable_NoArgConstructor has been violated on line [com.codahale.og.tests.ObjectGraphTest$4.<clinit>(ObjectGraphTest.java:1), com.codahale.og.tests.ObjectGraphTest.memoizesOnlySingletonAnnotatedObjects(ObjectGraphTest.java:166), sun.reflect.NativeMethodAccessorImpl.invoke0(Native Method), sun.reflect.NativeMethodAccessorImpl.invoke(NativeMethodAccessorImpl.java:62), sun.reflect.DelegatingMethodAccessorImpl.invoke(DelegatingMethodAccessorImpl.java:43), java.lang.reflect.Method.invoke(Method.java:498), org.junit.runners.model.FrameworkMethod$1.runReflectiveCall(FrameworkMethod.java:47), org.junit.internal.runners.model.ReflectiveCallable.run(ReflectiveCallable.java:12), org.junit.runners.model.FrameworkMethod.invokeExplosively(FrameworkMethod.java:44), org.junit.internal.runners.statements.InvokeMethod.evaluate(InvokeMethod.java:17), org.junit.internal.runners.statements.RunBefores.evaluate(RunBefores.java:26), org.junit.runners.ParentRunner.runLeaf(ParentRunner.java:271), org.junit.runners.BlockJUnit4ClassRunner.runChild(BlockJUnit4ClassRunner.java:70), org.junit.runners.BlockJUnit4ClassRunner.runChild(BlockJUnit4ClassRunner.java:50), org.junit.runners.ParentRunner$3.run(ParentRunner.java:238), java.util.concurrent.Executors$RunnableAdapter.call(Executors.java:511), java.util.concurrent.FutureTask.run(FutureTask.java:266), java.util.concurrent.ThreadPoolExecutor.runWorker(ThreadPoolExecutor.java:1149), java.util.concurrent.ThreadPoolExecutor$Worker.run(ThreadPoolExecutor.java:624), java.lang.Thread.run(Thread.java:750)]
The superclass of com.google.common.reflect.TypeCapture does not have an accessible no-arg constructor.
[Siesta] Specification Serializable_NoArgConstructor has been violated on line [com.codahale.og.tests.ObjectGraphTest$5.<clinit>(ObjectGraphTest.java:1), com.codahale.og.tests.ObjectGraphTest.memoizesOnlySingletonAnnotatedObjects(ObjectGraphTest.java:167), sun.reflect.NativeMethodAccessorImpl.invoke0(Native Method), sun.reflect.NativeMethodAccessorImpl.invoke(NativeMethodAccessorImpl.java:62), sun.reflect.DelegatingMethodAccessorImpl.invoke(DelegatingMethodAccessorImpl.java:43), java.lang.reflect.Method.invoke(Method.java:498), org.junit.runners.model.FrameworkMethod$1.runReflectiveCall(FrameworkMethod.java:47), org.junit.internal.runners.model.ReflectiveCallable.run(ReflectiveCallable.java:12), org.junit.runners.model.FrameworkMethod.invokeExplosively(FrameworkMethod.java:44), org.junit.internal.runners.statements.InvokeMethod.evaluate(InvokeMethod.java:17), org.junit.internal.runners.statements.RunBefores.evaluate(RunBefores.java:26), org.junit.runners.ParentRunner.runLeaf(ParentRunner.java:271), org.junit.runners.BlockJUnit4ClassRunner.runChild(BlockJUnit4ClassRunner.java:70), org.junit.runners.BlockJUnit4ClassRunner.runChild(BlockJUnit4ClassRunner.java:50), org.junit.runners.ParentRunner$3.run(ParentRunner.java:238), java.util.concurrent.Executors$RunnableAdapter.call(Executors.java:511), java.util.concurrent.FutureTask.run(FutureTask.java:266), java.util.concurrent.ThreadPoolExecutor.runWorker(ThreadPoolExecutor.java:1149), java.util.concurrent.ThreadPoolExecutor$Worker.run(ThreadPoolExecutor.java:624), java.lang.Thread.run(Thread.java:750)]
The superclass of com.google.common.reflect.TypeCapture does not have an accessible no-arg constructor.
[Siesta] Specification Serializable_NoArgConstructor has been violated on line [com.codahale.og.tests.ObjectGraphTest$7.<clinit>(ObjectGraphTest.java:1), com.codahale.og.tests.ObjectGraphTest.providesSuperclassTypes(ObjectGraphTest.java:224), sun.reflect.NativeMethodAccessorImpl.invoke0(Native Method), sun.reflect.NativeMethodAccessorImpl.invoke(NativeMethodAccessorImpl.java:62), sun.reflect.DelegatingMethodAccessorImpl.invoke(DelegatingMethodAccessorImpl.java:43), java.lang.reflect.Method.invoke(Method.java:498), org.junit.runners.model.FrameworkMethod$1.runReflectiveCall(FrameworkMethod.java:47), org.junit.internal.runners.model.ReflectiveCallable.run(ReflectiveCallable.java:12), org.junit.runners.model.FrameworkMethod.invokeExplosively(FrameworkMethod.java:44), org.junit.internal.runners.statements.InvokeMethod.evaluate(InvokeMethod.java:17), org.junit.internal.runners.statements.RunBefores.evaluate(RunBefores.java:26), org.junit.runners.ParentRunner.runLeaf(ParentRunner.java:271), org.junit.runners.BlockJUnit4ClassRunner.runChild(BlockJUnit4ClassRunner.java:70), org.junit.runners.BlockJUnit4ClassRunner.runChild(BlockJUnit4ClassRunner.java:50), org.junit.runners.ParentRunner$3.run(ParentRunner.java:238), java.util.concurrent.Executors$RunnableAdapter.call(Executors.java:511), java.util.concurrent.FutureTask.run(FutureTask.java:266), java.util.concurrent.ThreadPoolExecutor.runWorker(ThreadPoolExecutor.java:1149), java.util.concurrent.ThreadPoolExecutor$Worker.run(ThreadPoolExecutor.java:624), java.lang.Thread.run(Thread.java:750)]
The superclass of com.google.common.reflect.TypeCapture does not have an accessible no-arg constructor.
[Siesta] Specification Serializable_NoArgConstructor has been violated on line [com.codahale.og.tests.ObjectGraphTest$1.<clinit>(ObjectGraphTest.java:1), com.codahale.og.tests.ObjectGraphTest.providesGenericTypesDependentOnSingletons(ObjectGraphTest.java:154), sun.reflect.NativeMethodAccessorImpl.invoke0(Native Method), sun.reflect.NativeMethodAccessorImpl.invoke(NativeMethodAccessorImpl.java:62), sun.reflect.DelegatingMethodAccessorImpl.invoke(DelegatingMethodAccessorImpl.java:43), java.lang.reflect.Method.invoke(Method.java:498), org.junit.runners.model.FrameworkMethod$1.runReflectiveCall(FrameworkMethod.java:47), org.junit.internal.runners.model.ReflectiveCallable.run(ReflectiveCallable.java:12), org.junit.runners.model.FrameworkMethod.invokeExplosively(FrameworkMethod.java:44), org.junit.internal.runners.statements.InvokeMethod.evaluate(InvokeMethod.java:17), org.junit.internal.runners.statements.RunBefores.evaluate(RunBefores.java:26), org.junit.runners.ParentRunner.runLeaf(ParentRunner.java:271), org.junit.runners.BlockJUnit4ClassRunner.runChild(BlockJUnit4ClassRunner.java:70), org.junit.runners.BlockJUnit4ClassRunner.runChild(BlockJUnit4ClassRunner.java:50), org.junit.runners.ParentRunner$3.run(ParentRunner.java:238), java.util.concurrent.Executors$RunnableAdapter.call(Executors.java:511), java.util.concurrent.FutureTask.run(FutureTask.java:266), java.util.concurrent.ThreadPoolExecutor.runWorker(ThreadPoolExecutor.java:1149), java.util.concurrent.ThreadPoolExecutor$Worker.run(ThreadPoolExecutor.java:624), java.lang.Thread.run(Thread.java:750)]
The superclass of com.google.common.reflect.TypeCapture does not have an accessible no-arg constructor.
[Siesta] Specification Serializable_NoArgConstructor has been violated on line [com.codahale.og.tests.ObjectGraphTest$8.<clinit>(ObjectGraphTest.java:1), com.codahale.og.tests.ObjectGraphTest.checksTheNameOfSuperclassTypes(ObjectGraphTest.java:231), sun.reflect.NativeMethodAccessorImpl.invoke0(Native Method), sun.reflect.NativeMethodAccessorImpl.invoke(NativeMethodAccessorImpl.java:62), sun.reflect.DelegatingMethodAccessorImpl.invoke(DelegatingMethodAccessorImpl.java:43), java.lang.reflect.Method.invoke(Method.java:498), org.junit.runners.model.FrameworkMethod$1.runReflectiveCall(FrameworkMethod.java:47), org.junit.internal.runners.model.ReflectiveCallable.run(ReflectiveCallable.java:12), org.junit.runners.model.FrameworkMethod.invokeExplosively(FrameworkMethod.java:44), org.junit.internal.runners.statements.InvokeMethod.evaluate(InvokeMethod.java:17), org.junit.internal.runners.statements.RunBefores.evaluate(RunBefores.java:26), org.junit.runners.ParentRunner.runLeaf(ParentRunner.java:271), org.junit.runners.BlockJUnit4ClassRunner.runChild(BlockJUnit4ClassRunner.java:70), org.junit.runners.BlockJUnit4ClassRunner.runChild(BlockJUnit4ClassRunner.java:50), org.junit.runners.ParentRunner$3.run(ParentRunner.java:238), java.util.concurrent.Executors$RunnableAdapter.call(Executors.java:511), java.util.concurrent.FutureTask.run(FutureTask.java:266), java.util.concurrent.ThreadPoolExecutor.runWorker(ThreadPoolExecutor.java:1149), java.util.concurrent.ThreadPoolExecutor$Worker.run(ThreadPoolExecutor.java:624), java.lang.Thread.run(Thread.java:750)]
The superclass of com.google.common.reflect.TypeCapture does not have an accessible no-arg constructor.
[Siesta] Specification Collection_StandardConstructors has been violated on line [com.google.common.collect.EmptyImmutableSet.<clinit>(EmptyImmutableSet.java:33), com.google.common.collect.ImmutableSet.of(ImmutableSet.java:84), com.google.common.collect.EmptyImmutableBiMap.entrySet(EmptyImmutableBiMap.java:56), com.google.common.collect.EmptyImmutableBiMap.entrySet(EmptyImmutableBiMap.java:28), com.google.common.collect.ImmutableMap$Builder.putAll(ImmutableMap.java:218), com.google.common.reflect.TypeResolver.where(TypeResolver.java:96), com.google.common.reflect.TypeResolver.accordingTo(TypeResolver.java:65), com.google.common.reflect.TypeToken.resolveType(TypeToken.java:266), com.google.common.reflect.TypeToken.isAssignableToParameterizedType(TypeToken.java:778), com.google.common.reflect.TypeToken.isAssignable(TypeToken.java:719), com.google.common.reflect.TypeToken.isAssignableFrom(TypeToken.java:436), com.google.common.reflect.TypeToken.isAssignableFrom(TypeToken.java:431), com.codahale.og.BindingKey.isAssignableFrom(BindingKey.java:42), com.codahale.og.ObjectGraph.get(ObjectGraph.java:115), com.codahale.og.tests.ObjectGraphTest.checksTheNameOfSuperclassTypes(ObjectGraphTest.java:231), sun.reflect.NativeMethodAccessorImpl.invoke0(Native Method), sun.reflect.NativeMethodAccessorImpl.invoke(NativeMethodAccessorImpl.java:62), sun.reflect.DelegatingMethodAccessorImpl.invoke(DelegatingMethodAccessorImpl.java:43), java.lang.reflect.Method.invoke(Method.java:498), org.junit.runners.model.FrameworkMethod$1.runReflectiveCall(FrameworkMethod.java:47), org.junit.internal.runners.model.ReflectiveCallable.run(ReflectiveCallable.java:12), org.junit.runners.model.FrameworkMethod.invokeExplosively(FrameworkMethod.java:44), org.junit.internal.runners.statements.InvokeMethod.evaluate(InvokeMethod.java:17), org.junit.internal.runners.statements.RunBefores.evaluate(RunBefores.java:26), org.junit.runners.ParentRunner.runLeaf(ParentRunner.java:271), org.junit.runners.BlockJUnit4ClassRunner.runChild(BlockJUnit4ClassRunner.java:70), org.junit.runners.BlockJUnit4ClassRunner.runChild(BlockJUnit4ClassRunner.java:50), org.junit.runners.ParentRunner$3.run(ParentRunner.java:238), java.util.concurrent.Executors$RunnableAdapter.call(Executors.java:511), java.util.concurrent.FutureTask.run(FutureTask.java:266), java.util.concurrent.ThreadPoolExecutor.runWorker(ThreadPoolExecutor.java:1149), java.util.concurrent.ThreadPoolExecutor$Worker.run(ThreadPoolExecutor.java:624), java.lang.Thread.run(Thread.java:750)]
com.google.common.collect.EmptyImmutableSet does not define the 'standard' constructors.
[Siesta] Specification Collection_StandardConstructors has been violated on line [com.google.common.collect.ImmutableMapEntrySet.<clinit>(ImmutableMapEntrySet.java:1), com.google.common.collect.RegularImmutableMap.createEntrySet(RegularImmutableMap.java:170), com.google.common.collect.ImmutableMap.entrySet(ImmutableMap.java:385), com.google.common.collect.ImmutableMap.entrySet(ImmutableMap.java:61), com.google.common.reflect.TypeResolver.where(TypeResolver.java:97), com.google.common.reflect.TypeResolver.accordingTo(TypeResolver.java:65), com.google.common.reflect.TypeToken.resolveType(TypeToken.java:266), com.google.common.reflect.TypeToken.isAssignableToParameterizedType(TypeToken.java:778), com.google.common.reflect.TypeToken.isAssignable(TypeToken.java:719), com.google.common.reflect.TypeToken.isAssignableFrom(TypeToken.java:436), com.google.common.reflect.TypeToken.isAssignableFrom(TypeToken.java:431), com.codahale.og.BindingKey.isAssignableFrom(BindingKey.java:42), com.codahale.og.ObjectGraph.get(ObjectGraph.java:115), com.codahale.og.tests.ObjectGraphTest.checksTheNameOfSuperclassTypes(ObjectGraphTest.java:231), sun.reflect.NativeMethodAccessorImpl.invoke0(Native Method), sun.reflect.NativeMethodAccessorImpl.invoke(NativeMethodAccessorImpl.java:62), sun.reflect.DelegatingMethodAccessorImpl.invoke(DelegatingMethodAccessorImpl.java:43), java.lang.reflect.Method.invoke(Method.java:498), org.junit.runners.model.FrameworkMethod$1.runReflectiveCall(FrameworkMethod.java:47), org.junit.internal.runners.model.ReflectiveCallable.run(ReflectiveCallable.java:12), org.junit.runners.model.FrameworkMethod.invokeExplosively(FrameworkMethod.java:44), org.junit.internal.runners.statements.InvokeMethod.evaluate(InvokeMethod.java:17), org.junit.internal.runners.statements.RunBefores.evaluate(RunBefores.java:26), org.junit.runners.ParentRunner.runLeaf(ParentRunner.java:271), org.junit.runners.BlockJUnit4ClassRunner.runChild(BlockJUnit4ClassRunner.java:70), org.junit.runners.BlockJUnit4ClassRunner.runChild(BlockJUnit4ClassRunner.java:50), org.junit.runners.ParentRunner$3.run(ParentRunner.java:238), java.util.concurrent.Executors$RunnableAdapter.call(Executors.java:511), java.util.concurrent.FutureTask.run(FutureTask.java:266), java.util.concurrent.ThreadPoolExecutor.runWorker(ThreadPoolExecutor.java:1149), java.util.concurrent.ThreadPoolExecutor$Worker.run(ThreadPoolExecutor.java:624), java.lang.Thread.run(Thread.java:750)]
com.google.common.collect.ImmutableMapEntrySet does not define the 'standard' constructors.
[Siesta] Specification Collection_StandardConstructors has been violated on line [com.google.common.collect.RegularImmutableMap$EntrySet.<clinit>(RegularImmutableMap.java:1), com.google.common.collect.RegularImmutableMap.createEntrySet(RegularImmutableMap.java:170), com.google.common.collect.ImmutableMap.entrySet(ImmutableMap.java:385), com.google.common.collect.ImmutableMap.entrySet(ImmutableMap.java:61), com.google.common.reflect.TypeResolver.where(TypeResolver.java:97), com.google.common.reflect.TypeResolver.accordingTo(TypeResolver.java:65), com.google.common.reflect.TypeToken.resolveType(TypeToken.java:266), com.google.common.reflect.TypeToken.isAssignableToParameterizedType(TypeToken.java:778), com.google.common.reflect.TypeToken.isAssignable(TypeToken.java:719), com.google.common.reflect.TypeToken.isAssignableFrom(TypeToken.java:436), com.google.common.reflect.TypeToken.isAssignableFrom(TypeToken.java:431), com.codahale.og.BindingKey.isAssignableFrom(BindingKey.java:42), com.codahale.og.ObjectGraph.get(ObjectGraph.java:115), com.codahale.og.tests.ObjectGraphTest.checksTheNameOfSuperclassTypes(ObjectGraphTest.java:231), sun.reflect.NativeMethodAccessorImpl.invoke0(Native Method), sun.reflect.NativeMethodAccessorImpl.invoke(NativeMethodAccessorImpl.java:62), sun.reflect.DelegatingMethodAccessorImpl.invoke(DelegatingMethodAccessorImpl.java:43), java.lang.reflect.Method.invoke(Method.java:498), org.junit.runners.model.FrameworkMethod$1.runReflectiveCall(FrameworkMethod.java:47), org.junit.internal.runners.model.ReflectiveCallable.run(ReflectiveCallable.java:12), org.junit.runners.model.FrameworkMethod.invokeExplosively(FrameworkMethod.java:44), org.junit.internal.runners.statements.InvokeMethod.evaluate(InvokeMethod.java:17), org.junit.internal.runners.statements.RunBefores.evaluate(RunBefores.java:26), org.junit.runners.ParentRunner.runLeaf(ParentRunner.java:271), org.junit.runners.BlockJUnit4ClassRunner.runChild(BlockJUnit4ClassRunner.java:70), org.junit.runners.BlockJUnit4ClassRunner.runChild(BlockJUnit4ClassRunner.java:50), org.junit.runners.ParentRunner$3.run(ParentRunner.java:238), java.util.concurrent.Executors$RunnableAdapter.call(Executors.java:511), java.util.concurrent.FutureTask.run(FutureTask.java:266), java.util.concurrent.ThreadPoolExecutor.runWorker(ThreadPoolExecutor.java:1149), java.util.concurrent.ThreadPoolExecutor$Worker.run(ThreadPoolExecutor.java:624), java.lang.Thread.run(Thread.java:750)]
com.google.common.collect.RegularImmutableMap$EntrySet does not define the 'standard' constructors.
[Siesta] Specification Collection_StandardConstructors has been violated on line [com.google.common.collect.ImmutableAsList.<clinit>(ImmutableAsList.java:1), com.google.common.collect.RegularImmutableMap$EntrySet.createAsList(RegularImmutableMap.java:186), com.google.common.collect.ImmutableCollection.asList(ImmutableCollection.java:170), com.google.common.collect.RegularImmutableMap$EntrySet.iterator(RegularImmutableMap.java:181), com.google.common.collect.RegularImmutableMap$EntrySet.iterator(RegularImmutableMap.java:173), com.google.common.reflect.TypeResolver.where(TypeResolver.java:97), com.google.common.reflect.TypeResolver.accordingTo(TypeResolver.java:65), com.google.common.reflect.TypeToken.resolveType(TypeToken.java:266), com.google.common.reflect.TypeToken.isAssignableToParameterizedType(TypeToken.java:778), com.google.common.reflect.TypeToken.isAssignable(TypeToken.java:719), com.google.common.reflect.TypeToken.isAssignableFrom(TypeToken.java:436), com.google.common.reflect.TypeToken.isAssignableFrom(TypeToken.java:431), com.codahale.og.BindingKey.isAssignableFrom(BindingKey.java:42), com.codahale.og.ObjectGraph.get(ObjectGraph.java:115), com.codahale.og.tests.ObjectGraphTest.checksTheNameOfSuperclassTypes(ObjectGraphTest.java:231), sun.reflect.NativeMethodAccessorImpl.invoke0(Native Method), sun.reflect.NativeMethodAccessorImpl.invoke(NativeMethodAccessorImpl.java:62), sun.reflect.DelegatingMethodAccessorImpl.invoke(DelegatingMethodAccessorImpl.java:43), java.lang.reflect.Method.invoke(Method.java:498), org.junit.runners.model.FrameworkMethod$1.runReflectiveCall(FrameworkMethod.java:47), org.junit.internal.runners.model.ReflectiveCallable.run(ReflectiveCallable.java:12), org.junit.runners.model.FrameworkMethod.invokeExplosively(FrameworkMethod.java:44), org.junit.internal.runners.statements.InvokeMethod.evaluate(InvokeMethod.java:17), org.junit.internal.runners.statements.RunBefores.evaluate(RunBefores.java:26), org.junit.runners.ParentRunner.runLeaf(ParentRunner.java:271), org.junit.runners.BlockJUnit4ClassRunner.runChild(BlockJUnit4ClassRunner.java:70), org.junit.runners.BlockJUnit4ClassRunner.runChild(BlockJUnit4ClassRunner.java:50), org.junit.runners.ParentRunner$3.run(ParentRunner.java:238), java.util.concurrent.Executors$RunnableAdapter.call(Executors.java:511), java.util.concurrent.FutureTask.run(FutureTask.java:266), java.util.concurrent.ThreadPoolExecutor.runWorker(ThreadPoolExecutor.java:1149), java.util.concurrent.ThreadPoolExecutor$Worker.run(ThreadPoolExecutor.java:624), java.lang.Thread.run(Thread.java:750)]
com.google.common.collect.ImmutableAsList does not define the 'standard' constructors.
[Siesta] Specification Collection_StandardConstructors has been violated on line [com.google.common.collect.RegularImmutableAsList.<clinit>(RegularImmutableAsList.java:1), com.google.common.collect.RegularImmutableMap$EntrySet.createAsList(RegularImmutableMap.java:186), com.google.common.collect.ImmutableCollection.asList(ImmutableCollection.java:170), com.google.common.collect.RegularImmutableMap$EntrySet.iterator(RegularImmutableMap.java:181), com.google.common.collect.RegularImmutableMap$EntrySet.iterator(RegularImmutableMap.java:173), com.google.common.reflect.TypeResolver.where(TypeResolver.java:97), com.google.common.reflect.TypeResolver.accordingTo(TypeResolver.java:65), com.google.common.reflect.TypeToken.resolveType(TypeToken.java:266), com.google.common.reflect.TypeToken.isAssignableToParameterizedType(TypeToken.java:778), com.google.common.reflect.TypeToken.isAssignable(TypeToken.java:719), com.google.common.reflect.TypeToken.isAssignableFrom(TypeToken.java:436), com.google.common.reflect.TypeToken.isAssignableFrom(TypeToken.java:431), com.codahale.og.BindingKey.isAssignableFrom(BindingKey.java:42), com.codahale.og.ObjectGraph.get(ObjectGraph.java:115), com.codahale.og.tests.ObjectGraphTest.checksTheNameOfSuperclassTypes(ObjectGraphTest.java:231), sun.reflect.NativeMethodAccessorImpl.invoke0(Native Method), sun.reflect.NativeMethodAccessorImpl.invoke(NativeMethodAccessorImpl.java:62), sun.reflect.DelegatingMethodAccessorImpl.invoke(DelegatingMethodAccessorImpl.java:43), java.lang.reflect.Method.invoke(Method.java:498), org.junit.runners.model.FrameworkMethod$1.runReflectiveCall(FrameworkMethod.java:47), org.junit.internal.runners.model.ReflectiveCallable.run(ReflectiveCallable.java:12), org.junit.runners.model.FrameworkMethod.invokeExplosively(FrameworkMethod.java:44), org.junit.internal.runners.statements.InvokeMethod.evaluate(InvokeMethod.java:17), org.junit.internal.runners.statements.RunBefores.evaluate(RunBefores.java:26), org.junit.runners.ParentRunner.runLeaf(ParentRunner.java:271), org.junit.runners.BlockJUnit4ClassRunner.runChild(BlockJUnit4ClassRunner.java:70), org.junit.runners.BlockJUnit4ClassRunner.runChild(BlockJUnit4ClassRunner.java:50), org.junit.runners.ParentRunner$3.run(ParentRunner.java:238), java.util.concurrent.Executors$RunnableAdapter.call(Executors.java:511), java.util.concurrent.FutureTask.run(FutureTask.java:266), java.util.concurrent.ThreadPoolExecutor.runWorker(ThreadPoolExecutor.java:1149), java.util.concurrent.ThreadPoolExecutor$Worker.run(ThreadPoolExecutor.java:624), java.lang.Thread.run(Thread.java:750)]
com.google.common.collect.RegularImmutableAsList does not define the 'standard' constructors.
[Siesta] Specification CollectionHashCode has been violated on line [com.google.common.collect.RegularImmutableList.<clinit>(RegularImmutableList.java:1), com.google.common.collect.ImmutableList.construct(ImmutableList.java:322), com.google.common.collect.ImmutableList.asImmutableList(ImmutableList.java:308), com.google.common.collect.RegularImmutableAsList.<init>(RegularImmutableAsList.java:39), com.google.common.collect.RegularImmutableMap$EntrySet.createAsList(RegularImmutableMap.java:186), com.google.common.collect.ImmutableCollection.asList(ImmutableCollection.java:170), com.google.common.collect.RegularImmutableMap$EntrySet.iterator(RegularImmutableMap.java:181), com.google.common.collect.RegularImmutableMap$EntrySet.iterator(RegularImmutableMap.java:173), com.google.common.reflect.TypeResolver.where(TypeResolver.java:97), com.google.common.reflect.TypeResolver.accordingTo(TypeResolver.java:65), com.google.common.reflect.TypeToken.resolveType(TypeToken.java:266), com.google.common.reflect.TypeToken.isAssignableToParameterizedType(TypeToken.java:778), com.google.common.reflect.TypeToken.isAssignable(TypeToken.java:719), com.google.common.reflect.TypeToken.isAssignableFrom(TypeToken.java:436), com.google.common.reflect.TypeToken.isAssignableFrom(TypeToken.java:431), com.codahale.og.BindingKey.isAssignableFrom(BindingKey.java:42), com.codahale.og.ObjectGraph.get(ObjectGraph.java:115), com.codahale.og.tests.ObjectGraphTest.checksTheNameOfSuperclassTypes(ObjectGraphTest.java:231), sun.reflect.NativeMethodAccessorImpl.invoke0(Native Method), sun.reflect.NativeMethodAccessorImpl.invoke(NativeMethodAccessorImpl.java:62), sun.reflect.DelegatingMethodAccessorImpl.invoke(DelegatingMethodAccessorImpl.java:43), java.lang.reflect.Method.invoke(Method.java:498), org.junit.runners.model.FrameworkMethod$1.runReflectiveCall(FrameworkMethod.java:47), org.junit.internal.runners.model.ReflectiveCallable.run(ReflectiveCallable.java:12), org.junit.runners.model.FrameworkMethod.invokeExplosively(FrameworkMethod.java:44), org.junit.internal.runners.statements.InvokeMethod.evaluate(InvokeMethod.java:17), org.junit.internal.runners.statements.RunBefores.evaluate(RunBefores.java:26), org.junit.runners.ParentRunner.runLeaf(ParentRunner.java:271), org.junit.runners.BlockJUnit4ClassRunner.runChild(BlockJUnit4ClassRunner.java:70), org.junit.runners.BlockJUnit4ClassRunner.runChild(BlockJUnit4ClassRunner.java:50), org.junit.runners.ParentRunner$3.run(ParentRunner.java:238), java.util.concurrent.Executors$RunnableAdapter.call(Executors.java:511), java.util.concurrent.FutureTask.run(FutureTask.java:266), java.util.concurrent.ThreadPoolExecutor.runWorker(ThreadPoolExecutor.java:1149), java.util.concurrent.ThreadPoolExecutor$Worker.run(ThreadPoolExecutor.java:624), java.lang.Thread.run(Thread.java:750)]
com.google.common.collect.RegularImmutableList overrides equals() but does not override hashCode().
[Siesta] Specification Collection_StandardConstructors has been violated on line [com.google.common.collect.RegularImmutableList.<clinit>(RegularImmutableList.java:1), com.google.common.collect.ImmutableList.construct(ImmutableList.java:322), com.google.common.collect.ImmutableList.asImmutableList(ImmutableList.java:308), com.google.common.collect.RegularImmutableAsList.<init>(RegularImmutableAsList.java:39), com.google.common.collect.RegularImmutableMap$EntrySet.createAsList(RegularImmutableMap.java:186), com.google.common.collect.ImmutableCollection.asList(ImmutableCollection.java:170), com.google.common.collect.RegularImmutableMap$EntrySet.iterator(RegularImmutableMap.java:181), com.google.common.collect.RegularImmutableMap$EntrySet.iterator(RegularImmutableMap.java:173), com.google.common.reflect.TypeResolver.where(TypeResolver.java:97), com.google.common.reflect.TypeResolver.accordingTo(TypeResolver.java:65), com.google.common.reflect.TypeToken.resolveType(TypeToken.java:266), com.google.common.reflect.TypeToken.isAssignableToParameterizedType(TypeToken.java:778), com.google.common.reflect.TypeToken.isAssignable(TypeToken.java:719), com.google.common.reflect.TypeToken.isAssignableFrom(TypeToken.java:436), com.google.common.reflect.TypeToken.isAssignableFrom(TypeToken.java:431), com.codahale.og.BindingKey.isAssignableFrom(BindingKey.java:42), com.codahale.og.ObjectGraph.get(ObjectGraph.java:115), com.codahale.og.tests.ObjectGraphTest.checksTheNameOfSuperclassTypes(ObjectGraphTest.java:231), sun.reflect.NativeMethodAccessorImpl.invoke0(Native Method), sun.reflect.NativeMethodAccessorImpl.invoke(NativeMethodAccessorImpl.java:62), sun.reflect.DelegatingMethodAccessorImpl.invoke(DelegatingMethodAccessorImpl.java:43), java.lang.reflect.Method.invoke(Method.java:498), org.junit.runners.model.FrameworkMethod$1.runReflectiveCall(FrameworkMethod.java:47), org.junit.internal.runners.model.ReflectiveCallable.run(ReflectiveCallable.java:12), org.junit.runners.model.FrameworkMethod.invokeExplosively(FrameworkMethod.java:44), org.junit.internal.runners.statements.InvokeMethod.evaluate(InvokeMethod.java:17), org.junit.internal.runners.statements.RunBefores.evaluate(RunBefores.java:26), org.junit.runners.ParentRunner.runLeaf(ParentRunner.java:271), org.junit.runners.BlockJUnit4ClassRunner.runChild(BlockJUnit4ClassRunner.java:70), org.junit.runners.BlockJUnit4ClassRunner.runChild(BlockJUnit4ClassRunner.java:50), org.junit.runners.ParentRunner$3.run(ParentRunner.java:238), java.util.concurrent.Executors$RunnableAdapter.call(Executors.java:511), java.util.concurrent.FutureTask.run(FutureTask.java:266), java.util.concurrent.ThreadPoolExecutor.runWorker(ThreadPoolExecutor.java:1149), java.util.concurrent.ThreadPoolExecutor$Worker.run(ThreadPoolExecutor.java:624), java.lang.Thread.run(Thread.java:750)]
com.google.common.collect.RegularImmutableList does not define the 'standard' constructors.
[Siesta] Specification Collection_StandardConstructors has been violated on line [com.google.common.collect.ImmutableCollection.<clinit>(ImmutableCollection.java:45), com.google.common.reflect.TypeToken.getRawTypes(TypeToken.java:876), com.google.common.reflect.TypeToken.getRawType(TypeToken.java:867), com.google.common.reflect.TypeToken.isAssignableToClass(TypeToken.java:737), com.google.common.reflect.TypeToken.isAssignable(TypeToken.java:717), com.google.common.reflect.TypeToken.isAssignableFrom(TypeToken.java:436), com.google.common.reflect.TypeToken.isAssignableFrom(TypeToken.java:431), com.codahale.og.BindingKey.isAssignableFrom(BindingKey.java:42), com.codahale.og.ObjectGraph.get(ObjectGraph.java:115), com.codahale.og.ObjectGraph.get(ObjectGraph.java:165), com.codahale.og.ObjectGraph.get(ObjectGraph.java:151), com.codahale.og.tests.ObjectGraphTest.throwsADependencyExceptionForUnprovidableTypes(ObjectGraphTest.java:188), sun.reflect.NativeMethodAccessorImpl.invoke0(Native Method), sun.reflect.NativeMethodAccessorImpl.invoke(NativeMethodAccessorImpl.java:62), sun.reflect.DelegatingMethodAccessorImpl.invoke(DelegatingMethodAccessorImpl.java:43), java.lang.reflect.Method.invoke(Method.java:498), org.junit.runners.model.FrameworkMethod$1.runReflectiveCall(FrameworkMethod.java:47), org.junit.internal.runners.model.ReflectiveCallable.run(ReflectiveCallable.java:12), org.junit.runners.model.FrameworkMethod.invokeExplosively(FrameworkMethod.java:44), org.junit.internal.runners.statements.InvokeMethod.evaluate(InvokeMethod.java:17), org.junit.internal.runners.statements.RunBefores.evaluate(RunBefores.java:26), org.junit.runners.ParentRunner.runLeaf(ParentRunner.java:271), org.junit.runners.BlockJUnit4ClassRunner.runChild(BlockJUnit4ClassRunner.java:70), org.junit.runners.BlockJUnit4ClassRunner.runChild(BlockJUnit4ClassRunner.java:50), org.junit.runners.ParentRunner$3.run(ParentRunner.java:238), java.util.concurrent.Executors$RunnableAdapter.call(Executors.java:511), java.util.concurrent.FutureTask.run(FutureTask.java:266), java.util.concurrent.ThreadPoolExecutor.runWorker(ThreadPoolExecutor.java:1149), java.util.concurrent.ThreadPoolExecutor$Worker.run(ThreadPoolExecutor.java:624), java.lang.Thread.run(Thread.java:750)]
com.google.common.collect.ImmutableCollection does not define the 'standard' constructors.
[Siesta] Specification Collection_StandardConstructors has been violated on line [com.google.common.collect.ImmutableSet.<clinit>(ImmutableSet.java:236), com.google.common.reflect.TypeToken.getRawTypes(TypeToken.java:876), com.google.common.reflect.TypeToken.getRawType(TypeToken.java:867), com.google.common.reflect.TypeToken.isAssignableToClass(TypeToken.java:737), com.google.common.reflect.TypeToken.isAssignable(TypeToken.java:717), com.google.common.reflect.TypeToken.isAssignableFrom(TypeToken.java:436), com.google.common.reflect.TypeToken.isAssignableFrom(TypeToken.java:431), com.codahale.og.BindingKey.isAssignableFrom(BindingKey.java:42), com.codahale.og.ObjectGraph.get(ObjectGraph.java:115), com.codahale.og.ObjectGraph.get(ObjectGraph.java:165), com.codahale.og.ObjectGraph.get(ObjectGraph.java:151), com.codahale.og.tests.ObjectGraphTest.throwsADependencyExceptionForUnprovidableTypes(ObjectGraphTest.java:188), sun.reflect.NativeMethodAccessorImpl.invoke0(Native Method), sun.reflect.NativeMethodAccessorImpl.invoke(NativeMethodAccessorImpl.java:62), sun.reflect.DelegatingMethodAccessorImpl.invoke(DelegatingMethodAccessorImpl.java:43), java.lang.reflect.Method.invoke(Method.java:498), org.junit.runners.model.FrameworkMethod$1.runReflectiveCall(FrameworkMethod.java:47), org.junit.internal.runners.model.ReflectiveCallable.run(ReflectiveCallable.java:12), org.junit.runners.model.FrameworkMethod.invokeExplosively(FrameworkMethod.java:44), org.junit.internal.runners.statements.InvokeMethod.evaluate(InvokeMethod.java:17), org.junit.internal.runners.statements.RunBefores.evaluate(RunBefores.java:26), org.junit.runners.ParentRunner.runLeaf(ParentRunner.java:271), org.junit.runners.BlockJUnit4ClassRunner.runChild(BlockJUnit4ClassRunner.java:70), org.junit.runners.BlockJUnit4ClassRunner.runChild(BlockJUnit4ClassRunner.java:50), org.junit.runners.ParentRunner$3.run(ParentRunner.java:238), java.util.concurrent.Executors$RunnableAdapter.call(Executors.java:511), java.util.concurrent.FutureTask.run(FutureTask.java:266), java.util.concurrent.ThreadPoolExecutor.runWorker(ThreadPoolExecutor.java:1149), java.util.concurrent.ThreadPoolExecutor$Worker.run(ThreadPoolExecutor.java:624), java.lang.Thread.run(Thread.java:750)]
com.google.common.collect.ImmutableSet does not define the 'standard' constructors.
[Siesta] Specification Collection_StandardConstructors has been violated on line [com.google.common.collect.SingletonImmutableSet.<clinit>(SingletonImmutableSet.java:1), com.google.common.collect.ImmutableSet.of(ImmutableSet.java:94), com.google.common.reflect.TypeToken.getRawTypes(TypeToken.java:876), com.google.common.reflect.TypeToken.getRawType(TypeToken.java:867), com.google.common.reflect.TypeToken.isAssignableToClass(TypeToken.java:737), com.google.common.reflect.TypeToken.isAssignable(TypeToken.java:717), com.google.common.reflect.TypeToken.isAssignableFrom(TypeToken.java:436), com.google.common.reflect.TypeToken.isAssignableFrom(TypeToken.java:431), com.codahale.og.BindingKey.isAssignableFrom(BindingKey.java:42), com.codahale.og.ObjectGraph.get(ObjectGraph.java:115), com.codahale.og.ObjectGraph.get(ObjectGraph.java:165), com.codahale.og.tests.ObjectGraphTest.throwsADependencyExceptionForUnprovidableNamedTypes(ObjectGraphTest.java:199), sun.reflect.NativeMethodAccessorImpl.invoke0(Native Method), sun.reflect.NativeMethodAccessorImpl.invoke(NativeMethodAccessorImpl.java:62), sun.reflect.DelegatingMethodAccessorImpl.invoke(DelegatingMethodAccessorImpl.java:43), java.lang.reflect.Method.invoke(Method.java:498), org.junit.runners.model.FrameworkMethod$1.runReflectiveCall(FrameworkMethod.java:47), org.junit.internal.runners.model.ReflectiveCallable.run(ReflectiveCallable.java:12), org.junit.runners.model.FrameworkMethod.invokeExplosively(FrameworkMethod.java:44), org.junit.internal.runners.statements.InvokeMethod.evaluate(InvokeMethod.java:17), org.junit.internal.runners.statements.RunBefores.evaluate(RunBefores.java:26), org.junit.runners.ParentRunner.runLeaf(ParentRunner.java:271), org.junit.runners.BlockJUnit4ClassRunner.runChild(BlockJUnit4ClassRunner.java:70), org.junit.runners.BlockJUnit4ClassRunner.runChild(BlockJUnit4ClassRunner.java:50), org.junit.runners.ParentRunner$3.run(ParentRunner.java:238), java.util.concurrent.Executors$RunnableAdapter.call(Executors.java:511), java.util.concurrent.FutureTask.run(FutureTask.java:266), java.util.concurrent.ThreadPoolExecutor.runWorker(ThreadPoolExecutor.java:1149), java.util.concurrent.ThreadPoolExecutor$Worker.run(ThreadPoolExecutor.java:624), java.lang.Thread.run(Thread.java:750)]
com.google.common.collect.SingletonImmutableSet does not define the 'standard' constructors.
[Siesta] Specification Collection_StandardConstructors has been violated on line [com.google.common.collect.EmptyImmutableList.<clinit>(EmptyImmutableList.java:37), com.google.common.collect.ImmutableList.of(ImmutableList.java:74), com.codahale.og.tests.ObjectGraphTest$ListModule.getList(ObjectGraphTest.java:30), sun.reflect.NativeMethodAccessorImpl.invoke0(Native Method), sun.reflect.NativeMethodAccessorImpl.invoke(NativeMethodAccessorImpl.java:62), sun.reflect.DelegatingMethodAccessorImpl.invoke(DelegatingMethodAccessorImpl.java:43), java.lang.reflect.Method.invoke(Method.java:498), com.codahale.og.ObjectGraph.get(ObjectGraph.java:177), com.codahale.og.ObjectGraph.get(ObjectGraph.java:106), com.codahale.og.ObjectGraph.preload(ObjectGraph.java:77), com.codahale.og.tests.ObjectGraphTest.preloadsSingletons(ObjectGraphTest.java:247), sun.reflect.NativeMethodAccessorImpl.invoke0(Native Method), sun.reflect.NativeMethodAccessorImpl.invoke(NativeMethodAccessorImpl.java:62), sun.reflect.DelegatingMethodAccessorImpl.invoke(DelegatingMethodAccessorImpl.java:43), java.lang.reflect.Method.invoke(Method.java:498), org.junit.runners.model.FrameworkMethod$1.runReflectiveCall(FrameworkMethod.java:47), org.junit.internal.runners.model.ReflectiveCallable.run(ReflectiveCallable.java:12), org.junit.runners.model.FrameworkMethod.invokeExplosively(FrameworkMethod.java:44), org.junit.internal.runners.statements.InvokeMethod.evaluate(InvokeMethod.java:17), org.junit.internal.runners.statements.RunBefores.evaluate(RunBefores.java:26), org.junit.runners.ParentRunner.runLeaf(ParentRunner.java:271), org.junit.runners.BlockJUnit4ClassRunner.runChild(BlockJUnit4ClassRunner.java:70), org.junit.runners.BlockJUnit4ClassRunner.runChild(BlockJUnit4ClassRunner.java:50), org.junit.runners.ParentRunner$3.run(ParentRunner.java:238), java.util.concurrent.Executors$RunnableAdapter.call(Executors.java:511), java.util.concurrent.FutureTask.run(FutureTask.java:266), java.util.concurrent.ThreadPoolExecutor.runWorker(ThreadPoolExecutor.java:1149), java.util.concurrent.ThreadPoolExecutor$Worker.run(ThreadPoolExecutor.java:624), java.lang.Thread.run(Thread.java:750)]
com.google.common.collect.EmptyImmutableList does not define the 'standard' constructors.
[Siesta] Specification Serializable_NoArgConstructor has been violated on line [com.codahale.og.tests.ObjectGraphTest$6.<clinit>(ObjectGraphTest.java:1), com.codahale.og.tests.ObjectGraphTest.providesGenericTypesDependentOnProvidedTypes(ObjectGraphTest.java:175), sun.reflect.NativeMethodAccessorImpl.invoke0(Native Method), sun.reflect.NativeMethodAccessorImpl.invoke(NativeMethodAccessorImpl.java:62), sun.reflect.DelegatingMethodAccessorImpl.invoke(DelegatingMethodAccessorImpl.java:43), java.lang.reflect.Method.invoke(Method.java:498), org.junit.runners.model.FrameworkMethod$1.runReflectiveCall(FrameworkMethod.java:47), org.junit.internal.runners.model.ReflectiveCallable.run(ReflectiveCallable.java:12), org.junit.runners.model.FrameworkMethod.invokeExplosively(FrameworkMethod.java:44), org.junit.internal.runners.statements.InvokeMethod.evaluate(InvokeMethod.java:17), org.junit.internal.runners.statements.RunBefores.evaluate(RunBefores.java:26), org.junit.runners.ParentRunner.runLeaf(ParentRunner.java:271), org.junit.runners.BlockJUnit4ClassRunner.runChild(BlockJUnit4ClassRunner.java:70), org.junit.runners.BlockJUnit4ClassRunner.runChild(BlockJUnit4ClassRunner.java:50), org.junit.runners.ParentRunner$3.run(ParentRunner.java:238), java.util.concurrent.Executors$RunnableAdapter.call(Executors.java:511), java.util.concurrent.FutureTask.run(FutureTask.java:266), java.util.concurrent.ThreadPoolExecutor.runWorker(ThreadPoolExecutor.java:1149), java.util.concurrent.ThreadPoolExecutor$Worker.run(ThreadPoolExecutor.java:624), java.lang.Thread.run(Thread.java:750)]
The superclass of com.google.common.reflect.TypeCapture does not have an accessible no-arg constructor.
[Siesta] Specification Collection_StandardConstructors has been violated on line [com.google.common.collect.ImmutableList.<clinit>(ImmutableList.java:1), com.codahale.og.tests.ObjectGraphTest$ListModule.getList(ObjectGraphTest.java:23), sun.reflect.NativeMethodAccessorImpl.invoke0(Native Method), sun.reflect.NativeMethodAccessorImpl.invoke(NativeMethodAccessorImpl.java:62), sun.reflect.DelegatingMethodAccessorImpl.invoke(DelegatingMethodAccessorImpl.java:43), java.lang.reflect.Method.invoke(Method.java:498), com.codahale.og.ObjectGraph.get(ObjectGraph.java:177), com.codahale.og.ObjectGraph.get(ObjectGraph.java:106), com.codahale.og.ObjectGraph.get(ObjectGraph.java:174), com.codahale.og.ObjectGraph.get(ObjectGraph.java:106), com.codahale.og.ObjectGraph.get(ObjectGraph.java:139), com.codahale.og.tests.ObjectGraphTest.providesGenericTypesDependentOnProvidedTypes(ObjectGraphTest.java:175), sun.reflect.NativeMethodAccessorImpl.invoke0(Native Method), sun.reflect.NativeMethodAccessorImpl.invoke(NativeMethodAccessorImpl.java:62), sun.reflect.DelegatingMethodAccessorImpl.invoke(DelegatingMethodAccessorImpl.java:43), java.lang.reflect.Method.invoke(Method.java:498), org.junit.runners.model.FrameworkMethod$1.runReflectiveCall(FrameworkMethod.java:47), org.junit.internal.runners.model.ReflectiveCallable.run(ReflectiveCallable.java:12), org.junit.runners.model.FrameworkMethod.invokeExplosively(FrameworkMethod.java:44), org.junit.internal.runners.statements.InvokeMethod.evaluate(InvokeMethod.java:17), org.junit.internal.runners.statements.RunBefores.evaluate(RunBefores.java:26), org.junit.runners.ParentRunner.runLeaf(ParentRunner.java:271), org.junit.runners.BlockJUnit4ClassRunner.runChild(BlockJUnit4ClassRunner.java:70), org.junit.runners.BlockJUnit4ClassRunner.runChild(BlockJUnit4ClassRunner.java:50), org.junit.runners.ParentRunner$3.run(ParentRunner.java:238), java.util.concurrent.Executors$RunnableAdapter.call(Executors.java:511), java.util.concurrent.FutureTask.run(FutureTask.java:266), java.util.concurrent.ThreadPoolExecutor.runWorker(ThreadPoolExecutor.java:1149), java.util.concurrent.ThreadPoolExecutor$Worker.run(ThreadPoolExecutor.java:624), java.lang.Thread.run(Thread.java:750)]
com.google.common.collect.ImmutableList does not define the 'standard' constructors.
[Siesta] Specification Collection_StandardConstructors has been violated on line [com.google.common.collect.SingletonImmutableList.<clinit>(SingletonImmutableList.java:1), com.google.common.collect.ImmutableList.of(ImmutableList.java:86), com.codahale.og.tests.ObjectGraphTest$ListModule.getList(ObjectGraphTest.java:23), sun.reflect.NativeMethodAccessorImpl.invoke0(Native Method), sun.reflect.NativeMethodAccessorImpl.invoke(NativeMethodAccessorImpl.java:62), sun.reflect.DelegatingMethodAccessorImpl.invoke(DelegatingMethodAccessorImpl.java:43), java.lang.reflect.Method.invoke(Method.java:498), com.codahale.og.ObjectGraph.get(ObjectGraph.java:177), com.codahale.og.ObjectGraph.get(ObjectGraph.java:106), com.codahale.og.ObjectGraph.get(ObjectGraph.java:174), com.codahale.og.ObjectGraph.get(ObjectGraph.java:106), com.codahale.og.ObjectGraph.get(ObjectGraph.java:139), com.codahale.og.tests.ObjectGraphTest.providesGenericTypesDependentOnProvidedTypes(ObjectGraphTest.java:175), sun.reflect.NativeMethodAccessorImpl.invoke0(Native Method), sun.reflect.NativeMethodAccessorImpl.invoke(NativeMethodAccessorImpl.java:62), sun.reflect.DelegatingMethodAccessorImpl.invoke(DelegatingMethodAccessorImpl.java:43), java.lang.reflect.Method.invoke(Method.java:498), org.junit.runners.model.FrameworkMethod$1.runReflectiveCall(FrameworkMethod.java:47), org.junit.internal.runners.model.ReflectiveCallable.run(ReflectiveCallable.java:12), org.junit.runners.model.FrameworkMethod.invokeExplosively(FrameworkMethod.java:44), org.junit.internal.runners.statements.InvokeMethod.evaluate(InvokeMethod.java:17), org.junit.internal.runners.statements.RunBefores.evaluate(RunBefores.java:26), org.junit.runners.ParentRunner.runLeaf(ParentRunner.java:271), org.junit.runners.BlockJUnit4ClassRunner.runChild(BlockJUnit4ClassRunner.java:70), org.junit.runners.BlockJUnit4ClassRunner.runChild(BlockJUnit4ClassRunner.java:50), org.junit.runners.ParentRunner$3.run(ParentRunner.java:238), java.util.concurrent.Executors$RunnableAdapter.call(Executors.java:511), java.util.concurrent.FutureTask.run(FutureTask.java:266), java.util.concurrent.ThreadPoolExecutor.runWorker(ThreadPoolExecutor.java:1149), java.util.concurrent.ThreadPoolExecutor$Worker.run(ThreadPoolExecutor.java:624), java.lang.Thread.run(Thread.java:750)]
com.google.common.collect.SingletonImmutableList does not define the 'standard' constructors.
Tests run: 14, Failures: 0, Errors: 0, Skipped: 0, Time elapsed: 7.734 sec
Running com.codahale.og.RegressionTest0
Tests run: 500, Failures: 0, Errors: 0, Skipped: 0, Time elapsed: 0.072 sec
Running com.codahale.og.RegressionTest1
Tests run: 500, Failures: 0, Errors: 0, Skipped: 0, Time elapsed: 0.061 sec
Running com.codahale.og.RegressionTest2
Tests run: 500, Failures: 0, Errors: 0, Skipped: 0, Time elapsed: 0.052 sec
Running com.codahale.og.RegressionTest3
Tests run: 500, Failures: 0, Errors: 0, Skipped: 0, Time elapsed: 0.077 sec
Running com.codahale.og.RegressionTest4
Tests run: 500, Failures: 0, Errors: 0, Skipped: 0, Time elapsed: 0.033 sec
Running com.codahale.og.RegressionTest5
Tests run: 500, Failures: 0, Errors: 0, Skipped: 0, Time elapsed: 0.027 sec
Running com.codahale.og.RegressionTest6
Tests run: 500, Failures: 0, Errors: 0, Skipped: 0, Time elapsed: 0.033 sec
Running com.codahale.og.RegressionTest7
Tests run: 500, Failures: 0, Errors: 0, Skipped: 0, Time elapsed: 0.027 sec
Running com.codahale.og.RegressionTest8
Tests run: 500, Failures: 0, Errors: 0, Skipped: 0, Time elapsed: 0.031 sec
Running com.codahale.og.RegressionTest9
Tests run: 500, Failures: 0, Errors: 0, Skipped: 0, Time elapsed: 0.028 sec
Running com.codahale.og.RegressionTest10
Tests run: 500, Failures: 0, Errors: 0, Skipped: 0, Time elapsed: 0.033 sec
Running com.codahale.og.RegressionTest11
Tests run: 500, Failures: 0, Errors: 0, Skipped: 0, Time elapsed: 0.047 sec
Running com.codahale.og.RegressionTest12
Tests run: 500, Failures: 0, Errors: 0, Skipped: 0, Time elapsed: 0.031 sec
Running com.codahale.og.RegressionTest13
Tests run: 500, Failures: 0, Errors: 0, Skipped: 0, Time elapsed: 0.049 sec
Running com.codahale.og.RegressionTest14
Tests run: 500, Failures: 0, Errors: 0, Skipped: 0, Time elapsed: 0.046 sec
Running com.codahale.og.RegressionTest15
Tests run: 500, Failures: 0, Errors: 0, Skipped: 0, Time elapsed: 0.098 sec
Running com.codahale.og.RegressionTest16
Tests run: 500, Failures: 0, Errors: 0, Skipped: 0, Time elapsed: 0.087 sec
Running com.codahale.og.RegressionTest17
Tests run: 500, Failures: 0, Errors: 0, Skipped: 0, Time elapsed: 0.061 sec
Running com.codahale.og.RegressionTest18
Tests run: 500, Failures: 0, Errors: 0, Skipped: 0, Time elapsed: 0.032 sec
Running com.codahale.og.RegressionTest19
Tests run: 500, Failures: 0, Errors: 0, Skipped: 0, Time elapsed: 0.034 sec
Running com.codahale.og.RegressionTest20
Tests run: 500, Failures: 0, Errors: 0, Skipped: 0, Time elapsed: 0.039 sec
Running com.codahale.og.RegressionTest21
Tests run: 500, Failures: 0, Errors: 0, Skipped: 0, Time elapsed: 0.033 sec
Running com.codahale.og.RegressionTest22
Tests run: 500, Failures: 0, Errors: 0, Skipped: 0, Time elapsed: 0.03 sec
Running com.codahale.og.RegressionTest23
Tests run: 500, Failures: 0, Errors: 0, Skipped: 0, Time elapsed: 0.021 sec
Running com.codahale.og.RegressionTest24
Tests run: 500, Failures: 0, Errors: 0, Skipped: 0, Time elapsed: 0.032 sec
Running com.codahale.og.RegressionTest25
Tests run: 500, Failures: 0, Errors: 0, Skipped: 0, Time elapsed: 0.022 sec
Running com.codahale.og.RegressionTest26
Tests run: 500, Failures: 0, Errors: 0, Skipped: 0, Time elapsed: 0.023 sec
Running com.codahale.og.RegressionTest27
Tests run: 424, Failures: 0, Errors: 0, Skipped: 0, Time elapsed: 0.017 sec

Results :

Tests run: 13938, Failures: 0, Errors: 0, Skipped: 0

[INFO] ------------------------------------------------------------------------
[INFO] BUILD SUCCESS
[INFO] ------------------------------------------------------------------------
[INFO] Total time:  01:08 min
[INFO] Finished at: 2024-03-23T18:32:24Z
[INFO] ------------------------------------------------------------------------
